2020-07-20 16:42:27,090 - teradata.udaexec - INFO - Initializing UdaExec...
2020-07-20 16:42:27,090 - teradata.udaexec - INFO - Reading config files: ['C:\\etc\\udaexec.ini: Not Found', 'C:\\Users\\vkadimis\\udaexec.ini: Not Found', 'C:\\Users\\vkadimis\\Desktop\\Vamsi Python Scripts\\Find Missing and Present files\\udaexec.ini: Found']
2020-07-20 16:42:27,091 - teradata.udaexec - INFO - Found run number file: "C:\Users\vkadimis\Desktop\Vamsi Python Scripts\Find Missing and Present files\.runNumber"
2020-07-20 16:42:27,091 - teradata.udaexec - INFO - Cleaning up log files older than 90 days.
2020-07-20 16:42:27,093 - teradata.udaexec - INFO - Removed 0 log files.
2020-07-20 16:42:28,502 - teradata.udaexec - INFO - Checkpoint file not found: C:\Users\vkadimis\Desktop\Vamsi Python Scripts\Find Missing and Present files\impactAnalysis.checkpoint
2020-07-20 16:42:28,502 - teradata.udaexec - INFO - No previous checkpoint found, executing from beginning...
2020-07-20 16:42:28,502 - teradata.udaexec - INFO - Execution Details:
/********************************************************************************
 * Application Name: impactAnalysis
 *          Version: 2
 *       Run Number: 20200720164227-4
 *             Host: VKADIMIS-4NA7P
 *         Platform: Windows-10-10.0.17134-SP0
 *          OS User: vkadimis
 *   Python Version: 3.7.6
 *  Python Compiler: MSC v.1916 64 bit (AMD64)
 *     Python Build: ('tags/v3.7.6:43364a7ae0', 'Dec 19 2019 00:42:30')
 *  UdaExec Version: 15.10.0.21
 *     Program Name: C:\Users\vkadimis\Desktop\Vamsi Python Scripts\Find Missing and Present files\check if present.py
 *      Working Dir: C:\Users\vkadimis\Desktop\Vamsi Python Scripts\Find Missing and Present files
 *          Log Dir: C:\Users\vkadimis\Desktop\Vamsi Python Scripts\Find Missing and Present files\logs
 *         Log File: C:\Users\vkadimis\Desktop\Vamsi Python Scripts\Find Missing and Present files\logs\impactAnalysis.20200720164227-4.log
 *     Config Files: ['C:\\etc\\udaexec.ini: Not Found', 'C:\\Users\\vkadimis\\udaexec.ini: Not Found', 'C:\\Users\\vkadimis\\Desktop\\Vamsi Python Scripts\\Find Missing and Present files\\udaexec.ini: Found']
 *      Query Bands: ApplicationName=impactAnalysis;Version=2;JobID=20200720164227-4;ClientUser=vkadimis;Production=False;udaAppLogFile=C:\Users\vkadimis\Desktop\Vamsi Python Scripts\Find Missing and Present files\logs\impactAnalysis.20200720164227-4.log;UtilityName=PyTd;UtilityVersion=15.10.0.21
********************************************************************************/
2020-07-20 16:42:28,503 - teradata.udaexec - INFO - Creating connection: {'method': 'odbc', 'system': 'TDDEV', 'username': 'vkadimis', 'password': 'XXXXXX', 'driver': 'Teradata', 'authentication': 'LDAP'}
2020-07-20 16:42:28,653 - teradata.tdodbc - INFO - Available drivers: SQL Server, Oracle in OraClient12Home1, BMF SQLite3 ODBC Driver, DataDirect 7.1 DB2 Wire Protocol, DataDirect 7.1 Informix Wire Protocol, DataDirect 7.1 Sybase Wire Protocol, DataDirect 7.1 SQL Server Wire Protocol, DataDirect 7.1 dBaseFile, DataDirect 7.1 FoxPro 3.0, DataDirect 7.1 MySQL Wire Protocol, DataDirect 7.1 New SQL Server Wire Protocol, DataDirect 7.1 Greenplum Wire Protocol, Informatica MongoDB ODBC Driver, DataDirect 7.1 Oracle Wire Protocol, Informatica Data Services ODBC Driver 10.1.0, Informatica Cassandra ODBC Driver, Teradata, Teradata 7.1 DB2 Wire Protocol, Teradata 7.1 Oracle, Teradata 7.1 Oracle Wire Protocol, Teradata 7.1 SQL Server Legacy Wire Protocol, Teradata 7.1 SQL Server Wire Protocol, DataDirect 8.0 New SQL Server Wire Protocol, DataDirect 7.1 PostgreSQL Wire Protocol, DataDirect 8.0 Oracle Wire Protocol, Informatica Data Services ODBC Driver 10.4.0
2020-07-20 16:42:41,813 - teradata.udaexec - INFO - Connection successful. Duration: 13.309 seconds. Details: {'method': 'odbc', 'system': 'TDDEV', 'username': 'vkadimis', 'password': 'XXXXXX', 'driver': 'Teradata', 'authentication': 'LDAP'}
2020-07-20 16:42:42,135 - teradata.udaexec - ERROR - Query Failed! Duration: 0.317 seconds, Query: show stats on stgdb_dv4.WI_SQ_SALES_HIERARCHY_CONF;
Traceback (most recent call last):
  File "C:\Users\vkadimis\AppData\Local\Programs\Python\Python37\lib\site-packages\teradata\udaexec.py", line 790, in _execute
    func(query, params, **kwargs)
  File "C:\Users\vkadimis\AppData\Local\Programs\Python\Python37\lib\site-packages\teradata\tdodbc.py", line 614, in execute
    checkStatus(rc, hStmt=self.hStmt, method="SQLExecDirectW")
  File "C:\Users\vkadimis\AppData\Local\Programs\Python\Python37\lib\site-packages\teradata\tdodbc.py", line 231, in checkStatus
    raise DatabaseError(i[2], u"[{}] {}".format(i[0], msg), i[0])
teradata.api.DatabaseError: (3624, '[HY000] [Teradata][ODBC Teradata Driver][Teradata Database] There are no statistics defined for the table. ')
2020-07-20 16:42:42,801 - teradata.udaexec - ERROR - Query Failed! Duration: 0.551 seconds, Query: show stats on stgdb_dv4.ST_SHR_TEAM_MEMBERS_V;
Traceback (most recent call last):
  File "C:\Users\vkadimis\AppData\Local\Programs\Python\Python37\lib\site-packages\teradata\udaexec.py", line 790, in _execute
    func(query, params, **kwargs)
  File "C:\Users\vkadimis\AppData\Local\Programs\Python\Python37\lib\site-packages\teradata\tdodbc.py", line 614, in execute
    checkStatus(rc, hStmt=self.hStmt, method="SQLExecDirectW")
  File "C:\Users\vkadimis\AppData\Local\Programs\Python\Python37\lib\site-packages\teradata\tdodbc.py", line 231, in checkStatus
    raise DatabaseError(i[2], u"[{}] {}".format(i[0], msg), i[0])
teradata.api.DatabaseError: (3624, '[HY000] [Teradata][ODBC Teradata Driver][Teradata Database] There are no statistics defined for the table. ')
2020-07-20 16:42:43,430 - teradata.udaexec - INFO - Query Successful. Duration: 0.514 seconds, Rows: 1, Query: show stats on stgdb_dv4.ST_SHR_MASTER_VERSNS_V_CONF;

2020-07-20 16:42:44,474 - teradata.udaexec - INFO - Query Successful. Duration: 0.355 seconds, Rows: 1, Query: show stats on stgdb_dv4.ST_SHR_NODE_REL_CONFIRMED;

2020-07-20 16:42:45,680 - teradata.udaexec - INFO - Query Successful. Duration: 0.635 seconds, Rows: 1, Query: show stats on stgdb_dv4.ST_SHR_STRUCT_INTERFACE_V_CONF;

2020-07-20 16:42:46,941 - teradata.udaexec - INFO - Query Successful. Duration: 0.537 seconds, Rows: 1, Query: show stats on stgdb_dv4.ST_SHR_NODE_ATTRIBUTE_V_CNF;

2020-07-20 16:42:47,893 - teradata.udaexec - INFO - Query Successful. Duration: 0.528 seconds, Rows: 1, Query: show stats on stgdb_dv4.ST_SHR_MARKET_SEGMENT_V_CNF;

2020-07-20 16:42:48,857 - teradata.udaexec - INFO - Query Successful. Duration: 0.533 seconds, Rows: 1, Query: show stats on stgdb_dv4.ST_SHR_TEAM_MEMBERS;

2020-07-20 16:42:50,271 - teradata.udaexec - INFO - Query Successful. Duration: 0.390 seconds, Rows: 1, Query: show stats on stgdb_dv4.WI_COUNTRY_MISMATCH_RPT;

2020-07-20 16:42:51,209 - teradata.udaexec - INFO - Query Successful. Duration: 0.316 seconds, Rows: 1, Query: show stats on stgdb_dv4.WI_MEDIUM_PRE_RPT;

2020-07-20 16:42:52,383 - teradata.udaexec - INFO - Query Successful. Duration: 0.492 seconds, Rows: 1, Query: show stats on stgdb_dv4.WI_DRR_SYSVIEW_PARTY;

2020-07-20 16:42:53,186 - teradata.udaexec - INFO - Query Successful. Duration: 0.316 seconds, Rows: 1, Query: show stats on stgdb_dv4.WI_FIN_ADJ_BOOKINGS_ALL;

2020-07-20 16:42:54,320 - teradata.udaexec - INFO - Query Successful. Duration: 0.469 seconds, Rows: 1, Query: show stats on stgdb_dv4.WI_DRR_FIN_ADJ_RULE3_PARTY_SAV;

2020-07-20 16:42:55,582 - teradata.udaexec - INFO - Query Successful. Duration: 0.465 seconds, Rows: 1, Query: show stats on stgdb_dv4.WI_DRR_SALES_ACNT_MEASURE_FNL;

2020-07-20 16:42:56,536 - teradata.udaexec - INFO - Query Successful. Duration: 0.466 seconds, Rows: 1, Query: show stats on stgdb_dv4.WI_DRR_BOOKINGS_PARTY_ENRICH;

2020-07-20 16:42:57,493 - teradata.udaexec - INFO - Query Successful. Duration: 0.415 seconds, Rows: 1, Query: show stats on stgdb_dv4.WI_DRR_FA_R14_SHR_DNR_FNL;

2020-07-20 16:42:58,517 - teradata.udaexec - INFO - Query Successful. Duration: 0.475 seconds, Rows: 1, Query: show stats on stgdb_dv4.ST_USER_ROLE;

2020-07-20 16:42:59,663 - teradata.udaexec - INFO - Query Successful. Duration: 0.382 seconds, Rows: 1, Query: show stats on stgdb_dv4.ST_FIN_ADJ_UPLOAD_AUD;

2020-07-20 16:43:00,633 - teradata.udaexec - INFO - Query Successful. Duration: 0.435 seconds, Rows: 1, Query: show stats on stgdb_dv4.WI_FIN_ADJ_BOOKINGS_R14_ALL;

2020-07-20 16:43:01,718 - teradata.udaexec - INFO - Query Successful. Duration: 0.346 seconds, Rows: 1, Query: show stats on stgdb_dv4.WI_DRR_FA_R14_SHR_DNR_FNL_F;

2020-07-20 16:43:02,961 - teradata.udaexec - INFO - Query Successful. Duration: 0.482 seconds, Rows: 1, Query: show stats on stgdb_dv4.BKGS_DATA;

2020-07-20 16:43:04,219 - teradata.udaexec - INFO - Query Successful. Duration: 0.437 seconds, Rows: 1, Query: show stats on stgdb_dv4.ST_ACT_INACT_NODE_MAP_DRR;

2020-07-20 16:43:05,174 - teradata.udaexec - INFO - Query Successful. Duration: 0.406 seconds, Rows: 1, Query: show stats on stgdb_dv4.EL_ACT_INACT_NODE_MAP_DRR_FDRR;

2020-07-20 16:43:06,133 - teradata.udaexec - INFO - Query Successful. Duration: 0.409 seconds, Rows: 1, Query: show stats on stgdb_dv4.WI_SUMMARY_DYN_SLS_ADJ_UPLD;

2020-07-20 16:43:07,100 - teradata.udaexec - INFO - Query Successful. Duration: 0.402 seconds, Rows: 1, Query: show stats on stgdb_dv4.EL_SUMMARY_DYN_SLS_ADJ_UPLD;

2020-07-20 16:43:08,288 - teradata.udaexec - INFO - Query Successful. Duration: 0.340 seconds, Rows: 1, Query: show stats on stgdb_dv4.WI_DRRAR_PROCESS_CONTROL;

2020-07-20 16:43:09,619 - teradata.udaexec - INFO - Query Successful. Duration: 0.661 seconds, Rows: 1, Query: show stats on stgdb_dv4.WI_MEDIUM_RPT;

2020-07-20 16:43:10,884 - teradata.udaexec - INFO - Query Successful. Duration: 0.322 seconds, Rows: 1, Query: show stats on stgdb_dv4.RSW_BOOK_NET_DERIVATION;

2020-07-20 16:43:12,195 - teradata.udaexec - INFO - Query Successful. Duration: 0.700 seconds, Rows: 1, Query: show stats on stgdb_dv4.WI_SAAS_FLG_DERIVATION;

2020-07-20 16:43:13,401 - teradata.udaexec - INFO - Query Successful. Duration: 0.654 seconds, Rows: 1, Query: show stats on stgdb_dv4.SALES_REP_WHITELIST;

2020-07-20 16:43:14,480 - teradata.udaexec - INFO - Query Successful. Duration: 0.419 seconds, Rows: 1, Query: show stats on stgdb_dv4.REVERSE_INSERTS;

2020-07-20 16:43:15,651 - teradata.udaexec - INFO - Query Successful. Duration: 0.345 seconds, Rows: 1, Query: show stats on stgdb_dv4.NG_DISTINCT_BMK_REVERSE;

2020-07-20 16:43:16,654 - teradata.udaexec - INFO - Query Successful. Duration: 0.423 seconds, Rows: 1, Query: show stats on stgdb_dv4.NG_DISTINCT_BMK_FWD;

2020-07-20 16:43:17,665 - teradata.udaexec - INFO - Query Successful. Duration: 0.420 seconds, Rows: 1, Query: show stats on stgdb_dv4.DRR_FINADJ;

2020-07-20 16:43:18,620 - teradata.udaexec - ERROR - Query Failed! Duration: 0.427 seconds, Query: show stats on stgdb_dv4.MT_SLS_ACNT_RSTD_MSR_FDRRNG_DEL;
Traceback (most recent call last):
  File "C:\Users\vkadimis\AppData\Local\Programs\Python\Python37\lib\site-packages\teradata\udaexec.py", line 790, in _execute
    func(query, params, **kwargs)
  File "C:\Users\vkadimis\AppData\Local\Programs\Python\Python37\lib\site-packages\teradata\tdodbc.py", line 614, in execute
    checkStatus(rc, hStmt=self.hStmt, method="SQLExecDirectW")
  File "C:\Users\vkadimis\AppData\Local\Programs\Python\Python37\lib\site-packages\teradata\tdodbc.py", line 231, in checkStatus
    raise DatabaseError(i[2], u"[{}] {}".format(i[0], msg), i[0])
teradata.api.DatabaseError: (3624, '[HY000] [Teradata][ODBC Teradata Driver][Teradata Database] There are no statistics defined for the table. ')
2020-07-20 16:43:19,254 - teradata.udaexec - INFO - Query Successful. Duration: 0.453 seconds, Rows: 1, Query: show stats on stgdb_dv4.WI_NODE_LEVEL_PRE_RPT;

2020-07-20 16:43:20,533 - teradata.udaexec - INFO - Query Successful. Duration: 0.396 seconds, Rows: 1, Query: show stats on stgdb_dv4.WI_DRR_SALES_ACNT_MEASURE_FNL2;

2020-07-20 16:43:21,794 - teradata.udaexec - INFO - Query Successful. Duration: 0.704 seconds, Rows: 1, Query: show stats on stgdb_dv4.WI_DRR_SALES_ACNT_MEASURE_FNL_SPLIT;

2020-07-20 16:43:22,773 - teradata.udaexec - INFO - Query Successful. Duration: 0.431 seconds, Rows: 1, Query: show stats on stgdb_dv4.WI_MT_XAAS_SMC_ATTRIB_NRTR;

2020-07-20 16:43:23,751 - teradata.udaexec - ERROR - Query Failed! Duration: 0.416 seconds, Query: show stats on stgdb_dv4.ST_XXANP_FIN_SAV_DESCR;
Traceback (most recent call last):
  File "C:\Users\vkadimis\AppData\Local\Programs\Python\Python37\lib\site-packages\teradata\udaexec.py", line 790, in _execute
    func(query, params, **kwargs)
  File "C:\Users\vkadimis\AppData\Local\Programs\Python\Python37\lib\site-packages\teradata\tdodbc.py", line 614, in execute
    checkStatus(rc, hStmt=self.hStmt, method="SQLExecDirectW")
  File "C:\Users\vkadimis\AppData\Local\Programs\Python\Python37\lib\site-packages\teradata\tdodbc.py", line 231, in checkStatus
    raise DatabaseError(i[2], u"[{}] {}".format(i[0], msg), i[0])
teradata.api.DatabaseError: (3624, '[HY000] [Teradata][ODBC Teradata Driver][Teradata Database] There are no statistics defined for the table. ')
2020-07-20 16:43:24,323 - teradata.udaexec - INFO - Query Successful. Duration: 0.356 seconds, Rows: 1, Query: show stats on stgdb_dv4.WI_SUMMARY_SLS_ADJSTMT_DQ;

2020-07-20 16:43:25,333 - teradata.udaexec - ERROR - Query Failed! Duration: 0.442 seconds, Query: show stats on stgdb_dv4.ST_FIN_ADJ_DRR_UPLOAD_LMT;
Traceback (most recent call last):
  File "C:\Users\vkadimis\AppData\Local\Programs\Python\Python37\lib\site-packages\teradata\udaexec.py", line 790, in _execute
    func(query, params, **kwargs)
  File "C:\Users\vkadimis\AppData\Local\Programs\Python\Python37\lib\site-packages\teradata\tdodbc.py", line 614, in execute
    checkStatus(rc, hStmt=self.hStmt, method="SQLExecDirectW")
  File "C:\Users\vkadimis\AppData\Local\Programs\Python\Python37\lib\site-packages\teradata\tdodbc.py", line 231, in checkStatus
    raise DatabaseError(i[2], u"[{}] {}".format(i[0], msg), i[0])
teradata.api.DatabaseError: (3624, '[HY000] [Teradata][ODBC Teradata Driver][Teradata Database] There are no statistics defined for the table. ')
2020-07-20 16:43:26,000 - teradata.udaexec - INFO - Query Successful. Duration: 0.358 seconds, Rows: 1, Query: show stats on stgdb_dv4.WI_FIN_ADJ_DRR_NG_3;

