2020-07-20 16:27:45,222 - teradata.udaexec - INFO - Initializing UdaExec...
2020-07-20 16:27:45,223 - teradata.udaexec - INFO - Reading config files: ['C:\\etc\\udaexec.ini: Not Found', 'C:\\Users\\vkadimis\\udaexec.ini: Not Found', 'C:\\Users\\vkadimis\\Desktop\\Vamsi Python Scripts\\Find Missing and Present files\\udaexec.ini: Found']
2020-07-20 16:27:45,223 - teradata.udaexec - INFO - No previous run number found as C:\Users\vkadimis\Desktop\Vamsi Python Scripts\Find Missing and Present files\.runNumber does not exist. Initializing run number to 1
2020-07-20 16:27:45,223 - teradata.udaexec - INFO - Cleaning up log files older than 90 days.
2020-07-20 16:27:45,224 - teradata.udaexec - INFO - Removed 0 log files.
2020-07-20 16:27:46,456 - teradata.udaexec - INFO - Checkpoint file not found: C:\Users\vkadimis\Desktop\Vamsi Python Scripts\Find Missing and Present files\impactAnalysis.checkpoint
2020-07-20 16:27:46,456 - teradata.udaexec - INFO - No previous checkpoint found, executing from beginning...
2020-07-20 16:27:46,457 - teradata.udaexec - INFO - Execution Details:
/********************************************************************************
 * Application Name: impactAnalysis
 *          Version: 2
 *       Run Number: 20200720162745-1
 *             Host: VKADIMIS-4NA7P
 *         Platform: Windows-10-10.0.17134-SP0
 *          OS User: vkadimis
 *   Python Version: 3.7.6
 *  Python Compiler: MSC v.1916 64 bit (AMD64)
 *     Python Build: ('tags/v3.7.6:43364a7ae0', 'Dec 19 2019 00:42:30')
 *  UdaExec Version: 15.10.0.21
 *     Program Name: C:\Users\vkadimis\Desktop\Vamsi Python Scripts\Find Missing and Present files\check if present.py
 *      Working Dir: C:\Users\vkadimis\Desktop\Vamsi Python Scripts\Find Missing and Present files
 *          Log Dir: C:\Users\vkadimis\Desktop\Vamsi Python Scripts\Find Missing and Present files\logs
 *         Log File: C:\Users\vkadimis\Desktop\Vamsi Python Scripts\Find Missing and Present files\logs\impactAnalysis.20200720162745-1.log
 *     Config Files: ['C:\\etc\\udaexec.ini: Not Found', 'C:\\Users\\vkadimis\\udaexec.ini: Not Found', 'C:\\Users\\vkadimis\\Desktop\\Vamsi Python Scripts\\Find Missing and Present files\\udaexec.ini: Found']
 *      Query Bands: ApplicationName=impactAnalysis;Version=2;JobID=20200720162745-1;ClientUser=vkadimis;Production=False;udaAppLogFile=C:\Users\vkadimis\Desktop\Vamsi Python Scripts\Find Missing and Present files\logs\impactAnalysis.20200720162745-1.log;UtilityName=PyTd;UtilityVersion=15.10.0.21
********************************************************************************/
2020-07-20 16:27:46,458 - teradata.udaexec - INFO - Creating connection: {'method': 'odbc', 'system': 'TDDEV', 'username': 'vkadimis', 'password': 'XXXXXX', 'driver': 'Teradata', 'authentication': 'LDAP'}
2020-07-20 16:27:46,609 - teradata.tdodbc - INFO - Available drivers: SQL Server, Oracle in OraClient12Home1, BMF SQLite3 ODBC Driver, DataDirect 7.1 DB2 Wire Protocol, DataDirect 7.1 Informix Wire Protocol, DataDirect 7.1 Sybase Wire Protocol, DataDirect 7.1 SQL Server Wire Protocol, DataDirect 7.1 dBaseFile, DataDirect 7.1 FoxPro 3.0, DataDirect 7.1 MySQL Wire Protocol, DataDirect 7.1 New SQL Server Wire Protocol, DataDirect 7.1 Greenplum Wire Protocol, Informatica MongoDB ODBC Driver, DataDirect 7.1 Oracle Wire Protocol, Informatica Data Services ODBC Driver 10.1.0, Informatica Cassandra ODBC Driver, Teradata, Teradata 7.1 DB2 Wire Protocol, Teradata 7.1 Oracle, Teradata 7.1 Oracle Wire Protocol, Teradata 7.1 SQL Server Legacy Wire Protocol, Teradata 7.1 SQL Server Wire Protocol, DataDirect 8.0 New SQL Server Wire Protocol, DataDirect 7.1 PostgreSQL Wire Protocol, DataDirect 8.0 Oracle Wire Protocol, Informatica Data Services ODBC Driver 10.4.0
2020-07-20 16:28:00,102 - teradata.udaexec - INFO - Connection successful. Duration: 13.644 seconds. Details: {'method': 'odbc', 'system': 'TDDEV', 'username': 'vkadimis', 'password': 'XXXXXX', 'driver': 'Teradata', 'authentication': 'LDAP'}
2020-07-20 16:28:00,742 - teradata.udaexec - ERROR - Query Failed! Duration: 0.435 seconds, Query: show stats on stgdb_dv4.WI_SQ_SALES_HIERARCHY_CONF;
Traceback (most recent call last):
  File "C:\Users\vkadimis\AppData\Local\Programs\Python\Python37\lib\site-packages\teradata\udaexec.py", line 790, in _execute
    func(query, params, **kwargs)
  File "C:\Users\vkadimis\AppData\Local\Programs\Python\Python37\lib\site-packages\teradata\tdodbc.py", line 614, in execute
    checkStatus(rc, hStmt=self.hStmt, method="SQLExecDirectW")
  File "C:\Users\vkadimis\AppData\Local\Programs\Python\Python37\lib\site-packages\teradata\tdodbc.py", line 231, in checkStatus
    raise DatabaseError(i[2], u"[{}] {}".format(i[0], msg), i[0])
teradata.api.DatabaseError: (3624, '[HY000] [Teradata][ODBC Teradata Driver][Teradata Database] There are no statistics defined for the table. ')
2020-07-20 16:28:01,382 - teradata.udaexec - ERROR - Query Failed! Duration: 0.566 seconds, Query: show stats on stgdb_dv4.ST_SHR_TEAM_MEMBERS_V;
Traceback (most recent call last):
  File "C:\Users\vkadimis\AppData\Local\Programs\Python\Python37\lib\site-packages\teradata\udaexec.py", line 790, in _execute
    func(query, params, **kwargs)
  File "C:\Users\vkadimis\AppData\Local\Programs\Python\Python37\lib\site-packages\teradata\tdodbc.py", line 614, in execute
    checkStatus(rc, hStmt=self.hStmt, method="SQLExecDirectW")
  File "C:\Users\vkadimis\AppData\Local\Programs\Python\Python37\lib\site-packages\teradata\tdodbc.py", line 231, in checkStatus
    raise DatabaseError(i[2], u"[{}] {}".format(i[0], msg), i[0])
teradata.api.DatabaseError: (3624, '[HY000] [Teradata][ODBC Teradata Driver][Teradata Database] There are no statistics defined for the table. ')
2020-07-20 16:28:02,021 - teradata.udaexec - INFO - Query Successful. Duration: 0.578 seconds, Rows: 1, Query: show stats on stgdb_dv4.ST_SHR_MASTER_VERSNS_V_CONF;

2020-07-20 16:28:02,983 - teradata.udaexec - INFO - Query Successful. Duration: 0.618 seconds, Rows: 1, Query: show stats on stgdb_dv4.ST_SHR_NODE_REL_CONFIRMED;

2020-07-20 16:28:03,991 - teradata.udaexec - INFO - Query Successful. Duration: 0.661 seconds, Rows: 1, Query: show stats on stgdb_dv4.ST_SHR_STRUCT_INTERFACE_V_CONF;

2020-07-20 16:28:04,991 - teradata.udaexec - INFO - Query Successful. Duration: 0.441 seconds, Rows: 1, Query: show stats on stgdb_dv4.ST_SHR_NODE_ATTRIBUTE_V_CNF;

2020-07-20 16:28:06,199 - teradata.udaexec - INFO - Query Successful. Duration: 0.607 seconds, Rows: 1, Query: show stats on stgdb_dv4.ST_SHR_MARKET_SEGMENT_V_CNF;

2020-07-20 16:28:07,009 - teradata.udaexec - INFO - Query Successful. Duration: 0.389 seconds, Rows: 1, Query: show stats on stgdb_dv4.ST_SHR_TEAM_MEMBERS;

2020-07-20 16:28:07,999 - teradata.udaexec - INFO - Query Successful. Duration: 0.397 seconds, Rows: 1, Query: show stats on stgdb_dv4.WI_COUNTRY_MISMATCH_RPT;

2020-07-20 16:28:09,081 - teradata.udaexec - INFO - Query Successful. Duration: 0.599 seconds, Rows: 1, Query: show stats on stgdb_dv4.WI_MEDIUM_PRE_RPT;

2020-07-20 16:28:10,070 - teradata.udaexec - INFO - Query Successful. Duration: 0.553 seconds, Rows: 1, Query: show stats on stgdb_dv4.WI_DRR_SYSVIEW_PARTY;

2020-07-20 16:28:11,060 - teradata.udaexec - INFO - Query Successful. Duration: 0.361 seconds, Rows: 1, Query: show stats on stgdb_dv4.WI_FIN_ADJ_BOOKINGS_ALL;

2020-07-20 16:28:12,262 - teradata.udaexec - INFO - Query Successful. Duration: 0.613 seconds, Rows: 1, Query: show stats on stgdb_dv4.WI_DRR_FIN_ADJ_RULE3_PARTY_SAV;

2020-07-20 16:28:12,954 - teradata.udaexec - INFO - Query Successful. Duration: 0.346 seconds, Rows: 1, Query: show stats on stgdb_dv4.WI_DRR_SALES_ACNT_MEASURE_FNL;

2020-07-20 16:28:13,977 - teradata.udaexec - INFO - Query Successful. Duration: 0.395 seconds, Rows: 1, Query: show stats on stgdb_dv4.WI_DRR_BOOKINGS_PARTY_ENRICH;

2020-07-20 16:28:14,929 - teradata.udaexec - INFO - Query Successful. Duration: 0.403 seconds, Rows: 1, Query: show stats on stgdb_dv4.WI_DRR_FA_R14_SHR_DNR_FNL;

2020-07-20 16:28:15,844 - teradata.udaexec - INFO - Query Successful. Duration: 0.319 seconds, Rows: 1, Query: show stats on stgdb_dv4.ST_USER_ROLE;

2020-07-20 16:28:17,000 - teradata.udaexec - INFO - Query Successful. Duration: 0.528 seconds, Rows: 1, Query: show stats on stgdb_dv4.ST_FIN_ADJ_UPLOAD_AUD;

2020-07-20 16:28:18,021 - teradata.udaexec - INFO - Query Successful. Duration: 0.604 seconds, Rows: 1, Query: show stats on stgdb_dv4.WI_FIN_ADJ_BOOKINGS_R14_ALL;

2020-07-20 16:28:18,984 - teradata.udaexec - INFO - Query Successful. Duration: 0.611 seconds, Rows: 1, Query: show stats on stgdb_dv4.WI_DRR_FA_R14_SHR_DNR_FNL_F;

2020-07-20 16:28:19,969 - teradata.udaexec - INFO - Query Successful. Duration: 0.567 seconds, Rows: 1, Query: show stats on stgdb_dv4.BKGS_DATA;

2020-07-20 16:28:21,232 - teradata.udaexec - INFO - Query Successful. Duration: 0.555 seconds, Rows: 1, Query: show stats on stgdb_dv4.ST_ACT_INACT_NODE_MAP_DRR;

2020-07-20 16:28:22,182 - teradata.udaexec - INFO - Query Successful. Duration: 0.591 seconds, Rows: 1, Query: show stats on stgdb_dv4.EL_ACT_INACT_NODE_MAP_DRR_FDRR;

2020-07-20 16:28:23,480 - teradata.udaexec - INFO - Query Successful. Duration: 0.521 seconds, Rows: 1, Query: show stats on stgdb_dv4.WI_SUMMARY_DYN_SLS_ADJ_UPLD;

2020-07-20 16:28:24,593 - teradata.udaexec - INFO - Query Successful. Duration: 0.394 seconds, Rows: 1, Query: show stats on stgdb_dv4.EL_SUMMARY_DYN_SLS_ADJ_UPLD;

2020-07-20 16:28:25,325 - teradata.udaexec - INFO - Query Successful. Duration: 0.347 seconds, Rows: 1, Query: show stats on stgdb_dv4.WI_DRRAR_PROCESS_CONTROL;

2020-07-20 16:28:26,111 - teradata.udaexec - INFO - Query Successful. Duration: 0.327 seconds, Rows: 1, Query: show stats on stgdb_dv4.WI_MEDIUM_RPT;

2020-07-20 16:28:27,261 - teradata.udaexec - INFO - Query Successful. Duration: 0.507 seconds, Rows: 1, Query: show stats on stgdb_dv4.RSW_BOOK_NET_DERIVATION;

2020-07-20 16:28:28,070 - teradata.udaexec - INFO - Query Successful. Duration: 0.343 seconds, Rows: 1, Query: show stats on stgdb_dv4.WI_SAAS_FLG_DERIVATION;

2020-07-20 16:28:29,241 - teradata.udaexec - INFO - Query Successful. Duration: 0.527 seconds, Rows: 1, Query: show stats on stgdb_dv4.SALES_REP_WHITELIST;

2020-07-20 16:28:30,139 - teradata.udaexec - INFO - Query Successful. Duration: 0.345 seconds, Rows: 1, Query: show stats on stgdb_dv4.REVERSE_INSERTS;

2020-07-20 16:28:30,950 - teradata.udaexec - INFO - Query Successful. Duration: 0.363 seconds, Rows: 1, Query: show stats on stgdb_dv4.NG_DISTINCT_BMK_REVERSE;

2020-07-20 16:28:31,782 - teradata.udaexec - INFO - Query Successful. Duration: 0.425 seconds, Rows: 1, Query: show stats on stgdb_dv4.NG_DISTINCT_BMK_FWD;

2020-07-20 16:28:32,751 - teradata.udaexec - INFO - Query Successful. Duration: 0.519 seconds, Rows: 1, Query: show stats on stgdb_dv4.DRR_FINADJ;

2020-07-20 16:28:33,429 - teradata.udaexec - ERROR - Query Failed! Duration: 0.318 seconds, Query: show stats on stgdb_dv4.MT_SLS_ACNT_RSTD_MSR_FDRRNG_DEL;
Traceback (most recent call last):
  File "C:\Users\vkadimis\AppData\Local\Programs\Python\Python37\lib\site-packages\teradata\udaexec.py", line 790, in _execute
    func(query, params, **kwargs)
  File "C:\Users\vkadimis\AppData\Local\Programs\Python\Python37\lib\site-packages\teradata\tdodbc.py", line 614, in execute
    checkStatus(rc, hStmt=self.hStmt, method="SQLExecDirectW")
  File "C:\Users\vkadimis\AppData\Local\Programs\Python\Python37\lib\site-packages\teradata\tdodbc.py", line 231, in checkStatus
    raise DatabaseError(i[2], u"[{}] {}".format(i[0], msg), i[0])
teradata.api.DatabaseError: (3624, '[HY000] [Teradata][ODBC Teradata Driver][Teradata Database] There are no statistics defined for the table. ')
2020-07-20 16:28:34,021 - teradata.udaexec - INFO - Query Successful. Duration: 0.488 seconds, Rows: 1, Query: show stats on stgdb_dv4.WI_NODE_LEVEL_PRE_RPT;

2020-07-20 16:28:34,820 - teradata.udaexec - INFO - Query Successful. Duration: 0.354 seconds, Rows: 1, Query: show stats on stgdb_dv4.WI_DRR_SALES_ACNT_MEASURE_FNL2;

2020-07-20 16:28:35,630 - teradata.udaexec - INFO - Query Successful. Duration: 0.387 seconds, Rows: 1, Query: show stats on stgdb_dv4.WI_DRR_SALES_ACNT_MEASURE_FNL_SPLIT;

2020-07-20 16:28:36,583 - teradata.udaexec - INFO - Query Successful. Duration: 0.516 seconds, Rows: 1, Query: show stats on stgdb_dv4.WI_MT_XAAS_SMC_ATTRIB_NRTR;

2020-07-20 16:28:37,370 - teradata.udaexec - ERROR - Query Failed! Duration: 0.342 seconds, Query: show stats on stgdb_dv4.ST_XXANP_FIN_SAV_DESCR;
Traceback (most recent call last):
  File "C:\Users\vkadimis\AppData\Local\Programs\Python\Python37\lib\site-packages\teradata\udaexec.py", line 790, in _execute
    func(query, params, **kwargs)
  File "C:\Users\vkadimis\AppData\Local\Programs\Python\Python37\lib\site-packages\teradata\tdodbc.py", line 614, in execute
    checkStatus(rc, hStmt=self.hStmt, method="SQLExecDirectW")
  File "C:\Users\vkadimis\AppData\Local\Programs\Python\Python37\lib\site-packages\teradata\tdodbc.py", line 231, in checkStatus
    raise DatabaseError(i[2], u"[{}] {}".format(i[0], msg), i[0])
teradata.api.DatabaseError: (3624, '[HY000] [Teradata][ODBC Teradata Driver][Teradata Database] There are no statistics defined for the table. ')
2020-07-20 16:28:37,880 - teradata.udaexec - INFO - Query Successful. Duration: 0.411 seconds, Rows: 1, Query: show stats on stgdb_dv4.WI_SUMMARY_SLS_ADJSTMT_DQ;

2020-07-20 16:28:38,986 - teradata.udaexec - ERROR - Query Failed! Duration: 0.333 seconds, Query: show stats on stgdb_dv4.ST_FIN_ADJ_DRR_UPLOAD_LMT;
Traceback (most recent call last):
  File "C:\Users\vkadimis\AppData\Local\Programs\Python\Python37\lib\site-packages\teradata\udaexec.py", line 790, in _execute
    func(query, params, **kwargs)
  File "C:\Users\vkadimis\AppData\Local\Programs\Python\Python37\lib\site-packages\teradata\tdodbc.py", line 614, in execute
    checkStatus(rc, hStmt=self.hStmt, method="SQLExecDirectW")
  File "C:\Users\vkadimis\AppData\Local\Programs\Python\Python37\lib\site-packages\teradata\tdodbc.py", line 231, in checkStatus
    raise DatabaseError(i[2], u"[{}] {}".format(i[0], msg), i[0])
teradata.api.DatabaseError: (3624, '[HY000] [Teradata][ODBC Teradata Driver][Teradata Database] There are no statistics defined for the table. ')
2020-07-20 16:28:39,769 - teradata.udaexec - INFO - Query Successful. Duration: 0.646 seconds, Rows: 1, Query: show stats on stgdb_dv4.WI_FIN_ADJ_DRR_NG_3;

2020-07-20 16:28:40,669 - teradata.udaexec - INFO - Query Successful. Duration: 0.390 seconds, Rows: 1, Query: show stats on stgdb_dv4.WI_NODE_LEVEL_RPT;

2020-07-20 16:28:41,761 - teradata.udaexec - INFO - Query Successful. Duration: 0.597 seconds, Rows: 1, Query: show stats on stgdb_dv4.ST_FIN_ADJ_DRR_UPLOAD;

2020-07-20 16:28:42,925 - teradata.udaexec - ERROR - Query Failed! Duration: 0.381 seconds, Query: show stats on stgdb_dv4.ST_XXANP_FIN_ADJ_DRRNG_UPLOAD;
Traceback (most recent call last):
  File "C:\Users\vkadimis\AppData\Local\Programs\Python\Python37\lib\site-packages\teradata\udaexec.py", line 790, in _execute
    func(query, params, **kwargs)
  File "C:\Users\vkadimis\AppData\Local\Programs\Python\Python37\lib\site-packages\teradata\tdodbc.py", line 614, in execute
    checkStatus(rc, hStmt=self.hStmt, method="SQLExecDirectW")
  File "C:\Users\vkadimis\AppData\Local\Programs\Python\Python37\lib\site-packages\teradata\tdodbc.py", line 231, in checkStatus
    raise DatabaseError(i[2], u"[{}] {}".format(i[0], msg), i[0])
teradata.api.DatabaseError: (3624, '[HY000] [Teradata][ODBC Teradata Driver][Teradata Database] There are no statistics defined for the table. ')
2020-07-20 16:28:43,459 - teradata.udaexec - INFO - Query Successful. Duration: 0.373 seconds, Rows: 1, Query: show stats on stgdb_dv4.ST_FILE_UPLOAD_AUD;

2020-07-20 16:28:44,583 - teradata.udaexec - ERROR - Query Failed! Duration: 0.488 seconds, Query: show stats on stgdb_dv4.ST_FIN_WW_USER_ROLE;
Traceback (most recent call last):
  File "C:\Users\vkadimis\AppData\Local\Programs\Python\Python37\lib\site-packages\teradata\udaexec.py", line 790, in _execute
    func(query, params, **kwargs)
  File "C:\Users\vkadimis\AppData\Local\Programs\Python\Python37\lib\site-packages\teradata\tdodbc.py", line 614, in execute
    checkStatus(rc, hStmt=self.hStmt, method="SQLExecDirectW")
  File "C:\Users\vkadimis\AppData\Local\Programs\Python\Python37\lib\site-packages\teradata\tdodbc.py", line 231, in checkStatus
    raise DatabaseError(i[2], u"[{}] {}".format(i[0], msg), i[0])
teradata.api.DatabaseError: (3624, '[HY000] [Teradata][ODBC Teradata Driver][Teradata Database] There are no statistics defined for the table. ')
2020-07-20 16:28:45,223 - teradata.udaexec - ERROR - Query Failed! Duration: 0.460 seconds, Query: show stats on stgdb_dv4.WI_AUD_DRR_FDRR;
Traceback (most recent call last):
  File "C:\Users\vkadimis\AppData\Local\Programs\Python\Python37\lib\site-packages\teradata\udaexec.py", line 790, in _execute
    func(query, params, **kwargs)
  File "C:\Users\vkadimis\AppData\Local\Programs\Python\Python37\lib\site-packages\teradata\tdodbc.py", line 614, in execute
    checkStatus(rc, hStmt=self.hStmt, method="SQLExecDirectW")
  File "C:\Users\vkadimis\AppData\Local\Programs\Python\Python37\lib\site-packages\teradata\tdodbc.py", line 231, in checkStatus
    raise DatabaseError(i[2], u"[{}] {}".format(i[0], msg), i[0])
teradata.api.DatabaseError: (3624, '[HY000] [Teradata][ODBC Teradata Driver][Teradata Database] There are no statistics defined for the table. ')
2020-07-20 16:28:45,891 - teradata.udaexec - INFO - Query Successful. Duration: 0.522 seconds, Rows: 1, Query: show stats on stgdb_dv4.WI_DRR_BOOKINGS_INCRMENTAL;

2020-07-20 16:28:46,821 - teradata.udaexec - INFO - Query Successful. Duration: 0.423 seconds, Rows: 1, Query: show stats on stgdb_dv4.WI_DRR_NAMED_ACCOUNT;

2020-07-20 16:28:47,781 - teradata.udaexec - INFO - Query Successful. Duration: 0.471 seconds, Rows: 1, Query: show stats on stgdb_dv4.WI_DRR_NAMED_ACC_AS_SAV;

2020-07-20 16:28:48,770 - teradata.udaexec - INFO - Query Successful. Duration: 0.543 seconds, Rows: 1, Query: show stats on stgdb_dv4.WI_DRR_NAMED_ACC_BKGS_INCR;

2020-07-20 16:28:49,702 - teradata.udaexec - INFO - Query Successful. Duration: 0.373 seconds, Rows: 1, Query: show stats on stgdb_dv4.WI_DRR_NAMED_ACCOUNT_SHL;

2020-07-20 16:28:50,662 - teradata.udaexec - INFO - Query Successful. Duration: 0.540 seconds, Rows: 1, Query: show stats on stgdb_dv4.WI_DRR_NAMED_ACC_SYSPARTY;

2020-07-20 16:28:51,649 - teradata.udaexec - INFO - Query Successful. Duration: 0.435 seconds, Rows: 1, Query: show stats on stgdb_dv4.WI_DRR_NAMED_ACCOUNT_ROUND_OFF;

2020-07-20 16:28:52,859 - teradata.udaexec - INFO - Query Successful. Duration: 0.360 seconds, Rows: 1, Query: show stats on stgdb_dv4.WI_DRR_NAMED_ACC_SHRD_SPLIT;

2020-07-20 16:28:53,736 - teradata.udaexec - INFO - Query Successful. Duration: 0.393 seconds, Rows: 1, Query: show stats on stgdb_dv4.WI_DRR_GEO_ACCOUNT_MATCH;

2020-07-20 16:28:54,822 - teradata.udaexec - INFO - Query Successful. Duration: 0.566 seconds, Rows: 1, Query: show stats on stgdb_dv4.WI_DRR_PL_RULES_ENRICHMENT;

2020-07-20 16:28:55,789 - teradata.udaexec - INFO - Query Successful. Duration: 0.518 seconds, Rows: 1, Query: show stats on stgdb_dv4.WI_DRR_BOOKINGS_MSR_DENORM;

2020-07-20 16:28:57,409 - teradata.udaexec - INFO - Query Successful. Duration: 0.734 seconds, Rows: 1, Query: show stats on stgdb_dv4.WI_FIN_ADJ_DRR;

2020-07-20 16:28:58,345 - teradata.udaexec - ERROR - Query Failed! Duration: 0.385 seconds, Query: show stats on stgdb_dv4.FIN_ADJ_CNFLT;
Traceback (most recent call last):
  File "C:\Users\vkadimis\AppData\Local\Programs\Python\Python37\lib\site-packages\teradata\udaexec.py", line 790, in _execute
    func(query, params, **kwargs)
  File "C:\Users\vkadimis\AppData\Local\Programs\Python\Python37\lib\site-packages\teradata\tdodbc.py", line 614, in execute
    checkStatus(rc, hStmt=self.hStmt, method="SQLExecDirectW")
  File "C:\Users\vkadimis\AppData\Local\Programs\Python\Python37\lib\site-packages\teradata\tdodbc.py", line 231, in checkStatus
    raise DatabaseError(i[2], u"[{}] {}".format(i[0], msg), i[0])
teradata.api.DatabaseError: (3624, '[HY000] [Teradata][ODBC Teradata Driver][Teradata Database] There are no statistics defined for the table. ')
2020-07-20 16:28:58,981 - teradata.udaexec - ERROR - Query Failed! Duration: 0.500 seconds, Query: show stats on stgdb_dv4.ST_FIN_ADJ_DRR_UPLOAD_LMT_TMP;
Traceback (most recent call last):
  File "C:\Users\vkadimis\AppData\Local\Programs\Python\Python37\lib\site-packages\teradata\udaexec.py", line 790, in _execute
    func(query, params, **kwargs)
  File "C:\Users\vkadimis\AppData\Local\Programs\Python\Python37\lib\site-packages\teradata\tdodbc.py", line 614, in execute
    checkStatus(rc, hStmt=self.hStmt, method="SQLExecDirectW")
  File "C:\Users\vkadimis\AppData\Local\Programs\Python\Python37\lib\site-packages\teradata\tdodbc.py", line 231, in checkStatus
    raise DatabaseError(i[2], u"[{}] {}".format(i[0], msg), i[0])
teradata.api.DatabaseError: (3624, '[HY000] [Teradata][ODBC Teradata Driver][Teradata Database] There are no statistics defined for the table. ')
2020-07-20 16:28:59,621 - teradata.udaexec - INFO - Query Successful. Duration: 0.460 seconds, Rows: 1, Query: show stats on stgdb_dv4.WI_FIN_ADJ_DRR_NG_1;

2020-07-20 16:29:00,581 - teradata.udaexec - INFO - Query Successful. Duration: 0.463 seconds, Rows: 1, Query: show stats on stgdb_dv4.WI_DRR_FIN_ADJ_RULE;

2020-07-20 16:29:01,550 - teradata.udaexec - INFO - Query Successful. Duration: 0.398 seconds, Rows: 1, Query: show stats on stgdb_dv4.WI_FIN_ADJ_DRR_NG_2;

2020-07-20 16:29:02,503 - teradata.udaexec - INFO - Query Successful. Duration: 0.383 seconds, Rows: 1, Query: show stats on stgdb_dv4.WI_MEDIUM_RPT_DRR;

2020-07-20 16:29:03,462 - teradata.udaexec - INFO - Query Successful. Duration: 0.531 seconds, Rows: 1, Query: show stats on stgdb_dv4.WI_PARTY_SAV_MAPPING;

2020-07-20 16:29:04,467 - teradata.udaexec - INFO - Query Successful. Duration: 0.353 seconds, Rows: 1, Query: show stats on stgdb_dv4.WI_MEDIUM_RPT_RSTD;

2020-07-20 16:29:05,383 - teradata.udaexec - INFO - Query Successful. Duration: 0.438 seconds, Rows: 1, Query: show stats on stgdb_dv4.WI_SLS_ACNT_RSTD_MSR_PREV_DRR_NG;

2020-07-20 16:29:06,680 - teradata.udaexec - INFO - Query Successful. Duration: 0.652 seconds, Rows: 1, Query: show stats on stgdb_dv4.wi_medium_rstd_rollup;

2020-07-20 16:29:08,261 - teradata.udaexec - INFO - Query Successful. Duration: 0.599 seconds, Rows: 1, Query: show stats on stgdb_dv4.WI_HIERARCHY_MONTH_RSTMNTS_MID;

2020-07-20 16:29:09,222 - teradata.udaexec - INFO - Query Successful. Duration: 0.502 seconds, Rows: 1, Query: show stats on stgdb_dv4.DRR_TEMP;

2020-07-20 16:29:10,242 - teradata.udaexec - INFO - Query Successful. Duration: 0.372 seconds, Rows: 1, Query: show stats on stgdb_dv4.ACCT_TRN_TEMP;

2020-07-20 16:29:11,462 - teradata.udaexec - INFO - Query Successful. Duration: 0.487 seconds, Rows: 1, Query: show stats on stgdb_dv4.RSTD_TEMP;

2020-07-20 16:29:12,491 - teradata.udaexec - INFO - Query Successful. Duration: 0.373 seconds, Rows: 1, Query: show stats on stgdb_dv4.WI_SUMMARY_SLS_ADJSTMT_DQ_DUPS;

2020-07-20 16:29:13,701 - teradata.udaexec - INFO - Query Successful. Duration: 0.583 seconds, Rows: 1, Query: show stats on stgdb_dv4.WI_N_SUMMARY_SLS_ADJSTMT_DQ;

2020-07-20 16:29:14,529 - teradata.udaexec - INFO - Query Successful. Duration: 0.331 seconds, Rows: 1, Query: show stats on stgdb_dv4.WI_SALES_HIER_DR_FINHIST_ROLLUP;

2020-07-20 16:29:15,950 - teradata.udaexec - INFO - Query Successful. Duration: 0.635 seconds, Rows: 1, Query: show stats on stgdb_dv4.RST_HIST_TEMP;

2020-07-20 16:29:16,951 - teradata.udaexec - INFO - Query Successful. Duration: 0.535 seconds, Rows: 1, Query: show stats on stgdb_dv4.WI_SALES_HIER_DR_FINHIST;

2020-07-20 16:29:18,502 - teradata.udaexec - INFO - Query Successful. Duration: 0.580 seconds, Rows: 1, Query: show stats on stgdb_dv4.WI_SALES_HIER_RST_HIST;

2020-07-20 16:29:19,781 - teradata.udaexec - INFO - Query Successful. Duration: 0.653 seconds, Rows: 1, Query: show stats on stgdb_dv4.WI_HIERARCHY_MONTH_RSTMNTS;

2020-07-20 16:29:20,752 - teradata.udaexec - INFO - Query Successful. Duration: 0.464 seconds, Rows: 1, Query: show stats on stgdb_dv4.DR_FINHIST_TEMP;

2020-07-20 16:29:22,021 - teradata.udaexec - ERROR - Query Failed! Duration: 0.622 seconds, Query: show stats on stgdb_dv4.WI_SUMMARY_SLS_ADJSTMT_DUPS;
Traceback (most recent call last):
  File "C:\Users\vkadimis\AppData\Local\Programs\Python\Python37\lib\site-packages\teradata\udaexec.py", line 790, in _execute
    func(query, params, **kwargs)
  File "C:\Users\vkadimis\AppData\Local\Programs\Python\Python37\lib\site-packages\teradata\tdodbc.py", line 614, in execute
    checkStatus(rc, hStmt=self.hStmt, method="SQLExecDirectW")
  File "C:\Users\vkadimis\AppData\Local\Programs\Python\Python37\lib\site-packages\teradata\tdodbc.py", line 231, in checkStatus
    raise DatabaseError(i[2], u"[{}] {}".format(i[0], msg), i[0])
teradata.api.DatabaseError: (3624, '[HY000] [Teradata][ODBC Teradata Driver][Teradata Database] There are no statistics defined for the table. ')
2020-07-20 16:29:22,664 - teradata.udaexec - INFO - Query Successful. Duration: 0.484 seconds, Rows: 1, Query: show stats on stgdb_dv4.WI_SUMMARY_SLS_ADJSTMT;

2020-07-20 16:29:23,696 - teradata.udaexec - INFO - Query Successful. Duration: 0.381 seconds, Rows: 1, Query: show stats on stgdb_dv4.WI_DYN_RESTMT_SLS_ADJSTMT_ERP;

2020-07-20 16:29:25,272 - teradata.udaexec - INFO - Query Successful. Duration: 0.674 seconds, Rows: 1, Query: show stats on stgdb_dv4.WI_DYN_RESTMT_SLS_ADJSTMT_FNL;

2020-07-20 16:29:26,210 - teradata.udaexec - INFO - Query Successful. Duration: 0.434 seconds, Rows: 1, Query: show stats on stgdb_dv4.WI_DYN_RESTMT_SLS_ADJSTMT;

2020-07-20 16:29:27,781 - teradata.udaexec - INFO - Query Successful. Duration: 0.525 seconds, Rows: 1, Query: show stats on stgdb_dv4.WI_DYN_RESTMT_SLS_ADJ_UPLD;

2020-07-20 16:29:28,742 - teradata.udaexec - INFO - Query Successful. Duration: 0.479 seconds, Rows: 1, Query: show stats on stgdb_dv4.WI_MEDIUM_PRE_RPT;

2020-07-20 16:29:30,021 - teradata.udaexec - INFO - Query Successful. Duration: 0.570 seconds, Rows: 1, Query: show stats on stgdb_dv4.WI_MEDIUM_RPT_DRR;

2020-07-20 16:29:31,303 - teradata.udaexec - INFO - Query Successful. Duration: 0.581 seconds, Rows: 1, Query: show stats on stgdb_dv4.ST_DRR_PL_LOV_DETAILS;

2020-07-20 16:29:32,262 - teradata.udaexec - INFO - Query Successful. Duration: 0.402 seconds, Rows: 1, Query: show stats on stgdb_dv4.ST_DRR_PL_RULES_FDRR;

2020-07-20 16:29:33,545 - teradata.udaexec - INFO - Query Successful. Duration: 0.574 seconds, Rows: 1, Query: show stats on stgdb_dv4.WI_CURRENT_ACTIVE_TERRITORY_FDRR;

2020-07-20 16:29:34,504 - teradata.udaexec - INFO - Query Successful. Duration: 0.459 seconds, Rows: 1, Query: show stats on stgdb_dv4.WI_DRR_BOOKINGS_INCRMENTAL_FDRR;

2020-07-20 16:29:35,782 - teradata.udaexec - INFO - Query Successful. Duration: 0.572 seconds, Rows: 1, Query: show stats on stgdb_dv4.WI_DRR_BOOKINGS_MEASURE_INCR_FDRR;

2020-07-20 16:29:37,061 - teradata.udaexec - INFO - Query Successful. Duration: 0.546 seconds, Rows: 1, Query: show stats on stgdb_dv4.WI_DRR_FA_R14_SHR_DNR_FNL_F_FDRR;

2020-07-20 16:29:38,000 - teradata.udaexec - INFO - Query Successful. Duration: 0.369 seconds, Rows: 1, Query: show stats on stgdb_dv4.WI_DRR_FA_R14_SHR_DNR_FNL_FDRR;

2020-07-20 16:29:39,302 - teradata.udaexec - INFO - Query Successful. Duration: 0.511 seconds, Rows: 1, Query: show stats on stgdb_dv4.WI_DRR_FA_R14_SHR_DNR_FNL_R_FDRR;

2020-07-20 16:29:40,262 - teradata.udaexec - INFO - Query Successful. Duration: 0.482 seconds, Rows: 1, Query: show stats on stgdb_dv4.WI_DRR_MT_SLS_ACNT_RSTD_INCR_FDRR;

2020-07-20 16:29:42,182 - teradata.udaexec - INFO - Query Successful. Duration: 0.541 seconds, Rows: 1, Query: show stats on stgdb_dv4.WI_DRR_NG_FA_R14_SHR_DNR_DEL_FDRR;

2020-07-20 16:29:43,490 - teradata.udaexec - INFO - Query Successful. Duration: 0.574 seconds, Rows: 1, Query: show stats on stgdb_dv4.WI_DRR_NG_FA_R14_SHR_DNR_FDRR;

2020-07-20 16:29:44,421 - teradata.udaexec - INFO - Query Successful. Duration: 0.394 seconds, Rows: 1, Query: show stats on stgdb_dv4.WI_DRR_PL_DELTA_FDRR;

2020-07-20 16:29:45,703 - teradata.udaexec - INFO - Query Successful. Duration: 0.552 seconds, Rows: 1, Query: show stats on stgdb_dv4.WI_DRR_PL_DELTA_1_FDRR;

2020-07-20 16:29:47,000 - teradata.udaexec - INFO - Query Successful. Duration: 0.725 seconds, Rows: 1, Query: show stats on stgdb_dv4.WI_DRR_PL_DELTA_2_FDRR;

2020-07-20 16:29:48,583 - teradata.udaexec - INFO - Query Successful. Duration: 0.588 seconds, Rows: 1, Query: show stats on stgdb_dv4.WI_DRR_PL_RULES_DENORM_FDRR;

2020-07-20 16:29:50,004 - teradata.udaexec - INFO - Query Successful. Duration: 0.680 seconds, Rows: 1, Query: show stats on stgdb_dv4.WI_DRR_PL_RULES_DENORM_BKP_FDRR;

2020-07-20 16:29:51,141 - teradata.udaexec - INFO - Query Successful. Duration: 0.450 seconds, Rows: 1, Query: show stats on stgdb_dv4.WI_DRR_SALES_ACCOUNT_MEASURE_FDRR;

2020-07-20 16:29:52,436 - teradata.udaexec - INFO - Query Successful. Duration: 0.341 seconds, Rows: 1, Query: show stats on stgdb_dv4.WI_DRR_SALES_ACNT_MEASURE_FNL_FDRR;

2020-07-20 16:29:53,482 - teradata.udaexec - INFO - Query Successful. Duration: 0.489 seconds, Rows: 1, Query: show stats on stgdb_dv4.WI_DRR_SALES_ACNT_MEASURE_FNL1_FDRR;

2020-07-20 16:29:54,669 - teradata.udaexec - INFO - Query Successful. Duration: 0.392 seconds, Rows: 1, Query: show stats on stgdb_dv4.WI_DRR_SALES_ACNT_MSRE_FNL_DEL_FDRR;

2020-07-20 16:29:55,943 - teradata.udaexec - INFO - Query Successful. Duration: 0.431 seconds, Rows: 1, Query: show stats on stgdb_dv4.WI_DRR_SYSVIEW_PARTY_FDRR;

2020-07-20 16:29:56,809 - teradata.udaexec - INFO - Query Successful. Duration: 0.361 seconds, Rows: 1, Query: show stats on stgdb_dv4.WI_DRR_SYSVIEW_PARTY_BKP_FDRR;

2020-07-20 16:29:58,340 - teradata.udaexec - INFO - Query Successful. Duration: 0.369 seconds, Rows: 1, Query: show stats on stgdb_dv4.WI_DRR_SYSVW_PARTY_OWN_TER_CHK_FDRR;

2020-07-20 16:29:59,781 - teradata.udaexec - INFO - Query Successful. Duration: 0.514 seconds, Rows: 1, Query: show stats on stgdb_dv4.WI_FIN_ADJ_BOOKINGS_ACTIVE_FDRR;

2020-07-20 16:30:00,769 - teradata.udaexec - INFO - Query Successful. Duration: 0.515 seconds, Rows: 1, Query: show stats on stgdb_dv4.WI_FIN_ADJ_BOOKINGS_ACTIVE_R14_FDRR;

2020-07-20 16:30:02,030 - teradata.udaexec - INFO - Query Successful. Duration: 0.477 seconds, Rows: 1, Query: show stats on stgdb_dv4.WI_FIN_ADJ_BOOKINGS_ALL_FDRR;

2020-07-20 16:30:02,929 - teradata.udaexec - INFO - Query Successful. Duration: 0.377 seconds, Rows: 1, Query: show stats on stgdb_dv4.WI_FIN_ADJ_BOOKINGS_R14_ALL_FDRR;

2020-07-20 16:30:04,113 - teradata.udaexec - INFO - Query Successful. Duration: 0.386 seconds, Rows: 1, Query: show stats on stgdb_dv4.WI_PARTNER_CHANGE_FDRR;

2020-07-20 16:30:05,541 - teradata.udaexec - INFO - Query Successful. Duration: 0.630 seconds, Rows: 1, Query: show stats on stgdb_dv4.WI_SHARE_NON_DNR_DEL_FDRR;

2020-07-20 16:30:06,531 - teradata.udaexec - INFO - Query Successful. Duration: 0.523 seconds, Rows: 1, Query: show stats on stgdb_dv4.ST_DRR_PL_RULES;

2020-07-20 16:30:08,088 - teradata.udaexec - INFO - Query Successful. Duration: 0.392 seconds, Rows: 1, Query: show stats on stgdb_dv4.WI_CURRENT_ACTIVE_TERRITORY;

2020-07-20 16:30:09,049 - teradata.udaexec - INFO - Query Successful. Duration: 0.371 seconds, Rows: 1, Query: show stats on stgdb_dv4.WI_DRR_BOOKINGS_INCRMENTAL;

2020-07-20 16:30:10,672 - teradata.udaexec - INFO - Query Successful. Duration: 0.608 seconds, Rows: 1, Query: show stats on stgdb_dv4.WI_DRR_BOOKINGS_MEASURE_INCR;

2020-07-20 16:30:11,941 - teradata.udaexec - INFO - Query Successful. Duration: 0.462 seconds, Rows: 1, Query: show stats on stgdb_dv4.WI_DRR_FA_R14_SHR_DNR_FNL;

2020-07-20 16:30:12,919 - teradata.udaexec - INFO - Query Successful. Duration: 0.431 seconds, Rows: 1, Query: show stats on stgdb_dv4.WI_DRR_FA_R14_SHR_DNR_FNL_F;

2020-07-20 16:30:14,136 - teradata.udaexec - INFO - Query Successful. Duration: 0.378 seconds, Rows: 1, Query: show stats on stgdb_dv4.WI_DRR_FA_R14_SHR_DNR_FNL_R;

2020-07-20 16:30:15,170 - teradata.udaexec - INFO - Query Successful. Duration: 0.486 seconds, Rows: 1, Query: show stats on stgdb_dv4.WI_DRR_MT_SLS_ACNT_RSTD_INCR;

2020-07-20 16:30:16,431 - teradata.udaexec - INFO - Query Successful. Duration: 0.445 seconds, Rows: 1, Query: show stats on stgdb_dv4.WI_DRR_NG_FA_R14_SHR_DNR;

2020-07-20 16:30:17,612 - teradata.udaexec - INFO - Query Successful. Duration: 0.362 seconds, Rows: 1, Query: show stats on stgdb_dv4.WI_DRR_NG_FA_R14_SHR_DNR_DEL;

2020-07-20 16:30:18,679 - teradata.udaexec - INFO - Query Successful. Duration: 0.492 seconds, Rows: 1, Query: show stats on stgdb_dv4.WI_DRR_PL_DELTA;

2020-07-20 16:30:19,940 - teradata.udaexec - INFO - Query Successful. Duration: 0.374 seconds, Rows: 1, Query: show stats on stgdb_dv4.WI_DRR_PL_DELTA_1;

2020-07-20 16:30:21,326 - teradata.udaexec - INFO - Query Successful. Duration: 0.525 seconds, Rows: 1, Query: show stats on stgdb_dv4.WI_DRR_PL_DELTA_2;

2020-07-20 16:30:22,501 - teradata.udaexec - INFO - Query Successful. Duration: 0.451 seconds, Rows: 1, Query: show stats on stgdb_dv4.WI_DRR_PL_RULES_DENORM;

2020-07-20 16:30:23,812 - teradata.udaexec - INFO - Query Successful. Duration: 0.377 seconds, Rows: 1, Query: show stats on stgdb_dv4.WI_DRR_PL_RULES_DENORM_BKP;

2020-07-20 16:30:24,812 - teradata.udaexec - INFO - Query Successful. Duration: 0.371 seconds, Rows: 1, Query: show stats on stgdb_dv4.WI_DRR_SALES_ACCOUNT_MEASURE;

2020-07-20 16:30:26,420 - teradata.udaexec - INFO - Query Successful. Duration: 0.501 seconds, Rows: 1, Query: show stats on stgdb_dv4.WI_DRR_SALES_ACNT_MEASURE_FNL;

2020-07-20 16:30:27,723 - teradata.udaexec - INFO - Query Successful. Duration: 0.396 seconds, Rows: 1, Query: show stats on stgdb_dv4.WI_DRR_SALES_ACNT_MEASURE_FNL1;

2020-07-20 16:30:28,850 - teradata.udaexec - INFO - Query Successful. Duration: 0.367 seconds, Rows: 1, Query: show stats on stgdb_dv4.WI_DRR_SALES_ACNT_MSRE_FNL_DEL;

2020-07-20 16:30:30,061 - teradata.udaexec - INFO - Query Successful. Duration: 0.354 seconds, Rows: 1, Query: show stats on stgdb_dv4.WI_DRR_SYSVIEW_PARTY;

2020-07-20 16:30:31,148 - teradata.udaexec - INFO - Query Successful. Duration: 0.522 seconds, Rows: 1, Query: show stats on stgdb_dv4.WI_DRR_SYSVIEW_PARTY_BKP;

2020-07-20 16:30:32,369 - teradata.udaexec - INFO - Query Successful. Duration: 0.356 seconds, Rows: 1, Query: show stats on stgdb_dv4.WI_DRR_SYSVW_PARTY_OWN_TER_CHK;

2020-07-20 16:30:33,710 - teradata.udaexec - INFO - Query Successful. Duration: 0.412 seconds, Rows: 1, Query: show stats on stgdb_dv4.WI_FIN_ADJ_BOOKINGS_ACTIVE;

2020-07-20 16:30:34,552 - teradata.udaexec - INFO - Query Successful. Duration: 0.343 seconds, Rows: 1, Query: show stats on stgdb_dv4.WI_FIN_ADJ_BOOKINGS_ACTIVE_R14;

2020-07-20 16:30:35,960 - teradata.udaexec - INFO - Query Successful. Duration: 0.367 seconds, Rows: 1, Query: show stats on stgdb_dv4.WI_FIN_ADJ_BOOKINGS_ALL;

2020-07-20 16:30:36,810 - teradata.udaexec - INFO - Query Successful. Duration: 0.340 seconds, Rows: 1, Query: show stats on stgdb_dv4.WI_FIN_ADJ_BOOKINGS_R14_ALL;

2020-07-20 16:30:38,231 - teradata.udaexec - INFO - Query Successful. Duration: 0.525 seconds, Rows: 1, Query: show stats on stgdb_dv4.WI_PARTNER_CHANGE;

2020-07-20 16:30:39,649 - teradata.udaexec - INFO - Query Successful. Duration: 0.537 seconds, Rows: 1, Query: show stats on stgdb_dv4.WI_SHARE_NON_DNR_DEL;
