2020-07-21 13:19:15,768 - teradata.udaexec - INFO - Initializing UdaExec...
2020-07-21 13:19:15,768 - teradata.udaexec - INFO - Reading config files: ['C:\\etc\\udaexec.ini: Not Found', 'C:\\Users\\vkadimis\\udaexec.ini: Not Found', 'C:\\Users\\vkadimis\\Desktop\\Vamsi Python Scripts\\Show Case\\Find Missing and Present files\\udaexec.ini: Found']
2020-07-21 13:19:15,769 - teradata.udaexec - INFO - Found run number file: "C:\Users\vkadimis\Desktop\Vamsi Python Scripts\Show Case\Find Missing and Present files\.runNumber"
2020-07-21 13:19:15,769 - teradata.udaexec - INFO - Cleaning up log files older than 90 days.
2020-07-21 13:19:15,771 - teradata.udaexec - INFO - Removed 0 log files.
2020-07-21 13:19:17,125 - teradata.udaexec - INFO - Checkpoint file not found: C:\Users\vkadimis\Desktop\Vamsi Python Scripts\Show Case\Find Missing and Present files\impactAnalysis.checkpoint
2020-07-21 13:19:17,125 - teradata.udaexec - INFO - No previous checkpoint found, executing from beginning...
2020-07-21 13:19:17,125 - teradata.udaexec - INFO - Execution Details:
/********************************************************************************
 * Application Name: impactAnalysis
 *          Version: 2
 *       Run Number: 20200721131915-8
 *             Host: VKADIMIS-4NA7P
 *         Platform: Windows-10-10.0.17134-SP0
 *          OS User: vkadimis
 *   Python Version: 3.7.6
 *  Python Compiler: MSC v.1916 64 bit (AMD64)
 *     Python Build: ('tags/v3.7.6:43364a7ae0', 'Dec 19 2019 00:42:30')
 *  UdaExec Version: 15.10.0.21
 *     Program Name: C:\Users\vkadimis\Desktop\Vamsi Python Scripts\Show Case\Find Missing and Present files\check if present.py
 *      Working Dir: C:\Users\vkadimis\Desktop\Vamsi Python Scripts\Show Case\Find Missing and Present files
 *          Log Dir: C:\Users\vkadimis\Desktop\Vamsi Python Scripts\Show Case\Find Missing and Present files\logs
 *         Log File: C:\Users\vkadimis\Desktop\Vamsi Python Scripts\Show Case\Find Missing and Present files\logs\impactAnalysis.20200721131915-8.log
 *     Config Files: ['C:\\etc\\udaexec.ini: Not Found', 'C:\\Users\\vkadimis\\udaexec.ini: Not Found', 'C:\\Users\\vkadimis\\Desktop\\Vamsi Python Scripts\\Show Case\\Find Missing and Present files\\udaexec.ini: Found']
 *      Query Bands: ApplicationName=impactAnalysis;Version=2;JobID=20200721131915-8;ClientUser=vkadimis;Production=False;udaAppLogFile=C:\Users\vkadimis\Desktop\Vamsi Python Scripts\Show Case\Find Missing and Present files\logs\impactAnalysis.20200721131915-8.log;UtilityName=PyTd;UtilityVersion=15.10.0.21
********************************************************************************/
2020-07-21 13:19:17,126 - teradata.udaexec - INFO - Creating connection: {'method': 'odbc', 'system': 'TDDEV', 'username': 'vkadimis', 'password': 'XXXXXX', 'driver': 'Teradata', 'authentication': 'LDAP'}
2020-07-21 13:19:17,256 - teradata.tdodbc - INFO - Available drivers: SQL Server, Oracle in OraClient12Home1, BMF SQLite3 ODBC Driver, DataDirect 7.1 DB2 Wire Protocol, DataDirect 7.1 Informix Wire Protocol, DataDirect 7.1 Sybase Wire Protocol, DataDirect 7.1 SQL Server Wire Protocol, DataDirect 7.1 dBaseFile, DataDirect 7.1 FoxPro 3.0, DataDirect 7.1 MySQL Wire Protocol, DataDirect 7.1 New SQL Server Wire Protocol, DataDirect 7.1 Greenplum Wire Protocol, Informatica MongoDB ODBC Driver, DataDirect 7.1 Oracle Wire Protocol, Informatica Data Services ODBC Driver 10.1.0, Informatica Cassandra ODBC Driver, Teradata, Teradata 7.1 DB2 Wire Protocol, Teradata 7.1 Oracle, Teradata 7.1 Oracle Wire Protocol, Teradata 7.1 SQL Server Legacy Wire Protocol, Teradata 7.1 SQL Server Wire Protocol, DataDirect 8.0 New SQL Server Wire Protocol, DataDirect 7.1 PostgreSQL Wire Protocol, DataDirect 8.0 Oracle Wire Protocol, Informatica Data Services ODBC Driver 10.4.0
2020-07-21 13:19:30,242 - teradata.udaexec - INFO - Connection successful. Duration: 13.116 seconds. Details: {'method': 'odbc', 'system': 'TDDEV', 'username': 'vkadimis', 'password': 'XXXXXX', 'driver': 'Teradata', 'authentication': 'LDAP'}
2020-07-21 13:19:30,609 - teradata.udaexec - ERROR - Query Failed! Duration: 0.362 seconds, Query: show stats on stgdb_dv4.WI_SQ_SALES_HIERARCHY_CONF;
Traceback (most recent call last):
  File "C:\Users\vkadimis\AppData\Local\Programs\Python\Python37\lib\site-packages\teradata\udaexec.py", line 790, in _execute
    func(query, params, **kwargs)
  File "C:\Users\vkadimis\AppData\Local\Programs\Python\Python37\lib\site-packages\teradata\tdodbc.py", line 614, in execute
    checkStatus(rc, hStmt=self.hStmt, method="SQLExecDirectW")
  File "C:\Users\vkadimis\AppData\Local\Programs\Python\Python37\lib\site-packages\teradata\tdodbc.py", line 231, in checkStatus
    raise DatabaseError(i[2], u"[{}] {}".format(i[0], msg), i[0])
teradata.api.DatabaseError: (3624, '[HY000] [Teradata][ODBC Teradata Driver][Teradata Database] There are no statistics defined for the table. ')
2020-07-21 13:19:31,088 - teradata.udaexec - ERROR - Query Failed! Duration: 0.468 seconds, Query: show stats on stgdb_dv4.ST_SHR_TEAM_MEMBERS_V;
Traceback (most recent call last):
  File "C:\Users\vkadimis\AppData\Local\Programs\Python\Python37\lib\site-packages\teradata\udaexec.py", line 790, in _execute
    func(query, params, **kwargs)
  File "C:\Users\vkadimis\AppData\Local\Programs\Python\Python37\lib\site-packages\teradata\tdodbc.py", line 614, in execute
    checkStatus(rc, hStmt=self.hStmt, method="SQLExecDirectW")
  File "C:\Users\vkadimis\AppData\Local\Programs\Python\Python37\lib\site-packages\teradata\tdodbc.py", line 231, in checkStatus
    raise DatabaseError(i[2], u"[{}] {}".format(i[0], msg), i[0])
teradata.api.DatabaseError: (3624, '[HY000] [Teradata][ODBC Teradata Driver][Teradata Database] There are no statistics defined for the table. ')
2020-07-21 13:19:31,447 - teradata.udaexec - INFO - Query Successful. Duration: 0.355 seconds, Rows: 1, Query: show stats on stgdb_dv4.ST_SHR_MASTER_VERSNS_V_CONF;

2020-07-21 13:19:32,120 - teradata.udaexec - INFO - Query Successful. Duration: 0.337 seconds, Rows: 1, Query: show stats on stgdb_dv4.ST_SHR_NODE_REL_CONFIRMED;

2020-07-21 13:19:33,054 - teradata.udaexec - INFO - Query Successful. Duration: 0.366 seconds, Rows: 1, Query: show stats on stgdb_dv4.ST_SHR_STRUCT_INTERFACE_V_CONF;

2020-07-21 13:19:33,745 - teradata.udaexec - INFO - Query Successful. Duration: 0.351 seconds, Rows: 1, Query: show stats on stgdb_dv4.ST_SHR_NODE_ATTRIBUTE_V_CNF;

2020-07-21 13:19:34,443 - teradata.udaexec - INFO - Query Successful. Duration: 0.361 seconds, Rows: 1, Query: show stats on stgdb_dv4.ST_SHR_MARKET_SEGMENT_V_CNF;

2020-07-21 13:19:35,297 - teradata.udaexec - INFO - Query Successful. Duration: 0.353 seconds, Rows: 1, Query: show stats on stgdb_dv4.ST_SHR_TEAM_MEMBERS;

2020-07-21 13:19:36,230 - teradata.udaexec - INFO - Query Successful. Duration: 0.332 seconds, Rows: 1, Query: show stats on stgdb_dv4.WI_COUNTRY_MISMATCH_RPT;

2020-07-21 13:19:37,203 - teradata.udaexec - INFO - Query Successful. Duration: 0.344 seconds, Rows: 1, Query: show stats on stgdb_dv4.WI_MEDIUM_PRE_RPT;

2020-07-21 13:19:38,238 - teradata.udaexec - INFO - Query Successful. Duration: 0.370 seconds, Rows: 1, Query: show stats on stgdb_dv4.WI_DRR_SYSVIEW_PARTY;

2020-07-21 13:19:38,954 - teradata.udaexec - INFO - Query Successful. Duration: 0.322 seconds, Rows: 1, Query: show stats on stgdb_dv4.WI_FIN_ADJ_BOOKINGS_ALL;

2020-07-21 13:19:39,732 - teradata.udaexec - INFO - Query Successful. Duration: 0.325 seconds, Rows: 1, Query: show stats on stgdb_dv4.WI_DRR_FIN_ADJ_RULE3_PARTY_SAV;

2020-07-21 13:19:40,607 - teradata.udaexec - INFO - Query Successful. Duration: 0.541 seconds, Rows: 1, Query: show stats on stgdb_dv4.WI_DRR_SALES_ACNT_MEASURE_FNL;

2020-07-21 13:19:41,548 - teradata.udaexec - INFO - Query Successful. Duration: 0.473 seconds, Rows: 1, Query: show stats on stgdb_dv4.WI_DRR_BOOKINGS_PARTY_ENRICH;

2020-07-21 13:19:42,289 - teradata.udaexec - INFO - Query Successful. Duration: 0.407 seconds, Rows: 1, Query: show stats on stgdb_dv4.WI_DRR_FA_R14_SHR_DNR_FNL;

2020-07-21 13:19:42,958 - teradata.udaexec - INFO - Query Successful. Duration: 0.338 seconds, Rows: 1, Query: show stats on stgdb_dv4.ST_USER_ROLE;

2020-07-21 13:19:43,637 - teradata.udaexec - INFO - Query Successful. Duration: 0.346 seconds, Rows: 1, Query: show stats on stgdb_dv4.ST_FIN_ADJ_UPLOAD_AUD;

2020-07-21 13:19:44,367 - teradata.udaexec - INFO - Query Successful. Duration: 0.375 seconds, Rows: 1, Query: show stats on stgdb_dv4.WI_FIN_ADJ_BOOKINGS_R14_ALL;

2020-07-21 13:19:45,075 - teradata.udaexec - INFO - Query Successful. Duration: 0.351 seconds, Rows: 1, Query: show stats on stgdb_dv4.WI_DRR_FA_R14_SHR_DNR_FNL_F;

2020-07-21 13:19:45,809 - teradata.udaexec - INFO - Query Successful. Duration: 0.361 seconds, Rows: 1, Query: show stats on stgdb_dv4.BKGS_DATA;

2020-07-21 13:19:46,487 - teradata.udaexec - INFO - Query Successful. Duration: 0.348 seconds, Rows: 1, Query: show stats on stgdb_dv4.ST_ACT_INACT_NODE_MAP_DRR;

2020-07-21 13:19:47,258 - teradata.udaexec - INFO - Query Successful. Duration: 0.359 seconds, Rows: 1, Query: show stats on stgdb_dv4.EL_ACT_INACT_NODE_MAP_DRR_FDRR;

2020-07-21 13:19:47,945 - teradata.udaexec - INFO - Query Successful. Duration: 0.357 seconds, Rows: 1, Query: show stats on stgdb_dv4.WI_SUMMARY_DYN_SLS_ADJ_UPLD;

2020-07-21 13:19:48,628 - teradata.udaexec - INFO - Query Successful. Duration: 0.346 seconds, Rows: 1, Query: show stats on stgdb_dv4.EL_SUMMARY_DYN_SLS_ADJ_UPLD;

2020-07-21 13:19:49,313 - teradata.udaexec - INFO - Query Successful. Duration: 0.376 seconds, Rows: 1, Query: show stats on stgdb_dv4.WI_DRRAR_PROCESS_CONTROL;

2020-07-21 13:19:50,080 - teradata.udaexec - INFO - Query Successful. Duration: 0.443 seconds, Rows: 1, Query: show stats on stgdb_dv4.WI_MEDIUM_RPT;

2020-07-21 13:19:50,790 - teradata.udaexec - INFO - Query Successful. Duration: 0.362 seconds, Rows: 1, Query: show stats on stgdb_dv4.RSW_BOOK_NET_DERIVATION;

2020-07-21 13:19:51,500 - teradata.udaexec - INFO - Query Successful. Duration: 0.380 seconds, Rows: 1, Query: show stats on stgdb_dv4.WI_SAAS_FLG_DERIVATION;

2020-07-21 13:19:52,165 - teradata.udaexec - INFO - Query Successful. Duration: 0.330 seconds, Rows: 1, Query: show stats on stgdb_dv4.SALES_REP_WHITELIST;

2020-07-21 13:19:52,830 - teradata.udaexec - INFO - Query Successful. Duration: 0.337 seconds, Rows: 1, Query: show stats on stgdb_dv4.REVERSE_INSERTS;

2020-07-21 13:19:53,517 - teradata.udaexec - INFO - Query Successful. Duration: 0.354 seconds, Rows: 1, Query: show stats on stgdb_dv4.NG_DISTINCT_BMK_REVERSE;

2020-07-21 13:19:54,205 - teradata.udaexec - INFO - Query Successful. Duration: 0.340 seconds, Rows: 1, Query: show stats on stgdb_dv4.NG_DISTINCT_BMK_FWD;

2020-07-21 13:19:54,940 - teradata.udaexec - INFO - Query Successful. Duration: 0.403 seconds, Rows: 1, Query: show stats on stgdb_dv4.DRR_FINADJ;

2020-07-21 13:19:55,743 - teradata.udaexec - ERROR - Query Failed! Duration: 0.445 seconds, Query: show stats on stgdb_dv4.MT_SLS_ACNT_RSTD_MSR_FDRRNG_DEL;
Traceback (most recent call last):
  File "C:\Users\vkadimis\AppData\Local\Programs\Python\Python37\lib\site-packages\teradata\udaexec.py", line 790, in _execute
    func(query, params, **kwargs)
  File "C:\Users\vkadimis\AppData\Local\Programs\Python\Python37\lib\site-packages\teradata\tdodbc.py", line 614, in execute
    checkStatus(rc, hStmt=self.hStmt, method="SQLExecDirectW")
  File "C:\Users\vkadimis\AppData\Local\Programs\Python\Python37\lib\site-packages\teradata\tdodbc.py", line 231, in checkStatus
    raise DatabaseError(i[2], u"[{}] {}".format(i[0], msg), i[0])
teradata.api.DatabaseError: (3624, '[HY000] [Teradata][ODBC Teradata Driver][Teradata Database] There are no statistics defined for the table. ')
2020-07-21 13:19:56,173 - teradata.udaexec - INFO - Query Successful. Duration: 0.426 seconds, Rows: 1, Query: show stats on stgdb_dv4.WI_NODE_LEVEL_PRE_RPT;

2020-07-21 13:19:56,999 - teradata.udaexec - INFO - Query Successful. Duration: 0.420 seconds, Rows: 1, Query: show stats on stgdb_dv4.WI_DRR_SALES_ACNT_MEASURE_FNL2;

2020-07-21 13:19:57,817 - teradata.udaexec - INFO - Query Successful. Duration: 0.469 seconds, Rows: 1, Query: show stats on stgdb_dv4.WI_DRR_SALES_ACNT_MEASURE_FNL_SPLIT;

2020-07-21 13:19:59,078 - teradata.udaexec - INFO - Query Successful. Duration: 0.424 seconds, Rows: 1, Query: show stats on stgdb_dv4.WI_MT_XAAS_SMC_ATTRIB_NRTR;

2020-07-21 13:19:59,764 - teradata.udaexec - ERROR - Query Failed! Duration: 0.352 seconds, Query: show stats on stgdb_dv4.ST_XXANP_FIN_SAV_DESCR;
Traceback (most recent call last):
  File "C:\Users\vkadimis\AppData\Local\Programs\Python\Python37\lib\site-packages\teradata\udaexec.py", line 790, in _execute
    func(query, params, **kwargs)
  File "C:\Users\vkadimis\AppData\Local\Programs\Python\Python37\lib\site-packages\teradata\tdodbc.py", line 614, in execute
    checkStatus(rc, hStmt=self.hStmt, method="SQLExecDirectW")
  File "C:\Users\vkadimis\AppData\Local\Programs\Python\Python37\lib\site-packages\teradata\tdodbc.py", line 231, in checkStatus
    raise DatabaseError(i[2], u"[{}] {}".format(i[0], msg), i[0])
teradata.api.DatabaseError: (3624, '[HY000] [Teradata][ODBC Teradata Driver][Teradata Database] There are no statistics defined for the table. ')
2020-07-21 13:20:00,135 - teradata.udaexec - INFO - Query Successful. Duration: 0.362 seconds, Rows: 1, Query: show stats on stgdb_dv4.WI_SUMMARY_SLS_ADJSTMT_DQ;

2020-07-21 13:20:00,867 - teradata.udaexec - ERROR - Query Failed! Duration: 0.356 seconds, Query: show stats on stgdb_dv4.ST_FIN_ADJ_DRR_UPLOAD_LMT;
Traceback (most recent call last):
  File "C:\Users\vkadimis\AppData\Local\Programs\Python\Python37\lib\site-packages\teradata\udaexec.py", line 790, in _execute
    func(query, params, **kwargs)
  File "C:\Users\vkadimis\AppData\Local\Programs\Python\Python37\lib\site-packages\teradata\tdodbc.py", line 614, in execute
    checkStatus(rc, hStmt=self.hStmt, method="SQLExecDirectW")
  File "C:\Users\vkadimis\AppData\Local\Programs\Python\Python37\lib\site-packages\teradata\tdodbc.py", line 231, in checkStatus
    raise DatabaseError(i[2], u"[{}] {}".format(i[0], msg), i[0])
teradata.api.DatabaseError: (3624, '[HY000] [Teradata][ODBC Teradata Driver][Teradata Database] There are no statistics defined for the table. ')
2020-07-21 13:20:01,265 - teradata.udaexec - INFO - Query Successful. Duration: 0.389 seconds, Rows: 1, Query: show stats on stgdb_dv4.WI_FIN_ADJ_DRR_NG_3;

2020-07-21 13:20:02,122 - teradata.udaexec - INFO - Query Successful. Duration: 0.400 seconds, Rows: 1, Query: show stats on stgdb_dv4.WI_NODE_LEVEL_RPT;

2020-07-21 13:20:03,043 - teradata.udaexec - INFO - Query Successful. Duration: 0.381 seconds, Rows: 1, Query: show stats on stgdb_dv4.ST_FIN_ADJ_DRR_UPLOAD;

2020-07-21 13:20:03,747 - teradata.udaexec - ERROR - Query Failed! Duration: 0.362 seconds, Query: show stats on stgdb_dv4.ST_XXANP_FIN_ADJ_DRRNG_UPLOAD;
Traceback (most recent call last):
  File "C:\Users\vkadimis\AppData\Local\Programs\Python\Python37\lib\site-packages\teradata\udaexec.py", line 790, in _execute
    func(query, params, **kwargs)
  File "C:\Users\vkadimis\AppData\Local\Programs\Python\Python37\lib\site-packages\teradata\tdodbc.py", line 614, in execute
    checkStatus(rc, hStmt=self.hStmt, method="SQLExecDirectW")
  File "C:\Users\vkadimis\AppData\Local\Programs\Python\Python37\lib\site-packages\teradata\tdodbc.py", line 231, in checkStatus
    raise DatabaseError(i[2], u"[{}] {}".format(i[0], msg), i[0])
teradata.api.DatabaseError: (3624, '[HY000] [Teradata][ODBC Teradata Driver][Teradata Database] There are no statistics defined for the table. ')
2020-07-21 13:20:04,099 - teradata.udaexec - INFO - Query Successful. Duration: 0.348 seconds, Rows: 1, Query: show stats on stgdb_dv4.ST_FILE_UPLOAD_AUD;

2020-07-21 13:20:04,770 - teradata.udaexec - ERROR - Query Failed! Duration: 0.350 seconds, Query: show stats on stgdb_dv4.ST_FIN_WW_USER_ROLE;
Traceback (most recent call last):
  File "C:\Users\vkadimis\AppData\Local\Programs\Python\Python37\lib\site-packages\teradata\udaexec.py", line 790, in _execute
    func(query, params, **kwargs)
  File "C:\Users\vkadimis\AppData\Local\Programs\Python\Python37\lib\site-packages\teradata\tdodbc.py", line 614, in execute
    checkStatus(rc, hStmt=self.hStmt, method="SQLExecDirectW")
  File "C:\Users\vkadimis\AppData\Local\Programs\Python\Python37\lib\site-packages\teradata\tdodbc.py", line 231, in checkStatus
    raise DatabaseError(i[2], u"[{}] {}".format(i[0], msg), i[0])
teradata.api.DatabaseError: (3624, '[HY000] [Teradata][ODBC Teradata Driver][Teradata Database] There are no statistics defined for the table. ')
2020-07-21 13:20:05,152 - teradata.udaexec - ERROR - Query Failed! Duration: 0.374 seconds, Query: show stats on stgdb_dv4.WI_AUD_DRR_FDRR;
Traceback (most recent call last):
  File "C:\Users\vkadimis\AppData\Local\Programs\Python\Python37\lib\site-packages\teradata\udaexec.py", line 790, in _execute
    func(query, params, **kwargs)
  File "C:\Users\vkadimis\AppData\Local\Programs\Python\Python37\lib\site-packages\teradata\tdodbc.py", line 614, in execute
    checkStatus(rc, hStmt=self.hStmt, method="SQLExecDirectW")
  File "C:\Users\vkadimis\AppData\Local\Programs\Python\Python37\lib\site-packages\teradata\tdodbc.py", line 231, in checkStatus
    raise DatabaseError(i[2], u"[{}] {}".format(i[0], msg), i[0])
teradata.api.DatabaseError: (3624, '[HY000] [Teradata][ODBC Teradata Driver][Teradata Database] There are no statistics defined for the table. ')
2020-07-21 13:20:05,506 - teradata.udaexec - INFO - Query Successful. Duration: 0.350 seconds, Rows: 1, Query: show stats on stgdb_dv4.WI_DRR_BOOKINGS_INCRMENTAL;

2020-07-21 13:20:06,243 - teradata.udaexec - INFO - Query Successful. Duration: 0.360 seconds, Rows: 1, Query: show stats on stgdb_dv4.WI_DRR_NAMED_ACCOUNT;

2020-07-21 13:20:06,974 - teradata.udaexec - INFO - Query Successful. Duration: 0.414 seconds, Rows: 1, Query: show stats on stgdb_dv4.WI_DRR_NAMED_ACC_AS_SAV;

2020-07-21 13:20:07,629 - teradata.udaexec - INFO - Query Successful. Duration: 0.331 seconds, Rows: 1, Query: show stats on stgdb_dv4.WI_DRR_NAMED_ACC_BKGS_INCR;

2020-07-21 13:20:08,327 - teradata.udaexec - INFO - Query Successful. Duration: 0.339 seconds, Rows: 1, Query: show stats on stgdb_dv4.WI_DRR_NAMED_ACCOUNT_SHL;

2020-07-21 13:20:09,401 - teradata.udaexec - INFO - Query Successful. Duration: 0.444 seconds, Rows: 1, Query: show stats on stgdb_dv4.WI_DRR_NAMED_ACC_SYSPARTY;

2020-07-21 13:20:10,117 - teradata.udaexec - INFO - Query Successful. Duration: 0.362 seconds, Rows: 1, Query: show stats on stgdb_dv4.WI_DRR_NAMED_ACCOUNT_ROUND_OFF;

2020-07-21 13:20:10,808 - teradata.udaexec - INFO - Query Successful. Duration: 0.343 seconds, Rows: 1, Query: show stats on stgdb_dv4.WI_DRR_NAMED_ACC_SHRD_SPLIT;

2020-07-21 13:20:11,494 - teradata.udaexec - INFO - Query Successful. Duration: 0.354 seconds, Rows: 1, Query: show stats on stgdb_dv4.WI_DRR_GEO_ACCOUNT_MATCH;

2020-07-21 13:20:12,193 - teradata.udaexec - INFO - Query Successful. Duration: 0.367 seconds, Rows: 1, Query: show stats on stgdb_dv4.WI_DRR_PL_RULES_ENRICHMENT;

2020-07-21 13:20:12,977 - teradata.udaexec - INFO - Query Successful. Duration: 0.354 seconds, Rows: 1, Query: show stats on stgdb_dv4.WI_DRR_BOOKINGS_MSR_DENORM;

2020-07-21 13:20:13,708 - teradata.udaexec - INFO - Query Successful. Duration: 0.404 seconds, Rows: 1, Query: show stats on stgdb_dv4.WI_FIN_ADJ_DRR;

2020-07-21 13:20:14,400 - teradata.udaexec - ERROR - Query Failed! Duration: 0.341 seconds, Query: show stats on stgdb_dv4.FIN_ADJ_CNFLT;
Traceback (most recent call last):
  File "C:\Users\vkadimis\AppData\Local\Programs\Python\Python37\lib\site-packages\teradata\udaexec.py", line 790, in _execute
    func(query, params, **kwargs)
  File "C:\Users\vkadimis\AppData\Local\Programs\Python\Python37\lib\site-packages\teradata\tdodbc.py", line 614, in execute
    checkStatus(rc, hStmt=self.hStmt, method="SQLExecDirectW")
  File "C:\Users\vkadimis\AppData\Local\Programs\Python\Python37\lib\site-packages\teradata\tdodbc.py", line 231, in checkStatus
    raise DatabaseError(i[2], u"[{}] {}".format(i[0], msg), i[0])
teradata.api.DatabaseError: (3624, '[HY000] [Teradata][ODBC Teradata Driver][Teradata Database] There are no statistics defined for the table. ')
2020-07-21 13:20:14,749 - teradata.udaexec - ERROR - Query Failed! Duration: 0.345 seconds, Query: show stats on stgdb_dv4.ST_FIN_ADJ_DRR_UPLOAD_LMT_TMP;
Traceback (most recent call last):
  File "C:\Users\vkadimis\AppData\Local\Programs\Python\Python37\lib\site-packages\teradata\udaexec.py", line 790, in _execute
    func(query, params, **kwargs)
  File "C:\Users\vkadimis\AppData\Local\Programs\Python\Python37\lib\site-packages\teradata\tdodbc.py", line 614, in execute
    checkStatus(rc, hStmt=self.hStmt, method="SQLExecDirectW")
  File "C:\Users\vkadimis\AppData\Local\Programs\Python\Python37\lib\site-packages\teradata\tdodbc.py", line 231, in checkStatus
    raise DatabaseError(i[2], u"[{}] {}".format(i[0], msg), i[0])
teradata.api.DatabaseError: (3624, '[HY000] [Teradata][ODBC Teradata Driver][Teradata Database] There are no statistics defined for the table. ')
2020-07-21 13:20:15,103 - teradata.udaexec - INFO - Query Successful. Duration: 0.349 seconds, Rows: 1, Query: show stats on stgdb_dv4.WI_FIN_ADJ_DRR_NG_1;

2020-07-21 13:20:15,815 - teradata.udaexec - INFO - Query Successful. Duration: 0.379 seconds, Rows: 1, Query: show stats on stgdb_dv4.WI_DRR_FIN_ADJ_RULE;

2020-07-21 13:20:16,543 - teradata.udaexec - INFO - Query Successful. Duration: 0.374 seconds, Rows: 1, Query: show stats on stgdb_dv4.WI_FIN_ADJ_DRR_NG_2;

2020-07-21 13:20:17,525 - teradata.udaexec - INFO - Query Successful. Duration: 0.382 seconds, Rows: 1, Query: show stats on stgdb_dv4.WI_MEDIUM_RPT_DRR;

2020-07-21 13:20:18,260 - teradata.udaexec - INFO - Query Successful. Duration: 0.372 seconds, Rows: 1, Query: show stats on stgdb_dv4.WI_PARTY_SAV_MAPPING;

2020-07-21 13:20:18,961 - teradata.udaexec - INFO - Query Successful. Duration: 0.383 seconds, Rows: 1, Query: show stats on stgdb_dv4.WI_MEDIUM_RPT_RSTD;

2020-07-21 13:20:19,677 - teradata.udaexec - INFO - Query Successful. Duration: 0.375 seconds, Rows: 1, Query: show stats on stgdb_dv4.WI_SLS_ACNT_RSTD_MSR_PREV_DRR_NG;

2020-07-21 13:20:20,853 - teradata.udaexec - INFO - Query Successful. Duration: 0.700 seconds, Rows: 1, Query: show stats on stgdb_dv4.wi_medium_rstd_rollup;

2020-07-21 13:20:21,558 - teradata.udaexec - INFO - Query Successful. Duration: 0.354 seconds, Rows: 1, Query: show stats on stgdb_dv4.WI_HIERARCHY_MONTH_RSTMNTS_MID;

2020-07-21 13:20:22,310 - teradata.udaexec - INFO - Query Successful. Duration: 0.366 seconds, Rows: 1, Query: show stats on stgdb_dv4.DRR_TEMP;

2020-07-21 13:20:23,017 - teradata.udaexec - INFO - Query Successful. Duration: 0.369 seconds, Rows: 1, Query: show stats on stgdb_dv4.ACCT_TRN_TEMP;

2020-07-21 13:20:23,745 - teradata.udaexec - INFO - Query Successful. Duration: 0.381 seconds, Rows: 1, Query: show stats on stgdb_dv4.RSTD_TEMP;

2020-07-21 13:20:24,409 - teradata.udaexec - INFO - Query Successful. Duration: 0.333 seconds, Rows: 1, Query: show stats on stgdb_dv4.WI_SUMMARY_SLS_ADJSTMT_DQ_DUPS;

2020-07-21 13:20:25,085 - teradata.udaexec - INFO - Query Successful. Duration: 0.332 seconds, Rows: 1, Query: show stats on stgdb_dv4.WI_N_SUMMARY_SLS_ADJSTMT_DQ;

2020-07-21 13:20:25,773 - teradata.udaexec - INFO - Query Successful. Duration: 0.353 seconds, Rows: 1, Query: show stats on stgdb_dv4.WI_SALES_HIER_DR_FINHIST_ROLLUP;

2020-07-21 13:20:26,494 - teradata.udaexec - INFO - Query Successful. Duration: 0.376 seconds, Rows: 1, Query: show stats on stgdb_dv4.RST_HIST_TEMP;

2020-07-21 13:20:27,194 - teradata.udaexec - INFO - Query Successful. Duration: 0.353 seconds, Rows: 1, Query: show stats on stgdb_dv4.WI_SALES_HIER_DR_FINHIST;

2020-07-21 13:20:28,063 - teradata.udaexec - INFO - Query Successful. Duration: 0.477 seconds, Rows: 1, Query: show stats on stgdb_dv4.WI_SALES_HIER_RST_HIST;

2020-07-21 13:20:28,784 - teradata.udaexec - INFO - Query Successful. Duration: 0.376 seconds, Rows: 1, Query: show stats on stgdb_dv4.WI_HIERARCHY_MONTH_RSTMNTS;

2020-07-21 13:20:29,568 - teradata.udaexec - INFO - Query Successful. Duration: 0.350 seconds, Rows: 1, Query: show stats on stgdb_dv4.DR_FINHIST_TEMP;

2020-07-21 13:20:30,511 - teradata.udaexec - ERROR - Query Failed! Duration: 0.578 seconds, Query: show stats on stgdb_dv4.WI_SUMMARY_SLS_ADJSTMT_DUPS;
Traceback (most recent call last):
  File "C:\Users\vkadimis\AppData\Local\Programs\Python\Python37\lib\site-packages\teradata\udaexec.py", line 790, in _execute
    func(query, params, **kwargs)
  File "C:\Users\vkadimis\AppData\Local\Programs\Python\Python37\lib\site-packages\teradata\tdodbc.py", line 614, in execute
    checkStatus(rc, hStmt=self.hStmt, method="SQLExecDirectW")
  File "C:\Users\vkadimis\AppData\Local\Programs\Python\Python37\lib\site-packages\teradata\tdodbc.py", line 231, in checkStatus
    raise DatabaseError(i[2], u"[{}] {}".format(i[0], msg), i[0])
teradata.api.DatabaseError: (3624, '[HY000] [Teradata][ODBC Teradata Driver][Teradata Database] There are no statistics defined for the table. ')
2020-07-21 13:20:30,883 - teradata.udaexec - INFO - Query Successful. Duration: 0.367 seconds, Rows: 1, Query: show stats on stgdb_dv4.WI_SUMMARY_SLS_ADJSTMT;

2020-07-21 13:20:31,567 - teradata.udaexec - INFO - Query Successful. Duration: 0.358 seconds, Rows: 1, Query: show stats on stgdb_dv4.WI_DYN_RESTMT_SLS_ADJSTMT_ERP;

2020-07-21 13:20:32,380 - teradata.udaexec - INFO - Query Successful. Duration: 0.420 seconds, Rows: 1, Query: show stats on stgdb_dv4.WI_DYN_RESTMT_SLS_ADJSTMT_FNL;

2020-07-21 13:20:33,133 - teradata.udaexec - INFO - Query Successful. Duration: 0.412 seconds, Rows: 1, Query: show stats on stgdb_dv4.WI_DYN_RESTMT_SLS_ADJSTMT;

2020-07-21 13:20:33,820 - teradata.udaexec - INFO - Query Successful. Duration: 0.362 seconds, Rows: 1, Query: show stats on stgdb_dv4.WI_DYN_RESTMT_SLS_ADJ_UPLD;

2020-07-21 13:20:34,502 - teradata.udaexec - INFO - Query Successful. Duration: 0.345 seconds, Rows: 1, Query: show stats on stgdb_dv4.WI_MEDIUM_PRE_RPT;

2020-07-21 13:20:35,179 - teradata.udaexec - INFO - Query Successful. Duration: 0.338 seconds, Rows: 1, Query: show stats on stgdb_dv4.WI_MEDIUM_RPT_DRR;

2020-07-21 13:20:35,829 - teradata.udaexec - INFO - Query Successful. Duration: 0.328 seconds, Rows: 1, Query: show stats on stgdb_dv4.ST_DRR_PL_LOV_DETAILS;

2020-07-21 13:20:36,543 - teradata.udaexec - INFO - Query Successful. Duration: 0.371 seconds, Rows: 1, Query: show stats on stgdb_dv4.ST_DRR_PL_RULES_FDRR;

2020-07-21 13:20:37,236 - teradata.udaexec - INFO - Query Successful. Duration: 0.355 seconds, Rows: 1, Query: show stats on stgdb_dv4.WI_CURRENT_ACTIVE_TERRITORY_FDRR;

2020-07-21 13:20:37,927 - teradata.udaexec - INFO - Query Successful. Duration: 0.358 seconds, Rows: 1, Query: show stats on stgdb_dv4.WI_DRR_BOOKINGS_INCRMENTAL_FDRR;

2020-07-21 13:20:38,664 - teradata.udaexec - INFO - Query Successful. Duration: 0.386 seconds, Rows: 1, Query: show stats on stgdb_dv4.WI_DRR_BOOKINGS_MEASURE_INCR_FDRR;

2020-07-21 13:20:39,368 - teradata.udaexec - INFO - Query Successful. Duration: 0.364 seconds, Rows: 1, Query: show stats on stgdb_dv4.WI_DRR_FA_R14_SHR_DNR_FNL_F_FDRR;

2020-07-21 13:20:40,081 - teradata.udaexec - INFO - Query Successful. Duration: 0.358 seconds, Rows: 1, Query: show stats on stgdb_dv4.WI_DRR_FA_R14_SHR_DNR_FNL_FDRR;

2020-07-21 13:20:40,799 - teradata.udaexec - INFO - Query Successful. Duration: 0.375 seconds, Rows: 1, Query: show stats on stgdb_dv4.WI_DRR_FA_R14_SHR_DNR_FNL_R_FDRR;

2020-07-21 13:20:41,524 - teradata.udaexec - INFO - Query Successful. Duration: 0.376 seconds, Rows: 1, Query: show stats on stgdb_dv4.WI_DRR_MT_SLS_ACNT_RSTD_INCR_FDRR;

2020-07-21 13:20:42,328 - teradata.udaexec - INFO - Query Successful. Duration: 0.468 seconds, Rows: 1, Query: show stats on stgdb_dv4.WI_DRR_NG_FA_R14_SHR_DNR_DEL_FDRR;

2020-07-21 13:20:43,051 - teradata.udaexec - INFO - Query Successful. Duration: 0.382 seconds, Rows: 1, Query: show stats on stgdb_dv4.WI_DRR_NG_FA_R14_SHR_DNR_FDRR;

2020-07-21 13:20:43,969 - teradata.udaexec - INFO - Query Successful. Duration: 0.369 seconds, Rows: 1, Query: show stats on stgdb_dv4.WI_DRR_PL_DELTA_FDRR;

2020-07-21 13:20:45,100 - teradata.udaexec - INFO - Query Successful. Duration: 0.664 seconds, Rows: 1, Query: show stats on stgdb_dv4.WI_DRR_PL_DELTA_1_FDRR;

2020-07-21 13:20:45,825 - teradata.udaexec - INFO - Query Successful. Duration: 0.372 seconds, Rows: 1, Query: show stats on stgdb_dv4.WI_DRR_PL_DELTA_2_FDRR;

2020-07-21 13:20:46,518 - teradata.udaexec - INFO - Query Successful. Duration: 0.359 seconds, Rows: 1, Query: show stats on stgdb_dv4.WI_DRR_PL_RULES_DENORM_FDRR;

2020-07-21 13:20:47,245 - teradata.udaexec - INFO - Query Successful. Duration: 0.356 seconds, Rows: 1, Query: show stats on stgdb_dv4.WI_DRR_PL_RULES_DENORM_BKP_FDRR;

2020-07-21 13:20:47,941 - teradata.udaexec - INFO - Query Successful. Duration: 0.347 seconds, Rows: 1, Query: show stats on stgdb_dv4.WI_DRR_SALES_ACCOUNT_MEASURE_FDRR;

2020-07-21 13:20:48,647 - teradata.udaexec - INFO - Query Successful. Duration: 0.363 seconds, Rows: 1, Query: show stats on stgdb_dv4.WI_DRR_SALES_ACNT_MEASURE_FNL_FDRR;

2020-07-21 13:20:49,354 - teradata.udaexec - INFO - Query Successful. Duration: 0.368 seconds, Rows: 1, Query: show stats on stgdb_dv4.WI_DRR_SALES_ACNT_MEASURE_FNL1_FDRR;

2020-07-21 13:20:50,101 - teradata.udaexec - INFO - Query Successful. Duration: 0.373 seconds, Rows: 1, Query: show stats on stgdb_dv4.WI_DRR_SALES_ACNT_MSRE_FNL_DEL_FDRR;

2020-07-21 13:20:50,794 - teradata.udaexec - INFO - Query Successful. Duration: 0.364 seconds, Rows: 1, Query: show stats on stgdb_dv4.WI_DRR_SYSVIEW_PARTY_FDRR;

2020-07-21 13:20:51,809 - teradata.udaexec - INFO - Query Successful. Duration: 0.489 seconds, Rows: 1, Query: show stats on stgdb_dv4.WI_DRR_SYSVIEW_PARTY_BKP_FDRR;

2020-07-21 13:20:52,524 - teradata.udaexec - INFO - Query Successful. Duration: 0.360 seconds, Rows: 1, Query: show stats on stgdb_dv4.WI_DRR_SYSVW_PARTY_OWN_TER_CHK_FDRR;

2020-07-21 13:20:53,273 - teradata.udaexec - INFO - Query Successful. Duration: 0.380 seconds, Rows: 1, Query: show stats on stgdb_dv4.WI_FIN_ADJ_BOOKINGS_ACTIVE_FDRR;

2020-07-21 13:20:54,194 - teradata.udaexec - INFO - Query Successful. Duration: 0.351 seconds, Rows: 1, Query: show stats on stgdb_dv4.WI_FIN_ADJ_BOOKINGS_ACTIVE_R14_FDRR;

2020-07-21 13:20:55,263 - teradata.udaexec - INFO - Query Successful. Duration: 0.743 seconds, Rows: 1, Query: show stats on stgdb_dv4.WI_FIN_ADJ_BOOKINGS_ALL_FDRR;

2020-07-21 13:20:56,069 - teradata.udaexec - INFO - Query Successful. Duration: 0.369 seconds, Rows: 1, Query: show stats on stgdb_dv4.WI_FIN_ADJ_BOOKINGS_R14_ALL_FDRR;

2020-07-21 13:20:57,222 - teradata.udaexec - INFO - Query Successful. Duration: 0.824 seconds, Rows: 1, Query: show stats on stgdb_dv4.WI_PARTNER_CHANGE_FDRR;

2020-07-21 13:20:57,936 - teradata.udaexec - INFO - Query Successful. Duration: 0.369 seconds, Rows: 1, Query: show stats on stgdb_dv4.WI_SHARE_NON_DNR_DEL_FDRR;

2020-07-21 13:20:58,576 - teradata.udaexec - INFO - Query Successful. Duration: 0.313 seconds, Rows: 1, Query: show stats on stgdb_dv4.ST_DRR_PL_RULES;

2020-07-21 13:20:59,258 - teradata.udaexec - INFO - Query Successful. Duration: 0.339 seconds, Rows: 1, Query: show stats on stgdb_dv4.WI_CURRENT_ACTIVE_TERRITORY;

2020-07-21 13:20:59,890 - teradata.udaexec - INFO - Query Successful. Duration: 0.321 seconds, Rows: 1, Query: show stats on stgdb_dv4.WI_DRR_BOOKINGS_INCRMENTAL;

2020-07-21 13:21:00,539 - teradata.udaexec - INFO - Query Successful. Duration: 0.318 seconds, Rows: 1, Query: show stats on stgdb_dv4.WI_DRR_BOOKINGS_MEASURE_INCR;

2020-07-21 13:21:01,170 - teradata.udaexec - INFO - Query Successful. Duration: 0.308 seconds, Rows: 1, Query: show stats on stgdb_dv4.WI_DRR_FA_R14_SHR_DNR_FNL;

2020-07-21 13:21:01,837 - teradata.udaexec - INFO - Query Successful. Duration: 0.327 seconds, Rows: 1, Query: show stats on stgdb_dv4.WI_DRR_FA_R14_SHR_DNR_FNL_F;

2020-07-21 13:21:02,476 - teradata.udaexec - INFO - Query Successful. Duration: 0.321 seconds, Rows: 1, Query: show stats on stgdb_dv4.WI_DRR_FA_R14_SHR_DNR_FNL_R;

2020-07-21 13:21:03,129 - teradata.udaexec - INFO - Query Successful. Duration: 0.328 seconds, Rows: 1, Query: show stats on stgdb_dv4.WI_DRR_MT_SLS_ACNT_RSTD_INCR;

2020-07-21 13:21:03,860 - teradata.udaexec - INFO - Query Successful. Duration: 0.335 seconds, Rows: 1, Query: show stats on stgdb_dv4.WI_DRR_NG_FA_R14_SHR_DNR;

2020-07-21 13:21:04,511 - teradata.udaexec - INFO - Query Successful. Duration: 0.328 seconds, Rows: 1, Query: show stats on stgdb_dv4.WI_DRR_NG_FA_R14_SHR_DNR_DEL;

2020-07-21 13:21:05,245 - teradata.udaexec - INFO - Query Successful. Duration: 0.386 seconds, Rows: 1, Query: show stats on stgdb_dv4.WI_DRR_PL_DELTA;

2020-07-21 13:21:05,914 - teradata.udaexec - INFO - Query Successful. Duration: 0.332 seconds, Rows: 1, Query: show stats on stgdb_dv4.WI_DRR_PL_DELTA_1;

2020-07-21 13:21:06,569 - teradata.udaexec - INFO - Query Successful. Duration: 0.322 seconds, Rows: 1, Query: show stats on stgdb_dv4.WI_DRR_PL_DELTA_2;

2020-07-21 13:21:07,310 - teradata.udaexec - INFO - Query Successful. Duration: 0.341 seconds, Rows: 1, Query: show stats on stgdb_dv4.WI_DRR_PL_RULES_DENORM;

2020-07-21 13:21:08,051 - teradata.udaexec - INFO - Query Successful. Duration: 0.328 seconds, Rows: 1, Query: show stats on stgdb_dv4.WI_DRR_PL_RULES_DENORM_BKP;

2020-07-21 13:21:08,686 - teradata.udaexec - INFO - Query Successful. Duration: 0.312 seconds, Rows: 1, Query: show stats on stgdb_dv4.WI_DRR_SALES_ACCOUNT_MEASURE;

2020-07-21 13:21:09,335 - teradata.udaexec - INFO - Query Successful. Duration: 0.329 seconds, Rows: 1, Query: show stats on stgdb_dv4.WI_DRR_SALES_ACNT_MEASURE_FNL;

2020-07-21 13:21:10,094 - teradata.udaexec - INFO - Query Successful. Duration: 0.418 seconds, Rows: 1, Query: show stats on stgdb_dv4.WI_DRR_SALES_ACNT_MEASURE_FNL1;

2020-07-21 13:21:10,827 - teradata.udaexec - INFO - Query Successful. Duration: 0.402 seconds, Rows: 1, Query: show stats on stgdb_dv4.WI_DRR_SALES_ACNT_MSRE_FNL_DEL;

2020-07-21 13:21:11,544 - teradata.udaexec - INFO - Query Successful. Duration: 0.412 seconds, Rows: 1, Query: show stats on stgdb_dv4.WI_DRR_SYSVIEW_PARTY;

2020-07-21 13:21:12,195 - teradata.udaexec - INFO - Query Successful. Duration: 0.336 seconds, Rows: 1, Query: show stats on stgdb_dv4.WI_DRR_SYSVIEW_PARTY_BKP;

2020-07-21 13:21:12,984 - teradata.udaexec - INFO - Query Successful. Duration: 0.416 seconds, Rows: 1, Query: show stats on stgdb_dv4.WI_DRR_SYSVW_PARTY_OWN_TER_CHK;

2020-07-21 13:21:13,752 - teradata.udaexec - INFO - Query Successful. Duration: 0.357 seconds, Rows: 1, Query: show stats on stgdb_dv4.WI_FIN_ADJ_BOOKINGS_ACTIVE;

2020-07-21 13:21:14,453 - teradata.udaexec - INFO - Query Successful. Duration: 0.365 seconds, Rows: 1, Query: show stats on stgdb_dv4.WI_FIN_ADJ_BOOKINGS_ACTIVE_R14;

2020-07-21 13:21:15,100 - teradata.udaexec - INFO - Query Successful. Duration: 0.315 seconds, Rows: 1, Query: show stats on stgdb_dv4.WI_FIN_ADJ_BOOKINGS_ALL;

2020-07-21 13:21:16,006 - teradata.udaexec - INFO - Query Successful. Duration: 0.442 seconds, Rows: 1, Query: show stats on stgdb_dv4.WI_FIN_ADJ_BOOKINGS_R14_ALL;

2020-07-21 13:21:16,699 - teradata.udaexec - INFO - Query Successful. Duration: 0.333 seconds, Rows: 1, Query: show stats on stgdb_dv4.WI_PARTNER_CHANGE;

2020-07-21 13:21:17,464 - teradata.udaexec - INFO - Query Successful. Duration: 0.436 seconds, Rows: 1, Query: show stats on stgdb_dv4.WI_SHARE_NON_DNR_DEL;
2020-07-21 13:21:18,257 - teradata.udaexec - INFO - UdaExec exiting.
