2020-07-20 16:33:25,207 - teradata.udaexec - INFO - Initializing UdaExec...
2020-07-20 16:33:25,208 - teradata.udaexec - INFO - Reading config files: ['C:\\etc\\udaexec.ini: Not Found', 'C:\\Users\\vkadimis\\udaexec.ini: Not Found', 'C:\\Users\\vkadimis\\Desktop\\Vamsi Python Scripts\\Find Missing and Present files\\udaexec.ini: Found']
2020-07-20 16:33:25,208 - teradata.udaexec - INFO - Found run number file: "C:\Users\vkadimis\Desktop\Vamsi Python Scripts\Find Missing and Present files\.runNumber"
2020-07-20 16:33:25,208 - teradata.udaexec - INFO - Cleaning up log files older than 90 days.
2020-07-20 16:33:25,209 - teradata.udaexec - INFO - Removed 0 log files.
2020-07-20 16:33:26,281 - teradata.udaexec - INFO - Checkpoint file not found: C:\Users\vkadimis\Desktop\Vamsi Python Scripts\Find Missing and Present files\impactAnalysis.checkpoint
2020-07-20 16:33:26,282 - teradata.udaexec - INFO - No previous checkpoint found, executing from beginning...
2020-07-20 16:33:26,282 - teradata.udaexec - INFO - Execution Details:
/********************************************************************************
 * Application Name: impactAnalysis
 *          Version: 2
 *       Run Number: 20200720163325-3
 *             Host: VKADIMIS-4NA7P
 *         Platform: Windows-10-10.0.17134-SP0
 *          OS User: vkadimis
 *   Python Version: 3.7.6
 *  Python Compiler: MSC v.1916 64 bit (AMD64)
 *     Python Build: ('tags/v3.7.6:43364a7ae0', 'Dec 19 2019 00:42:30')
 *  UdaExec Version: 15.10.0.21
 *     Program Name: C:\Users\vkadimis\Desktop\Vamsi Python Scripts\Find Missing and Present files\check if present.py
 *      Working Dir: C:\Users\vkadimis\Desktop\Vamsi Python Scripts\Find Missing and Present files
 *          Log Dir: C:\Users\vkadimis\Desktop\Vamsi Python Scripts\Find Missing and Present files\logs
 *         Log File: C:\Users\vkadimis\Desktop\Vamsi Python Scripts\Find Missing and Present files\logs\impactAnalysis.20200720163325-3.log
 *     Config Files: ['C:\\etc\\udaexec.ini: Not Found', 'C:\\Users\\vkadimis\\udaexec.ini: Not Found', 'C:\\Users\\vkadimis\\Desktop\\Vamsi Python Scripts\\Find Missing and Present files\\udaexec.ini: Found']
 *      Query Bands: ApplicationName=impactAnalysis;Version=2;JobID=20200720163325-3;ClientUser=vkadimis;Production=False;udaAppLogFile=C:\Users\vkadimis\Desktop\Vamsi Python Scripts\Find Missing and Present files\logs\impactAnalysis.20200720163325-3.log;UtilityName=PyTd;UtilityVersion=15.10.0.21
********************************************************************************/
2020-07-20 16:33:26,285 - teradata.udaexec - INFO - Creating connection: {'method': 'odbc', 'system': 'TDDEV', 'username': 'vkadimis', 'password': 'XXXXXX', 'driver': 'Teradata', 'authentication': 'LDAP'}
2020-07-20 16:33:26,438 - teradata.tdodbc - INFO - Available drivers: SQL Server, Oracle in OraClient12Home1, BMF SQLite3 ODBC Driver, DataDirect 7.1 DB2 Wire Protocol, DataDirect 7.1 Informix Wire Protocol, DataDirect 7.1 Sybase Wire Protocol, DataDirect 7.1 SQL Server Wire Protocol, DataDirect 7.1 dBaseFile, DataDirect 7.1 FoxPro 3.0, DataDirect 7.1 MySQL Wire Protocol, DataDirect 7.1 New SQL Server Wire Protocol, DataDirect 7.1 Greenplum Wire Protocol, Informatica MongoDB ODBC Driver, DataDirect 7.1 Oracle Wire Protocol, Informatica Data Services ODBC Driver 10.1.0, Informatica Cassandra ODBC Driver, Teradata, Teradata 7.1 DB2 Wire Protocol, Teradata 7.1 Oracle, Teradata 7.1 Oracle Wire Protocol, Teradata 7.1 SQL Server Legacy Wire Protocol, Teradata 7.1 SQL Server Wire Protocol, DataDirect 8.0 New SQL Server Wire Protocol, DataDirect 7.1 PostgreSQL Wire Protocol, DataDirect 8.0 Oracle Wire Protocol, Informatica Data Services ODBC Driver 10.4.0
2020-07-20 16:33:39,112 - teradata.udaexec - INFO - Connection successful. Duration: 12.827 seconds. Details: {'method': 'odbc', 'system': 'TDDEV', 'username': 'vkadimis', 'password': 'XXXXXX', 'driver': 'Teradata', 'authentication': 'LDAP'}
2020-07-20 16:33:39,520 - teradata.udaexec - ERROR - Query Failed! Duration: 0.362 seconds, Query: show stats on stgdb_dv4.WI_SQ_SALES_HIERARCHY_CONF;
Traceback (most recent call last):
  File "C:\Users\vkadimis\AppData\Local\Programs\Python\Python37\lib\site-packages\teradata\udaexec.py", line 790, in _execute
    func(query, params, **kwargs)
  File "C:\Users\vkadimis\AppData\Local\Programs\Python\Python37\lib\site-packages\teradata\tdodbc.py", line 614, in execute
    checkStatus(rc, hStmt=self.hStmt, method="SQLExecDirectW")
  File "C:\Users\vkadimis\AppData\Local\Programs\Python\Python37\lib\site-packages\teradata\tdodbc.py", line 231, in checkStatus
    raise DatabaseError(i[2], u"[{}] {}".format(i[0], msg), i[0])
teradata.api.DatabaseError: (3624, '[HY000] [Teradata][ODBC Teradata Driver][Teradata Database] There are no statistics defined for the table. ')
2020-07-20 16:33:39,920 - teradata.udaexec - ERROR - Query Failed! Duration: 0.349 seconds, Query: show stats on stgdb_dv4.ST_SHR_TEAM_MEMBERS_V;
Traceback (most recent call last):
  File "C:\Users\vkadimis\AppData\Local\Programs\Python\Python37\lib\site-packages\teradata\udaexec.py", line 790, in _execute
    func(query, params, **kwargs)
  File "C:\Users\vkadimis\AppData\Local\Programs\Python\Python37\lib\site-packages\teradata\tdodbc.py", line 614, in execute
    checkStatus(rc, hStmt=self.hStmt, method="SQLExecDirectW")
  File "C:\Users\vkadimis\AppData\Local\Programs\Python\Python37\lib\site-packages\teradata\tdodbc.py", line 231, in checkStatus
    raise DatabaseError(i[2], u"[{}] {}".format(i[0], msg), i[0])
teradata.api.DatabaseError: (3624, '[HY000] [Teradata][ODBC Teradata Driver][Teradata Database] There are no statistics defined for the table. ')
2020-07-20 16:33:40,385 - teradata.udaexec - INFO - Query Successful. Duration: 0.401 seconds, Rows: 1, Query: show stats on stgdb_dv4.ST_SHR_MASTER_VERSNS_V_CONF;

2020-07-20 16:33:41,195 - teradata.udaexec - INFO - Query Successful. Duration: 0.391 seconds, Rows: 1, Query: show stats on stgdb_dv4.ST_SHR_NODE_REL_CONFIRMED;

2020-07-20 16:33:41,990 - teradata.udaexec - INFO - Query Successful. Duration: 0.374 seconds, Rows: 1, Query: show stats on stgdb_dv4.ST_SHR_STRUCT_INTERFACE_V_CONF;

2020-07-20 16:33:42,745 - teradata.udaexec - INFO - Query Successful. Duration: 0.377 seconds, Rows: 1, Query: show stats on stgdb_dv4.ST_SHR_NODE_ATTRIBUTE_V_CNF;

2020-07-20 16:33:43,499 - teradata.udaexec - INFO - Query Successful. Duration: 0.394 seconds, Rows: 1, Query: show stats on stgdb_dv4.ST_SHR_MARKET_SEGMENT_V_CNF;

2020-07-20 16:33:44,250 - teradata.udaexec - INFO - Query Successful. Duration: 0.362 seconds, Rows: 1, Query: show stats on stgdb_dv4.ST_SHR_TEAM_MEMBERS;

2020-07-20 16:33:45,070 - teradata.udaexec - INFO - Query Successful. Duration: 0.365 seconds, Rows: 1, Query: show stats on stgdb_dv4.WI_COUNTRY_MISMATCH_RPT;

2020-07-20 16:33:46,040 - teradata.udaexec - INFO - Query Successful. Duration: 0.477 seconds, Rows: 1, Query: show stats on stgdb_dv4.WI_MEDIUM_PRE_RPT;

2020-07-20 16:33:46,939 - teradata.udaexec - INFO - Query Successful. Duration: 0.525 seconds, Rows: 1, Query: show stats on stgdb_dv4.WI_DRR_SYSVIEW_PARTY;

2020-07-20 16:33:47,659 - teradata.udaexec - INFO - Query Successful. Duration: 0.383 seconds, Rows: 1, Query: show stats on stgdb_dv4.WI_FIN_ADJ_BOOKINGS_ALL;

2020-07-20 16:33:48,590 - teradata.udaexec - INFO - Query Successful. Duration: 0.373 seconds, Rows: 1, Query: show stats on stgdb_dv4.WI_DRR_FIN_ADJ_RULE3_PARTY_SAV;

2020-07-20 16:33:49,551 - teradata.udaexec - INFO - Query Successful. Duration: 0.385 seconds, Rows: 1, Query: show stats on stgdb_dv4.WI_DRR_SALES_ACNT_MEASURE_FNL;

2020-07-20 16:33:50,450 - teradata.udaexec - INFO - Query Successful. Duration: 0.475 seconds, Rows: 1, Query: show stats on stgdb_dv4.WI_DRR_BOOKINGS_PARTY_ENRICH;

