2020-07-21 13:23:04,280 - teradata.udaexec - INFO - Initializing UdaExec...
2020-07-21 13:23:04,280 - teradata.udaexec - INFO - Reading config files: ['C:\\etc\\udaexec.ini: Not Found', 'C:\\Users\\vkadimis\\udaexec.ini: Not Found', 'C:\\Users\\vkadimis\\Desktop\\Vamsi Python Scripts\\Show Case\\Find Missing and Present files\\udaexec.ini: Found']
2020-07-21 13:23:04,281 - teradata.udaexec - INFO - Found run number file: "C:\Users\vkadimis\Desktop\Vamsi Python Scripts\Show Case\Find Missing and Present files\.runNumber"
2020-07-21 13:23:04,281 - teradata.udaexec - INFO - Cleaning up log files older than 90 days.
2020-07-21 13:23:04,283 - teradata.udaexec - INFO - Removed 0 log files.
2020-07-21 13:23:06,178 - teradata.udaexec - INFO - Checkpoint file not found: C:\Users\vkadimis\Desktop\Vamsi Python Scripts\Show Case\Find Missing and Present files\impactAnalysis.checkpoint
2020-07-21 13:23:06,179 - teradata.udaexec - INFO - No previous checkpoint found, executing from beginning...
2020-07-21 13:23:06,179 - teradata.udaexec - INFO - Execution Details:
/********************************************************************************
 * Application Name: impactAnalysis
 *          Version: 2
 *       Run Number: 20200721132304-9
 *             Host: VKADIMIS-4NA7P
 *         Platform: Windows-10-10.0.17134-SP0
 *          OS User: vkadimis
 *   Python Version: 3.7.6
 *  Python Compiler: MSC v.1916 64 bit (AMD64)
 *     Python Build: ('tags/v3.7.6:43364a7ae0', 'Dec 19 2019 00:42:30')
 *  UdaExec Version: 15.10.0.21
 *     Program Name: C:\Users\vkadimis\Desktop\Vamsi Python Scripts\Show Case\Find Missing and Present files\check if present.py
 *      Working Dir: C:\Users\vkadimis\Desktop\Vamsi Python Scripts\Show Case\Find Missing and Present files
 *          Log Dir: C:\Users\vkadimis\Desktop\Vamsi Python Scripts\Show Case\Find Missing and Present files\logs
 *         Log File: C:\Users\vkadimis\Desktop\Vamsi Python Scripts\Show Case\Find Missing and Present files\logs\impactAnalysis.20200721132304-9.log
 *     Config Files: ['C:\\etc\\udaexec.ini: Not Found', 'C:\\Users\\vkadimis\\udaexec.ini: Not Found', 'C:\\Users\\vkadimis\\Desktop\\Vamsi Python Scripts\\Show Case\\Find Missing and Present files\\udaexec.ini: Found']
 *      Query Bands: ApplicationName=impactAnalysis;Version=2;JobID=20200721132304-9;ClientUser=vkadimis;Production=False;udaAppLogFile=C:\Users\vkadimis\Desktop\Vamsi Python Scripts\Show Case\Find Missing and Present files\logs\impactAnalysis.20200721132304-9.log;UtilityName=PyTd;UtilityVersion=15.10.0.21
********************************************************************************/
2020-07-21 13:23:06,180 - teradata.udaexec - INFO - Creating connection: {'method': 'odbc', 'system': 'TDDEV', 'username': 'vkadimis', 'password': 'XXXXXX', 'driver': 'Teradata', 'authentication': 'LDAP'}
2020-07-21 13:23:06,335 - teradata.tdodbc - INFO - Available drivers: SQL Server, Oracle in OraClient12Home1, BMF SQLite3 ODBC Driver, DataDirect 7.1 DB2 Wire Protocol, DataDirect 7.1 Informix Wire Protocol, DataDirect 7.1 Sybase Wire Protocol, DataDirect 7.1 SQL Server Wire Protocol, DataDirect 7.1 dBaseFile, DataDirect 7.1 FoxPro 3.0, DataDirect 7.1 MySQL Wire Protocol, DataDirect 7.1 New SQL Server Wire Protocol, DataDirect 7.1 Greenplum Wire Protocol, Informatica MongoDB ODBC Driver, DataDirect 7.1 Oracle Wire Protocol, Informatica Data Services ODBC Driver 10.1.0, Informatica Cassandra ODBC Driver, Teradata, Teradata 7.1 DB2 Wire Protocol, Teradata 7.1 Oracle, Teradata 7.1 Oracle Wire Protocol, Teradata 7.1 SQL Server Legacy Wire Protocol, Teradata 7.1 SQL Server Wire Protocol, DataDirect 8.0 New SQL Server Wire Protocol, DataDirect 7.1 PostgreSQL Wire Protocol, DataDirect 8.0 Oracle Wire Protocol, Informatica Data Services ODBC Driver 10.4.0
2020-07-21 13:23:19,610 - teradata.udaexec - INFO - Connection successful. Duration: 13.430 seconds. Details: {'method': 'odbc', 'system': 'TDDEV', 'username': 'vkadimis', 'password': 'XXXXXX', 'driver': 'Teradata', 'authentication': 'LDAP'}
2020-07-21 13:23:20,131 - teradata.udaexec - ERROR - Query Failed! Duration: 0.472 seconds, Query: show stats on stgdb_dv4.WI_SQ_SALES_HIERARCHY_CONF;
Traceback (most recent call last):
  File "C:\Users\vkadimis\AppData\Local\Programs\Python\Python37\lib\site-packages\teradata\udaexec.py", line 790, in _execute
    func(query, params, **kwargs)
  File "C:\Users\vkadimis\AppData\Local\Programs\Python\Python37\lib\site-packages\teradata\tdodbc.py", line 614, in execute
    checkStatus(rc, hStmt=self.hStmt, method="SQLExecDirectW")
  File "C:\Users\vkadimis\AppData\Local\Programs\Python\Python37\lib\site-packages\teradata\tdodbc.py", line 231, in checkStatus
    raise DatabaseError(i[2], u"[{}] {}".format(i[0], msg), i[0])
teradata.api.DatabaseError: (3624, '[HY000] [Teradata][ODBC Teradata Driver][Teradata Database] There are no statistics defined for the table. ')
2020-07-21 13:23:20,552 - teradata.udaexec - ERROR - Query Failed! Duration: 0.381 seconds, Query: show stats on stgdb_dv4.ST_SHR_TEAM_MEMBERS_V;
Traceback (most recent call last):
  File "C:\Users\vkadimis\AppData\Local\Programs\Python\Python37\lib\site-packages\teradata\udaexec.py", line 790, in _execute
    func(query, params, **kwargs)
  File "C:\Users\vkadimis\AppData\Local\Programs\Python\Python37\lib\site-packages\teradata\tdodbc.py", line 614, in execute
    checkStatus(rc, hStmt=self.hStmt, method="SQLExecDirectW")
  File "C:\Users\vkadimis\AppData\Local\Programs\Python\Python37\lib\site-packages\teradata\tdodbc.py", line 231, in checkStatus
    raise DatabaseError(i[2], u"[{}] {}".format(i[0], msg), i[0])
teradata.api.DatabaseError: (3624, '[HY000] [Teradata][ODBC Teradata Driver][Teradata Database] There are no statistics defined for the table. ')
2020-07-21 13:23:20,976 - teradata.udaexec - INFO - Query Successful. Duration: 0.390 seconds, Rows: 1, Query: show stats on stgdb_dv4.ST_SHR_MASTER_VERSNS_V_CONF;

2020-07-21 13:23:21,725 - teradata.udaexec - INFO - Query Successful. Duration: 0.392 seconds, Rows: 1, Query: show stats on stgdb_dv4.ST_SHR_NODE_REL_CONFIRMED;

2020-07-21 13:23:22,527 - teradata.udaexec - INFO - Query Successful. Duration: 0.349 seconds, Rows: 1, Query: show stats on stgdb_dv4.ST_SHR_STRUCT_INTERFACE_V_CONF;

2020-07-21 13:23:23,314 - teradata.udaexec - INFO - Query Successful. Duration: 0.478 seconds, Rows: 1, Query: show stats on stgdb_dv4.ST_SHR_NODE_ATTRIBUTE_V_CNF;

2020-07-21 13:23:23,961 - teradata.udaexec - INFO - Query Successful. Duration: 0.321 seconds, Rows: 1, Query: show stats on stgdb_dv4.ST_SHR_MARKET_SEGMENT_V_CNF;

2020-07-21 13:23:24,646 - teradata.udaexec - INFO - Query Successful. Duration: 0.340 seconds, Rows: 1, Query: show stats on stgdb_dv4.ST_SHR_TEAM_MEMBERS;

2020-07-21 13:23:25,341 - teradata.udaexec - INFO - Query Successful. Duration: 0.338 seconds, Rows: 1, Query: show stats on stgdb_dv4.WI_COUNTRY_MISMATCH_RPT;

2020-07-21 13:23:26,005 - teradata.udaexec - INFO - Query Successful. Duration: 0.335 seconds, Rows: 1, Query: show stats on stgdb_dv4.WI_MEDIUM_PRE_RPT;

2020-07-21 13:23:26,670 - teradata.udaexec - INFO - Query Successful. Duration: 0.334 seconds, Rows: 1, Query: show stats on stgdb_dv4.WI_DRR_SYSVIEW_PARTY;

2020-07-21 13:23:27,372 - teradata.udaexec - INFO - Query Successful. Duration: 0.371 seconds, Rows: 1, Query: show stats on stgdb_dv4.WI_FIN_ADJ_BOOKINGS_ALL;

2020-07-21 13:23:28,138 - teradata.udaexec - INFO - Query Successful. Duration: 0.364 seconds, Rows: 1, Query: show stats on stgdb_dv4.WI_DRR_FIN_ADJ_RULE3_PARTY_SAV;

2020-07-21 13:23:28,972 - teradata.udaexec - INFO - Query Successful. Duration: 0.322 seconds, Rows: 1, Query: show stats on stgdb_dv4.WI_DRR_SALES_ACNT_MEASURE_FNL;

2020-07-21 13:23:29,641 - teradata.udaexec - INFO - Query Successful. Duration: 0.331 seconds, Rows: 1, Query: show stats on stgdb_dv4.WI_DRR_BOOKINGS_PARTY_ENRICH;

2020-07-21 13:23:30,367 - teradata.udaexec - INFO - Query Successful. Duration: 0.395 seconds, Rows: 1, Query: show stats on stgdb_dv4.WI_DRR_FA_R14_SHR_DNR_FNL;

2020-07-21 13:23:31,001 - teradata.udaexec - INFO - Query Successful. Duration: 0.316 seconds, Rows: 1, Query: show stats on stgdb_dv4.ST_USER_ROLE;

2020-07-21 13:23:31,736 - teradata.udaexec - INFO - Query Successful. Duration: 0.324 seconds, Rows: 1, Query: show stats on stgdb_dv4.ST_FIN_ADJ_UPLOAD_AUD;

2020-07-21 13:23:32,407 - teradata.udaexec - INFO - Query Successful. Duration: 0.352 seconds, Rows: 1, Query: show stats on stgdb_dv4.WI_FIN_ADJ_BOOKINGS_R14_ALL;

2020-07-21 13:23:33,248 - teradata.udaexec - INFO - Query Successful. Duration: 0.323 seconds, Rows: 1, Query: show stats on stgdb_dv4.WI_DRR_FA_R14_SHR_DNR_FNL_F;

2020-07-21 13:23:33,927 - teradata.udaexec - INFO - Query Successful. Duration: 0.351 seconds, Rows: 1, Query: show stats on stgdb_dv4.BKGS_DATA;

2020-07-21 13:23:34,745 - teradata.udaexec - INFO - Query Successful. Duration: 0.478 seconds, Rows: 1, Query: show stats on stgdb_dv4.ST_ACT_INACT_NODE_MAP_DRR;

2020-07-21 13:23:35,487 - teradata.udaexec - INFO - Query Successful. Duration: 0.404 seconds, Rows: 1, Query: show stats on stgdb_dv4.EL_ACT_INACT_NODE_MAP_DRR_FDRR;

2020-07-21 13:23:36,252 - teradata.udaexec - INFO - Query Successful. Duration: 0.441 seconds, Rows: 1, Query: show stats on stgdb_dv4.WI_SUMMARY_DYN_SLS_ADJ_UPLD;

2020-07-21 13:23:36,920 - teradata.udaexec - INFO - Query Successful. Duration: 0.336 seconds, Rows: 1, Query: show stats on stgdb_dv4.EL_SUMMARY_DYN_SLS_ADJ_UPLD;

2020-07-21 13:23:37,726 - teradata.udaexec - INFO - Query Successful. Duration: 0.376 seconds, Rows: 1, Query: show stats on stgdb_dv4.WI_DRRAR_PROCESS_CONTROL;

2020-07-21 13:23:38,365 - teradata.udaexec - INFO - Query Successful. Duration: 0.320 seconds, Rows: 1, Query: show stats on stgdb_dv4.WI_MEDIUM_RPT;

2020-07-21 13:23:39,003 - teradata.udaexec - INFO - Query Successful. Duration: 0.318 seconds, Rows: 1, Query: show stats on stgdb_dv4.RSW_BOOK_NET_DERIVATION;

2020-07-21 13:23:39,686 - teradata.udaexec - INFO - Query Successful. Duration: 0.338 seconds, Rows: 1, Query: show stats on stgdb_dv4.WI_SAAS_FLG_DERIVATION;

2020-07-21 13:23:40,320 - teradata.udaexec - INFO - Query Successful. Duration: 0.324 seconds, Rows: 1, Query: show stats on stgdb_dv4.SALES_REP_WHITELIST;

2020-07-21 13:23:41,117 - teradata.udaexec - INFO - Query Successful. Duration: 0.319 seconds, Rows: 1, Query: show stats on stgdb_dv4.REVERSE_INSERTS;

2020-07-21 13:23:41,930 - teradata.udaexec - INFO - Query Successful. Duration: 0.359 seconds, Rows: 1, Query: show stats on stgdb_dv4.NG_DISTINCT_BMK_REVERSE;

2020-07-21 13:23:42,845 - teradata.udaexec - INFO - Query Successful. Duration: 0.465 seconds, Rows: 1, Query: show stats on stgdb_dv4.NG_DISTINCT_BMK_FWD;

2020-07-21 13:23:43,631 - teradata.udaexec - INFO - Query Successful. Duration: 0.452 seconds, Rows: 1, Query: show stats on stgdb_dv4.DRR_FINADJ;

2020-07-21 13:23:44,446 - teradata.udaexec - ERROR - Query Failed! Duration: 0.376 seconds, Query: show stats on stgdb_dv4.MT_SLS_ACNT_RSTD_MSR_FDRRNG_DEL;
Traceback (most recent call last):
  File "C:\Users\vkadimis\AppData\Local\Programs\Python\Python37\lib\site-packages\teradata\udaexec.py", line 790, in _execute
    func(query, params, **kwargs)
  File "C:\Users\vkadimis\AppData\Local\Programs\Python\Python37\lib\site-packages\teradata\tdodbc.py", line 614, in execute
    checkStatus(rc, hStmt=self.hStmt, method="SQLExecDirectW")
  File "C:\Users\vkadimis\AppData\Local\Programs\Python\Python37\lib\site-packages\teradata\tdodbc.py", line 231, in checkStatus
    raise DatabaseError(i[2], u"[{}] {}".format(i[0], msg), i[0])
teradata.api.DatabaseError: (3624, '[HY000] [Teradata][ODBC Teradata Driver][Teradata Database] There are no statistics defined for the table. ')
2020-07-21 13:23:44,841 - teradata.udaexec - INFO - Query Successful. Duration: 0.356 seconds, Rows: 1, Query: show stats on stgdb_dv4.WI_NODE_LEVEL_PRE_RPT;

2020-07-21 13:23:45,512 - teradata.udaexec - INFO - Query Successful. Duration: 0.336 seconds, Rows: 1, Query: show stats on stgdb_dv4.WI_DRR_SALES_ACNT_MEASURE_FNL2;

2020-07-21 13:23:46,351 - teradata.udaexec - INFO - Query Successful. Duration: 0.420 seconds, Rows: 1, Query: show stats on stgdb_dv4.WI_DRR_SALES_ACNT_MEASURE_FNL_SPLIT;

2020-07-21 13:23:47,110 - teradata.udaexec - INFO - Query Successful. Duration: 0.422 seconds, Rows: 1, Query: show stats on stgdb_dv4.WI_MT_XAAS_SMC_ATTRIB_NRTR;

2020-07-21 13:23:47,891 - teradata.udaexec - ERROR - Query Failed! Duration: 0.440 seconds, Query: show stats on stgdb_dv4.ST_XXANP_FIN_SAV_DESCR;
Traceback (most recent call last):
  File "C:\Users\vkadimis\AppData\Local\Programs\Python\Python37\lib\site-packages\teradata\udaexec.py", line 790, in _execute
    func(query, params, **kwargs)
  File "C:\Users\vkadimis\AppData\Local\Programs\Python\Python37\lib\site-packages\teradata\tdodbc.py", line 614, in execute
    checkStatus(rc, hStmt=self.hStmt, method="SQLExecDirectW")
  File "C:\Users\vkadimis\AppData\Local\Programs\Python\Python37\lib\site-packages\teradata\tdodbc.py", line 231, in checkStatus
    raise DatabaseError(i[2], u"[{}] {}".format(i[0], msg), i[0])
teradata.api.DatabaseError: (3624, '[HY000] [Teradata][ODBC Teradata Driver][Teradata Database] There are no statistics defined for the table. ')
2020-07-21 13:23:48,276 - teradata.udaexec - INFO - Query Successful. Duration: 0.347 seconds, Rows: 1, Query: show stats on stgdb_dv4.WI_SUMMARY_SLS_ADJSTMT_DQ;

2020-07-21 13:23:48,927 - teradata.udaexec - ERROR - Query Failed! Duration: 0.320 seconds, Query: show stats on stgdb_dv4.ST_FIN_ADJ_DRR_UPLOAD_LMT;
Traceback (most recent call last):
  File "C:\Users\vkadimis\AppData\Local\Programs\Python\Python37\lib\site-packages\teradata\udaexec.py", line 790, in _execute
    func(query, params, **kwargs)
  File "C:\Users\vkadimis\AppData\Local\Programs\Python\Python37\lib\site-packages\teradata\tdodbc.py", line 614, in execute
    checkStatus(rc, hStmt=self.hStmt, method="SQLExecDirectW")
  File "C:\Users\vkadimis\AppData\Local\Programs\Python\Python37\lib\site-packages\teradata\tdodbc.py", line 231, in checkStatus
    raise DatabaseError(i[2], u"[{}] {}".format(i[0], msg), i[0])
teradata.api.DatabaseError: (3624, '[HY000] [Teradata][ODBC Teradata Driver][Teradata Database] There are no statistics defined for the table. ')
2020-07-21 13:23:49,301 - teradata.udaexec - INFO - Query Successful. Duration: 0.351 seconds, Rows: 1, Query: show stats on stgdb_dv4.WI_FIN_ADJ_DRR_NG_3;

2020-07-21 13:23:49,976 - teradata.udaexec - INFO - Query Successful. Duration: 0.355 seconds, Rows: 1, Query: show stats on stgdb_dv4.WI_NODE_LEVEL_RPT;

2020-07-21 13:23:50,773 - teradata.udaexec - INFO - Query Successful. Duration: 0.452 seconds, Rows: 1, Query: show stats on stgdb_dv4.ST_FIN_ADJ_DRR_UPLOAD;

2020-07-21 13:23:51,491 - teradata.udaexec - ERROR - Query Failed! Duration: 0.324 seconds, Query: show stats on stgdb_dv4.ST_XXANP_FIN_ADJ_DRRNG_UPLOAD;
Traceback (most recent call last):
  File "C:\Users\vkadimis\AppData\Local\Programs\Python\Python37\lib\site-packages\teradata\udaexec.py", line 790, in _execute
    func(query, params, **kwargs)
  File "C:\Users\vkadimis\AppData\Local\Programs\Python\Python37\lib\site-packages\teradata\tdodbc.py", line 614, in execute
    checkStatus(rc, hStmt=self.hStmt, method="SQLExecDirectW")
  File "C:\Users\vkadimis\AppData\Local\Programs\Python\Python37\lib\site-packages\teradata\tdodbc.py", line 231, in checkStatus
    raise DatabaseError(i[2], u"[{}] {}".format(i[0], msg), i[0])
teradata.api.DatabaseError: (3624, '[HY000] [Teradata][ODBC Teradata Driver][Teradata Database] There are no statistics defined for the table. ')
2020-07-21 13:23:51,952 - teradata.udaexec - INFO - Query Successful. Duration: 0.445 seconds, Rows: 1, Query: show stats on stgdb_dv4.ST_FILE_UPLOAD_AUD;

2020-07-21 13:23:52,751 - teradata.udaexec - ERROR - Query Failed! Duration: 0.350 seconds, Query: show stats on stgdb_dv4.ST_FIN_WW_USER_ROLE;
Traceback (most recent call last):
  File "C:\Users\vkadimis\AppData\Local\Programs\Python\Python37\lib\site-packages\teradata\udaexec.py", line 790, in _execute
    func(query, params, **kwargs)
  File "C:\Users\vkadimis\AppData\Local\Programs\Python\Python37\lib\site-packages\teradata\tdodbc.py", line 614, in execute
    checkStatus(rc, hStmt=self.hStmt, method="SQLExecDirectW")
  File "C:\Users\vkadimis\AppData\Local\Programs\Python\Python37\lib\site-packages\teradata\tdodbc.py", line 231, in checkStatus
    raise DatabaseError(i[2], u"[{}] {}".format(i[0], msg), i[0])
teradata.api.DatabaseError: (3624, '[HY000] [Teradata][ODBC Teradata Driver][Teradata Database] There are no statistics defined for the table. ')
2020-07-21 13:23:53,314 - teradata.udaexec - ERROR - Query Failed! Duration: 0.386 seconds, Query: show stats on stgdb_dv4.WI_AUD_DRR_FDRR;
Traceback (most recent call last):
  File "C:\Users\vkadimis\AppData\Local\Programs\Python\Python37\lib\site-packages\teradata\udaexec.py", line 790, in _execute
    func(query, params, **kwargs)
  File "C:\Users\vkadimis\AppData\Local\Programs\Python\Python37\lib\site-packages\teradata\tdodbc.py", line 614, in execute
    checkStatus(rc, hStmt=self.hStmt, method="SQLExecDirectW")
  File "C:\Users\vkadimis\AppData\Local\Programs\Python\Python37\lib\site-packages\teradata\tdodbc.py", line 231, in checkStatus
    raise DatabaseError(i[2], u"[{}] {}".format(i[0], msg), i[0])
teradata.api.DatabaseError: (3624, '[HY000] [Teradata][ODBC Teradata Driver][Teradata Database] There are no statistics defined for the table. ')
2020-07-21 13:23:54,585 - teradata.udaexec - INFO - Query Successful. Duration: 0.351 seconds, Rows: 1, Query: show stats on stgdb_dv4.WI_DRR_BOOKINGS_INCRMENTAL;

2020-07-21 13:23:55,307 - teradata.udaexec - INFO - Query Successful. Duration: 0.373 seconds, Rows: 1, Query: show stats on stgdb_dv4.WI_DRR_NAMED_ACCOUNT;

2020-07-21 13:23:55,968 - teradata.udaexec - INFO - Query Successful. Duration: 0.317 seconds, Rows: 1, Query: show stats on stgdb_dv4.WI_DRR_NAMED_ACC_AS_SAV;

2020-07-21 13:23:56,638 - teradata.udaexec - INFO - Query Successful. Duration: 0.336 seconds, Rows: 1, Query: show stats on stgdb_dv4.WI_DRR_NAMED_ACC_BKGS_INCR;

2020-07-21 13:23:57,362 - teradata.udaexec - INFO - Query Successful. Duration: 0.383 seconds, Rows: 1, Query: show stats on stgdb_dv4.WI_DRR_NAMED_ACCOUNT_SHL;

2020-07-21 13:23:58,197 - teradata.udaexec - INFO - Query Successful. Duration: 0.329 seconds, Rows: 1, Query: show stats on stgdb_dv4.WI_DRR_NAMED_ACC_SYSPARTY;

2020-07-21 13:23:58,907 - teradata.udaexec - INFO - Query Successful. Duration: 0.347 seconds, Rows: 1, Query: show stats on stgdb_dv4.WI_DRR_NAMED_ACCOUNT_ROUND_OFF;

2020-07-21 13:23:59,801 - teradata.udaexec - INFO - Query Successful. Duration: 0.451 seconds, Rows: 1, Query: show stats on stgdb_dv4.WI_DRR_NAMED_ACC_SHRD_SPLIT;

2020-07-21 13:24:00,493 - teradata.udaexec - INFO - Query Successful. Duration: 0.341 seconds, Rows: 1, Query: show stats on stgdb_dv4.WI_DRR_GEO_ACCOUNT_MATCH;

2020-07-21 13:24:01,277 - teradata.udaexec - INFO - Query Successful. Duration: 0.314 seconds, Rows: 1, Query: show stats on stgdb_dv4.WI_DRR_PL_RULES_ENRICHMENT;

2020-07-21 13:24:02,237 - teradata.udaexec - INFO - Query Successful. Duration: 0.446 seconds, Rows: 1, Query: show stats on stgdb_dv4.WI_DRR_BOOKINGS_MSR_DENORM;

2020-07-21 13:24:03,006 - teradata.udaexec - INFO - Query Successful. Duration: 0.319 seconds, Rows: 1, Query: show stats on stgdb_dv4.WI_FIN_ADJ_DRR;

2020-07-21 13:24:03,644 - teradata.udaexec - ERROR - Query Failed! Duration: 0.318 seconds, Query: show stats on stgdb_dv4.FIN_ADJ_CNFLT;
Traceback (most recent call last):
  File "C:\Users\vkadimis\AppData\Local\Programs\Python\Python37\lib\site-packages\teradata\udaexec.py", line 790, in _execute
    func(query, params, **kwargs)
  File "C:\Users\vkadimis\AppData\Local\Programs\Python\Python37\lib\site-packages\teradata\tdodbc.py", line 614, in execute
    checkStatus(rc, hStmt=self.hStmt, method="SQLExecDirectW")
  File "C:\Users\vkadimis\AppData\Local\Programs\Python\Python37\lib\site-packages\teradata\tdodbc.py", line 231, in checkStatus
    raise DatabaseError(i[2], u"[{}] {}".format(i[0], msg), i[0])
teradata.api.DatabaseError: (3624, '[HY000] [Teradata][ODBC Teradata Driver][Teradata Database] There are no statistics defined for the table. ')
2020-07-21 13:24:04,021 - teradata.udaexec - ERROR - Query Failed! Duration: 0.354 seconds, Query: show stats on stgdb_dv4.ST_FIN_ADJ_DRR_UPLOAD_LMT_TMP;
Traceback (most recent call last):
  File "C:\Users\vkadimis\AppData\Local\Programs\Python\Python37\lib\site-packages\teradata\udaexec.py", line 790, in _execute
    func(query, params, **kwargs)
  File "C:\Users\vkadimis\AppData\Local\Programs\Python\Python37\lib\site-packages\teradata\tdodbc.py", line 614, in execute
    checkStatus(rc, hStmt=self.hStmt, method="SQLExecDirectW")
  File "C:\Users\vkadimis\AppData\Local\Programs\Python\Python37\lib\site-packages\teradata\tdodbc.py", line 231, in checkStatus
    raise DatabaseError(i[2], u"[{}] {}".format(i[0], msg), i[0])
teradata.api.DatabaseError: (3624, '[HY000] [Teradata][ODBC Teradata Driver][Teradata Database] There are no statistics defined for the table. ')
2020-07-21 13:24:04,551 - teradata.udaexec - INFO - Query Successful. Duration: 0.467 seconds, Rows: 1, Query: show stats on stgdb_dv4.WI_FIN_ADJ_DRR_NG_1;

2020-07-21 13:24:05,555 - teradata.udaexec - INFO - Query Successful. Duration: 0.629 seconds, Rows: 1, Query: show stats on stgdb_dv4.WI_DRR_FIN_ADJ_RULE;

2020-07-21 13:24:06,236 - teradata.udaexec - INFO - Query Successful. Duration: 0.325 seconds, Rows: 1, Query: show stats on stgdb_dv4.WI_FIN_ADJ_DRR_NG_2;

2020-07-21 13:24:07,171 - teradata.udaexec - INFO - Query Successful. Duration: 0.430 seconds, Rows: 1, Query: show stats on stgdb_dv4.WI_MEDIUM_RPT_DRR;

2020-07-21 13:24:08,112 - teradata.udaexec - INFO - Query Successful. Duration: 0.503 seconds, Rows: 1, Query: show stats on stgdb_dv4.WI_PARTY_SAV_MAPPING;

2020-07-21 13:24:08,774 - teradata.udaexec - INFO - Query Successful. Duration: 0.327 seconds, Rows: 1, Query: show stats on stgdb_dv4.WI_MEDIUM_RPT_RSTD;

2020-07-21 13:24:09,691 - teradata.udaexec - INFO - Query Successful. Duration: 0.440 seconds, Rows: 1, Query: show stats on stgdb_dv4.WI_SLS_ACNT_RSTD_MSR_PREV_DRR_NG;

2020-07-21 13:24:10,379 - teradata.udaexec - INFO - Query Successful. Duration: 0.367 seconds, Rows: 1, Query: show stats on stgdb_dv4.wi_medium_rstd_rollup;

2020-07-21 13:24:11,176 - teradata.udaexec - INFO - Query Successful. Duration: 0.319 seconds, Rows: 1, Query: show stats on stgdb_dv4.WI_HIERARCHY_MONTH_RSTMNTS_MID;

2020-07-21 13:24:11,967 - teradata.udaexec - INFO - Query Successful. Duration: 0.321 seconds, Rows: 1, Query: show stats on stgdb_dv4.DRR_TEMP;

2020-07-21 13:24:12,626 - teradata.udaexec - INFO - Query Successful. Duration: 0.343 seconds, Rows: 1, Query: show stats on stgdb_dv4.ACCT_TRN_TEMP;

2020-07-21 13:24:13,453 - teradata.udaexec - INFO - Query Successful. Duration: 0.464 seconds, Rows: 1, Query: show stats on stgdb_dv4.RSTD_TEMP;

2020-07-21 13:24:14,207 - teradata.udaexec - INFO - Query Successful. Duration: 0.321 seconds, Rows: 1, Query: show stats on stgdb_dv4.WI_SUMMARY_SLS_ADJSTMT_DQ_DUPS;

2020-07-21 13:24:14,921 - teradata.udaexec - INFO - Query Successful. Duration: 0.381 seconds, Rows: 1, Query: show stats on stgdb_dv4.WI_N_SUMMARY_SLS_ADJSTMT_DQ;

2020-07-21 13:24:15,807 - teradata.udaexec - INFO - Query Successful. Duration: 0.497 seconds, Rows: 1, Query: show stats on stgdb_dv4.WI_SALES_HIER_DR_FINHIST_ROLLUP;

2020-07-21 13:24:16,770 - teradata.udaexec - INFO - Query Successful. Duration: 0.637 seconds, Rows: 1, Query: show stats on stgdb_dv4.RST_HIST_TEMP;

2020-07-21 13:24:17,441 - teradata.udaexec - INFO - Query Successful. Duration: 0.327 seconds, Rows: 1, Query: show stats on stgdb_dv4.WI_SALES_HIER_DR_FINHIST;

2020-07-21 13:24:18,095 - teradata.udaexec - INFO - Query Successful. Duration: 0.317 seconds, Rows: 1, Query: show stats on stgdb_dv4.WI_SALES_HIER_RST_HIST;

2020-07-21 13:24:18,779 - teradata.udaexec - INFO - Query Successful. Duration: 0.343 seconds, Rows: 1, Query: show stats on stgdb_dv4.WI_HIERARCHY_MONTH_RSTMNTS;

2020-07-21 13:24:19,592 - teradata.udaexec - INFO - Query Successful. Duration: 0.444 seconds, Rows: 1, Query: show stats on stgdb_dv4.DR_FINHIST_TEMP;

2020-07-21 13:24:20,264 - teradata.udaexec - ERROR - Query Failed! Duration: 0.313 seconds, Query: show stats on stgdb_dv4.WI_SUMMARY_SLS_ADJSTMT_DUPS;
Traceback (most recent call last):
  File "C:\Users\vkadimis\AppData\Local\Programs\Python\Python37\lib\site-packages\teradata\udaexec.py", line 790, in _execute
    func(query, params, **kwargs)
  File "C:\Users\vkadimis\AppData\Local\Programs\Python\Python37\lib\site-packages\teradata\tdodbc.py", line 614, in execute
    checkStatus(rc, hStmt=self.hStmt, method="SQLExecDirectW")
  File "C:\Users\vkadimis\AppData\Local\Programs\Python\Python37\lib\site-packages\teradata\tdodbc.py", line 231, in checkStatus
    raise DatabaseError(i[2], u"[{}] {}".format(i[0], msg), i[0])
teradata.api.DatabaseError: (3624, '[HY000] [Teradata][ODBC Teradata Driver][Teradata Database] There are no statistics defined for the table. ')
2020-07-21 13:24:20,692 - teradata.udaexec - INFO - Query Successful. Duration: 0.378 seconds, Rows: 1, Query: show stats on stgdb_dv4.WI_SUMMARY_SLS_ADJSTMT;

2020-07-21 13:24:21,349 - teradata.udaexec - INFO - Query Successful. Duration: 0.351 seconds, Rows: 1, Query: show stats on stgdb_dv4.WI_DYN_RESTMT_SLS_ADJSTMT_ERP;

2020-07-21 13:24:22,112 - teradata.udaexec - INFO - Query Successful. Duration: 0.429 seconds, Rows: 1, Query: show stats on stgdb_dv4.WI_DYN_RESTMT_SLS_ADJSTMT_FNL;

2020-07-21 13:24:22,881 - teradata.udaexec - INFO - Query Successful. Duration: 0.350 seconds, Rows: 1, Query: show stats on stgdb_dv4.WI_DYN_RESTMT_SLS_ADJSTMT;

2020-07-21 13:24:23,773 - teradata.udaexec - INFO - Query Successful. Duration: 0.422 seconds, Rows: 1, Query: show stats on stgdb_dv4.WI_DYN_RESTMT_SLS_ADJ_UPLD;

2020-07-21 13:24:24,466 - teradata.udaexec - INFO - Query Successful. Duration: 0.364 seconds, Rows: 1, Query: show stats on stgdb_dv4.WI_MEDIUM_PRE_RPT;

2020-07-21 13:24:25,120 - teradata.udaexec - INFO - Query Successful. Duration: 0.331 seconds, Rows: 1, Query: show stats on stgdb_dv4.WI_MEDIUM_RPT_DRR;

2020-07-21 13:24:26,032 - teradata.udaexec - INFO - Query Successful. Duration: 0.450 seconds, Rows: 1, Query: show stats on stgdb_dv4.ST_DRR_PL_LOV_DETAILS;

2020-07-21 13:24:26,766 - teradata.udaexec - INFO - Query Successful. Duration: 0.356 seconds, Rows: 1, Query: show stats on stgdb_dv4.ST_DRR_PL_RULES_FDRR;

2020-07-21 13:24:27,545 - teradata.udaexec - INFO - Query Successful. Duration: 0.465 seconds, Rows: 1, Query: show stats on stgdb_dv4.WI_CURRENT_ACTIVE_TERRITORY_FDRR;

2020-07-21 13:24:28,198 - teradata.udaexec - INFO - Query Successful. Duration: 0.320 seconds, Rows: 1, Query: show stats on stgdb_dv4.WI_DRR_BOOKINGS_INCRMENTAL_FDRR;

2020-07-21 13:24:28,837 - teradata.udaexec - INFO - Query Successful. Duration: 0.311 seconds, Rows: 1, Query: show stats on stgdb_dv4.WI_DRR_BOOKINGS_MEASURE_INCR_FDRR;

2020-07-21 13:24:29,566 - teradata.udaexec - INFO - Query Successful. Duration: 0.306 seconds, Rows: 1, Query: show stats on stgdb_dv4.WI_DRR_FA_R14_SHR_DNR_FNL_F_FDRR;

2020-07-21 13:24:30,258 - teradata.udaexec - INFO - Query Successful. Duration: 0.329 seconds, Rows: 1, Query: show stats on stgdb_dv4.WI_DRR_FA_R14_SHR_DNR_FNL_FDRR;

2020-07-21 13:24:30,920 - teradata.udaexec - INFO - Query Successful. Duration: 0.329 seconds, Rows: 1, Query: show stats on stgdb_dv4.WI_DRR_FA_R14_SHR_DNR_FNL_R_FDRR;

2020-07-21 13:24:31,603 - teradata.udaexec - INFO - Query Successful. Duration: 0.344 seconds, Rows: 1, Query: show stats on stgdb_dv4.WI_DRR_MT_SLS_ACNT_RSTD_INCR_FDRR;

2020-07-21 13:24:33,161 - teradata.udaexec - INFO - Query Successful. Duration: 0.418 seconds, Rows: 1, Query: show stats on stgdb_dv4.WI_DRR_NG_FA_R14_SHR_DNR_DEL_FDRR;

2020-07-21 13:24:33,971 - teradata.udaexec - INFO - Query Successful. Duration: 0.422 seconds, Rows: 1, Query: show stats on stgdb_dv4.WI_DRR_NG_FA_R14_SHR_DNR_FDRR;

2020-07-21 13:24:34,799 - teradata.udaexec - INFO - Query Successful. Duration: 0.402 seconds, Rows: 1, Query: show stats on stgdb_dv4.WI_DRR_PL_DELTA_FDRR;

2020-07-21 13:24:35,597 - teradata.udaexec - INFO - Query Successful. Duration: 0.397 seconds, Rows: 1, Query: show stats on stgdb_dv4.WI_DRR_PL_DELTA_1_FDRR;

2020-07-21 13:24:36,424 - teradata.udaexec - INFO - Query Successful. Duration: 0.408 seconds, Rows: 1, Query: show stats on stgdb_dv4.WI_DRR_PL_DELTA_2_FDRR;

2020-07-21 13:24:37,252 - teradata.udaexec - INFO - Query Successful. Duration: 0.362 seconds, Rows: 1, Query: show stats on stgdb_dv4.WI_DRR_PL_RULES_DENORM_FDRR;

2020-07-21 13:24:37,899 - teradata.udaexec - INFO - Query Successful. Duration: 0.328 seconds, Rows: 1, Query: show stats on stgdb_dv4.WI_DRR_PL_RULES_DENORM_BKP_FDRR;

2020-07-21 13:24:38,571 - teradata.udaexec - INFO - Query Successful. Duration: 0.335 seconds, Rows: 1, Query: show stats on stgdb_dv4.WI_DRR_SALES_ACCOUNT_MEASURE_FDRR;

2020-07-21 13:24:39,310 - teradata.udaexec - INFO - Query Successful. Duration: 0.402 seconds, Rows: 1, Query: show stats on stgdb_dv4.WI_DRR_SALES_ACNT_MEASURE_FNL_FDRR;

2020-07-21 13:24:39,984 - teradata.udaexec - INFO - Query Successful. Duration: 0.337 seconds, Rows: 1, Query: show stats on stgdb_dv4.WI_DRR_SALES_ACNT_MEASURE_FNL1_FDRR;

2020-07-21 13:24:41,263 - teradata.udaexec - INFO - Query Successful. Duration: 0.945 seconds, Rows: 1, Query: show stats on stgdb_dv4.WI_DRR_SALES_ACNT_MSRE_FNL_DEL_FDRR;

2020-07-21 13:24:41,933 - teradata.udaexec - INFO - Query Successful. Duration: 0.328 seconds, Rows: 1, Query: show stats on stgdb_dv4.WI_DRR_SYSVIEW_PARTY_FDRR;

2020-07-21 13:24:42,673 - teradata.udaexec - INFO - Query Successful. Duration: 0.392 seconds, Rows: 1, Query: show stats on stgdb_dv4.WI_DRR_SYSVIEW_PARTY_BKP_FDRR;

2020-07-21 13:24:43,406 - teradata.udaexec - INFO - Query Successful. Duration: 0.386 seconds, Rows: 1, Query: show stats on stgdb_dv4.WI_DRR_SYSVW_PARTY_OWN_TER_CHK_FDRR;

2020-07-21 13:24:44,156 - teradata.udaexec - INFO - Query Successful. Duration: 0.398 seconds, Rows: 1, Query: show stats on stgdb_dv4.WI_FIN_ADJ_BOOKINGS_ACTIVE_FDRR;

2020-07-21 13:24:44,921 - teradata.udaexec - INFO - Query Successful. Duration: 0.359 seconds, Rows: 1, Query: show stats on stgdb_dv4.WI_FIN_ADJ_BOOKINGS_ACTIVE_R14_FDRR;

2020-07-21 13:24:45,904 - teradata.udaexec - INFO - Query Successful. Duration: 0.588 seconds, Rows: 1, Query: show stats on stgdb_dv4.WI_FIN_ADJ_BOOKINGS_ALL_FDRR;

2020-07-21 13:24:46,685 - teradata.udaexec - INFO - Query Successful. Duration: 0.387 seconds, Rows: 1, Query: show stats on stgdb_dv4.WI_FIN_ADJ_BOOKINGS_R14_ALL_FDRR;

2020-07-21 13:24:47,589 - teradata.udaexec - INFO - Query Successful. Duration: 0.552 seconds, Rows: 1, Query: show stats on stgdb_dv4.WI_PARTNER_CHANGE_FDRR;

2020-07-21 13:24:48,288 - teradata.udaexec - INFO - Query Successful. Duration: 0.345 seconds, Rows: 1, Query: show stats on stgdb_dv4.WI_SHARE_NON_DNR_DEL_FDRR;

2020-07-21 13:24:49,026 - teradata.udaexec - INFO - Query Successful. Duration: 0.395 seconds, Rows: 1, Query: show stats on stgdb_dv4.ST_DRR_PL_RULES;

2020-07-21 13:24:49,791 - teradata.udaexec - INFO - Query Successful. Duration: 0.400 seconds, Rows: 1, Query: show stats on stgdb_dv4.WI_CURRENT_ACTIVE_TERRITORY;

2020-07-21 13:24:50,556 - teradata.udaexec - INFO - Query Successful. Duration: 0.333 seconds, Rows: 1, Query: show stats on stgdb_dv4.WI_DRR_BOOKINGS_INCRMENTAL;

2020-07-21 13:24:52,002 - teradata.udaexec - INFO - Query Successful. Duration: 0.611 seconds, Rows: 1, Query: show stats on stgdb_dv4.WI_DRR_BOOKINGS_MEASURE_INCR;

2020-07-21 13:24:52,711 - teradata.udaexec - INFO - Query Successful. Duration: 0.342 seconds, Rows: 1, Query: show stats on stgdb_dv4.WI_DRR_FA_R14_SHR_DNR_FNL;

2020-07-21 13:24:53,662 - teradata.udaexec - INFO - Query Successful. Duration: 0.328 seconds, Rows: 1, Query: show stats on stgdb_dv4.WI_DRR_FA_R14_SHR_DNR_FNL_F;

2020-07-21 13:24:55,142 - teradata.udaexec - INFO - Query Successful. Duration: 1.160 seconds, Rows: 1, Query: show stats on stgdb_dv4.WI_DRR_FA_R14_SHR_DNR_FNL_R;

2020-07-21 13:24:56,146 - teradata.udaexec - INFO - Query Successful. Duration: 0.672 seconds, Rows: 1, Query: show stats on stgdb_dv4.WI_DRR_MT_SLS_ACNT_RSTD_INCR;

2020-07-21 13:24:56,832 - teradata.udaexec - INFO - Query Successful. Duration: 0.336 seconds, Rows: 1, Query: show stats on stgdb_dv4.WI_DRR_NG_FA_R14_SHR_DNR;

2020-07-21 13:24:57,682 - teradata.udaexec - INFO - Query Successful. Duration: 0.492 seconds, Rows: 1, Query: show stats on stgdb_dv4.WI_DRR_NG_FA_R14_SHR_DNR_DEL;

2020-07-21 13:24:58,324 - teradata.udaexec - INFO - Query Successful. Duration: 0.318 seconds, Rows: 1, Query: show stats on stgdb_dv4.WI_DRR_PL_DELTA;

2020-07-21 13:24:59,046 - teradata.udaexec - INFO - Query Successful. Duration: 0.320 seconds, Rows: 1, Query: show stats on stgdb_dv4.WI_DRR_PL_DELTA_1;

2020-07-21 13:24:59,866 - teradata.udaexec - INFO - Query Successful. Duration: 0.491 seconds, Rows: 1, Query: show stats on stgdb_dv4.WI_DRR_PL_DELTA_2;

2020-07-21 13:25:00,657 - teradata.udaexec - INFO - Query Successful. Duration: 0.475 seconds, Rows: 1, Query: show stats on stgdb_dv4.WI_DRR_PL_RULES_DENORM;

2020-07-21 13:25:01,767 - teradata.udaexec - INFO - Query Successful. Duration: 0.487 seconds, Rows: 1, Query: show stats on stgdb_dv4.WI_DRR_PL_RULES_DENORM_BKP;

2020-07-21 13:25:02,498 - teradata.udaexec - INFO - Query Successful. Duration: 0.360 seconds, Rows: 1, Query: show stats on stgdb_dv4.WI_DRR_SALES_ACCOUNT_MEASURE;

2020-07-21 13:25:03,468 - teradata.udaexec - INFO - Query Successful. Duration: 0.600 seconds, Rows: 1, Query: show stats on stgdb_dv4.WI_DRR_SALES_ACNT_MEASURE_FNL;

2020-07-21 13:25:04,150 - teradata.udaexec - INFO - Query Successful. Duration: 0.338 seconds, Rows: 1, Query: show stats on stgdb_dv4.WI_DRR_SALES_ACNT_MEASURE_FNL1;

2020-07-21 13:25:04,911 - teradata.udaexec - INFO - Query Successful. Duration: 0.426 seconds, Rows: 1, Query: show stats on stgdb_dv4.WI_DRR_SALES_ACNT_MSRE_FNL_DEL;

2020-07-21 13:25:05,567 - teradata.udaexec - INFO - Query Successful. Duration: 0.326 seconds, Rows: 1, Query: show stats on stgdb_dv4.WI_DRR_SYSVIEW_PARTY;

2020-07-21 13:25:06,259 - teradata.udaexec - INFO - Query Successful. Duration: 0.349 seconds, Rows: 1, Query: show stats on stgdb_dv4.WI_DRR_SYSVIEW_PARTY_BKP;

2020-07-21 13:25:06,928 - teradata.udaexec - INFO - Query Successful. Duration: 0.337 seconds, Rows: 1, Query: show stats on stgdb_dv4.WI_DRR_SYSVW_PARTY_OWN_TER_CHK;

2020-07-21 13:25:07,838 - teradata.udaexec - INFO - Query Successful. Duration: 0.472 seconds, Rows: 1, Query: show stats on stgdb_dv4.WI_FIN_ADJ_BOOKINGS_ACTIVE;

2020-07-21 13:25:08,586 - teradata.udaexec - INFO - Query Successful. Duration: 0.328 seconds, Rows: 1, Query: show stats on stgdb_dv4.WI_FIN_ADJ_BOOKINGS_ACTIVE_R14;

2020-07-21 13:25:09,251 - teradata.udaexec - INFO - Query Successful. Duration: 0.339 seconds, Rows: 1, Query: show stats on stgdb_dv4.WI_FIN_ADJ_BOOKINGS_ALL;

2020-07-21 13:25:10,006 - teradata.udaexec - INFO - Query Successful. Duration: 0.320 seconds, Rows: 1, Query: show stats on stgdb_dv4.WI_FIN_ADJ_BOOKINGS_R14_ALL;

2020-07-21 13:25:10,651 - teradata.udaexec - INFO - Query Successful. Duration: 0.328 seconds, Rows: 1, Query: show stats on stgdb_dv4.WI_PARTNER_CHANGE;

2020-07-21 13:25:11,282 - teradata.udaexec - INFO - Query Successful. Duration: 0.311 seconds, Rows: 1, Query: show stats on stgdb_dv4.WI_SHARE_NON_DNR_DEL;
