2020-07-22 21:52:42,368 - teradata.udaexec - INFO - Initializing UdaExec...
2020-07-22 21:52:42,369 - teradata.udaexec - INFO - Reading config files: ['C:\\etc\\udaexec.ini: Not Found', 'C:\\Users\\vkadimis\\udaexec.ini: Not Found', 'C:\\Users\\vkadimis\\Desktop\\My Scripts\\Find Missing and Present queries\\udaexec.ini: Found']
2020-07-22 21:52:42,369 - teradata.udaexec - INFO - Found run number file: "C:\Users\vkadimis\Desktop\My Scripts\Find Missing and Present queries\.runNumber"
2020-07-22 21:52:42,369 - teradata.udaexec - INFO - Cleaning up log files older than 90 days.
2020-07-22 21:52:42,370 - teradata.udaexec - INFO - Removed 0 log files.
2020-07-22 21:52:43,129 - teradata.udaexec - INFO - Checkpoint file not found: C:\Users\vkadimis\Desktop\My Scripts\Find Missing and Present queries\impactAnalysis.checkpoint
2020-07-22 21:52:43,130 - teradata.udaexec - INFO - No previous checkpoint found, executing from beginning...
2020-07-22 21:52:43,130 - teradata.udaexec - INFO - Execution Details:
/********************************************************************************
 * Application Name: impactAnalysis
 *          Version: 2
 *       Run Number: 20200722215242-14
 *             Host: VKADIMIS-4NA7P
 *         Platform: Windows-10-10.0.17134-SP0
 *          OS User: vkadimis
 *   Python Version: 3.7.6
 *  Python Compiler: MSC v.1916 64 bit (AMD64)
 *     Python Build: ('tags/v3.7.6:43364a7ae0', 'Dec 19 2019 00:42:30')
 *  UdaExec Version: 15.10.0.21
 *     Program Name: C:\Users\vkadimis\Desktop\My Scripts\Find Missing and Present queries\check if present.py
 *      Working Dir: C:\Users\vkadimis\Desktop\My Scripts\Find Missing and Present queries
 *          Log Dir: C:\Users\vkadimis\Desktop\My Scripts\Find Missing and Present queries\logs
 *         Log File: C:\Users\vkadimis\Desktop\My Scripts\Find Missing and Present queries\logs\impactAnalysis.20200722215242-14.log
 *     Config Files: ['C:\\etc\\udaexec.ini: Not Found', 'C:\\Users\\vkadimis\\udaexec.ini: Not Found', 'C:\\Users\\vkadimis\\Desktop\\My Scripts\\Find Missing and Present queries\\udaexec.ini: Found']
 *      Query Bands: ApplicationName=impactAnalysis;Version=2;JobID=20200722215242-14;ClientUser=vkadimis;Production=False;udaAppLogFile=C:\Users\vkadimis\Desktop\My Scripts\Find Missing and Present queries\logs\impactAnalysis.20200722215242-14.log;UtilityName=PyTd;UtilityVersion=15.10.0.21
********************************************************************************/
2020-07-22 21:52:43,132 - teradata.udaexec - INFO - Creating connection: {'method': 'odbc', 'system': 'TDDEV', 'username': 'vkadimis', 'password': 'XXXXXX', 'driver': 'Teradata', 'authentication': 'LDAP'}
2020-07-22 21:52:43,251 - teradata.tdodbc - INFO - Available drivers: SQL Server, Oracle in OraClient12Home1, BMF SQLite3 ODBC Driver, DataDirect 7.1 DB2 Wire Protocol, DataDirect 7.1 Informix Wire Protocol, DataDirect 7.1 Sybase Wire Protocol, DataDirect 7.1 SQL Server Wire Protocol, DataDirect 7.1 dBaseFile, DataDirect 7.1 FoxPro 3.0, DataDirect 7.1 MySQL Wire Protocol, DataDirect 7.1 New SQL Server Wire Protocol, DataDirect 7.1 Greenplum Wire Protocol, Informatica MongoDB ODBC Driver, DataDirect 7.1 Oracle Wire Protocol, Informatica Data Services ODBC Driver 10.1.0, Informatica Cassandra ODBC Driver, Teradata, Teradata 7.1 DB2 Wire Protocol, Teradata 7.1 Oracle, Teradata 7.1 Oracle Wire Protocol, Teradata 7.1 SQL Server Legacy Wire Protocol, Teradata 7.1 SQL Server Wire Protocol, DataDirect 8.0 New SQL Server Wire Protocol, DataDirect 7.1 PostgreSQL Wire Protocol, DataDirect 8.0 Oracle Wire Protocol, Informatica Data Services ODBC Driver 10.4.0
2020-07-22 21:52:54,364 - teradata.udaexec - INFO - Connection successful. Duration: 11.232 seconds. Details: {'method': 'odbc', 'system': 'TDDEV', 'username': 'vkadimis', 'password': 'XXXXXX', 'driver': 'Teradata', 'authentication': 'LDAP'}
2020-07-22 21:52:54,638 - teradata.udaexec - ERROR - Query Failed! Duration: 0.270 seconds, Query: show stats on stgdb_dv4.WI_SQ_SALES_HIERARCHY_CONF;
Traceback (most recent call last):
  File "C:\Users\vkadimis\AppData\Local\Programs\Python\Python37\lib\site-packages\teradata\udaexec.py", line 790, in _execute
    func(query, params, **kwargs)
  File "C:\Users\vkadimis\AppData\Local\Programs\Python\Python37\lib\site-packages\teradata\tdodbc.py", line 614, in execute
    checkStatus(rc, hStmt=self.hStmt, method="SQLExecDirectW")
  File "C:\Users\vkadimis\AppData\Local\Programs\Python\Python37\lib\site-packages\teradata\tdodbc.py", line 231, in checkStatus
    raise DatabaseError(i[2], u"[{}] {}".format(i[0], msg), i[0])
teradata.api.DatabaseError: (3624, '[HY000] [Teradata][ODBC Teradata Driver][Teradata Database] There are no statistics defined for the table. ')
2020-07-22 21:52:54,913 - teradata.udaexec - ERROR - Query Failed! Duration: 0.266 seconds, Query: show stats on stgdb_dv4.ST_SHR_TEAM_MEMBERS_V;
Traceback (most recent call last):
  File "C:\Users\vkadimis\AppData\Local\Programs\Python\Python37\lib\site-packages\teradata\udaexec.py", line 790, in _execute
    func(query, params, **kwargs)
  File "C:\Users\vkadimis\AppData\Local\Programs\Python\Python37\lib\site-packages\teradata\tdodbc.py", line 614, in execute
    checkStatus(rc, hStmt=self.hStmt, method="SQLExecDirectW")
  File "C:\Users\vkadimis\AppData\Local\Programs\Python\Python37\lib\site-packages\teradata\tdodbc.py", line 231, in checkStatus
    raise DatabaseError(i[2], u"[{}] {}".format(i[0], msg), i[0])
teradata.api.DatabaseError: (3624, '[HY000] [Teradata][ODBC Teradata Driver][Teradata Database] There are no statistics defined for the table. ')
2020-07-22 21:52:55,203 - teradata.udaexec - INFO - Query Successful. Duration: 0.286 seconds, Rows: 1, Query: show stats on stgdb_dv4.ST_SHR_MASTER_VERSNS_V_CONF;

2020-07-22 21:52:55,758 - teradata.udaexec - INFO - Query Successful. Duration: 0.291 seconds, Rows: 1, Query: show stats on stgdb_dv4.ST_SHR_NODE_REL_CONFIRMED;

2020-07-22 21:52:56,308 - teradata.udaexec - INFO - Query Successful. Duration: 0.287 seconds, Rows: 1, Query: show stats on stgdb_dv4.ST_SHR_STRUCT_INTERFACE_V_CONF;

2020-07-22 21:52:56,859 - teradata.udaexec - INFO - Query Successful. Duration: 0.287 seconds, Rows: 1, Query: show stats on stgdb_dv4.ST_SHR_NODE_ATTRIBUTE_V_CNF;

2020-07-22 21:52:57,404 - teradata.udaexec - INFO - Query Successful. Duration: 0.283 seconds, Rows: 1, Query: show stats on stgdb_dv4.ST_SHR_MARKET_SEGMENT_V_CNF;

2020-07-22 21:52:57,961 - teradata.udaexec - INFO - Query Successful. Duration: 0.297 seconds, Rows: 1, Query: show stats on stgdb_dv4.ST_SHR_TEAM_MEMBERS;

2020-07-22 21:52:58,510 - teradata.udaexec - INFO - Query Successful. Duration: 0.286 seconds, Rows: 1, Query: show stats on stgdb_dv4.WI_COUNTRY_MISMATCH_RPT;

2020-07-22 21:52:59,063 - teradata.udaexec - INFO - Query Successful. Duration: 0.290 seconds, Rows: 1, Query: show stats on stgdb_dv4.WI_MEDIUM_PRE_RPT;

2020-07-22 21:52:59,595 - teradata.udaexec - INFO - Query Successful. Duration: 0.270 seconds, Rows: 1, Query: show stats on stgdb_dv4.WI_DRR_SYSVIEW_PARTY;

2020-07-22 21:53:00,143 - teradata.udaexec - INFO - Query Successful. Duration: 0.286 seconds, Rows: 1, Query: show stats on stgdb_dv4.WI_FIN_ADJ_BOOKINGS_ALL;

2020-07-22 21:53:00,687 - teradata.udaexec - INFO - Query Successful. Duration: 0.280 seconds, Rows: 1, Query: show stats on stgdb_dv4.WI_DRR_FIN_ADJ_RULE3_PARTY_SAV;

2020-07-22 21:53:01,238 - teradata.udaexec - INFO - Query Successful. Duration: 0.284 seconds, Rows: 1, Query: show stats on stgdb_dv4.WI_DRR_SALES_ACNT_MEASURE_FNL;

2020-07-22 21:53:01,779 - teradata.udaexec - INFO - Query Successful. Duration: 0.280 seconds, Rows: 1, Query: show stats on stgdb_dv4.WI_DRR_BOOKINGS_PARTY_ENRICH;

2020-07-22 21:53:02,334 - teradata.udaexec - INFO - Query Successful. Duration: 0.289 seconds, Rows: 1, Query: show stats on stgdb_dv4.WI_DRR_FA_R14_SHR_DNR_FNL;

2020-07-22 21:53:02,866 - teradata.udaexec - INFO - Query Successful. Duration: 0.267 seconds, Rows: 1, Query: show stats on stgdb_dv4.ST_USER_ROLE;

2020-07-22 21:53:03,394 - teradata.udaexec - INFO - Query Successful. Duration: 0.266 seconds, Rows: 1, Query: show stats on stgdb_dv4.ST_FIN_ADJ_UPLOAD_AUD;

2020-07-22 21:53:03,946 - teradata.udaexec - INFO - Query Successful. Duration: 0.290 seconds, Rows: 1, Query: show stats on stgdb_dv4.WI_FIN_ADJ_BOOKINGS_R14_ALL;

2020-07-22 21:53:04,502 - teradata.udaexec - INFO - Query Successful. Duration: 0.291 seconds, Rows: 1, Query: show stats on stgdb_dv4.WI_DRR_FA_R14_SHR_DNR_FNL_F;

2020-07-22 21:53:05,045 - teradata.udaexec - INFO - Query Successful. Duration: 0.278 seconds, Rows: 1, Query: show stats on stgdb_dv4.BKGS_DATA;

2020-07-22 21:53:05,583 - teradata.udaexec - INFO - Query Successful. Duration: 0.276 seconds, Rows: 1, Query: show stats on stgdb_dv4.ST_ACT_INACT_NODE_MAP_DRR;

2020-07-22 21:53:06,132 - teradata.udaexec - INFO - Query Successful. Duration: 0.287 seconds, Rows: 1, Query: show stats on stgdb_dv4.EL_ACT_INACT_NODE_MAP_DRR_FDRR;

2020-07-22 21:53:06,662 - teradata.udaexec - INFO - Query Successful. Duration: 0.268 seconds, Rows: 1, Query: show stats on stgdb_dv4.WI_SUMMARY_DYN_SLS_ADJ_UPLD;

2020-07-22 21:53:07,191 - teradata.udaexec - INFO - Query Successful. Duration: 0.267 seconds, Rows: 1, Query: show stats on stgdb_dv4.EL_SUMMARY_DYN_SLS_ADJ_UPLD;

2020-07-22 21:53:07,753 - teradata.udaexec - INFO - Query Successful. Duration: 0.296 seconds, Rows: 1, Query: show stats on stgdb_dv4.WI_DRRAR_PROCESS_CONTROL;

2020-07-22 21:53:08,299 - teradata.udaexec - INFO - Query Successful. Duration: 0.284 seconds, Rows: 1, Query: show stats on stgdb_dv4.WI_MEDIUM_RPT;

2020-07-22 21:53:08,840 - teradata.udaexec - INFO - Query Successful. Duration: 0.279 seconds, Rows: 1, Query: show stats on stgdb_dv4.RSW_BOOK_NET_DERIVATION;

2020-07-22 21:53:09,392 - teradata.udaexec - INFO - Query Successful. Duration: 0.290 seconds, Rows: 1, Query: show stats on stgdb_dv4.WI_SAAS_FLG_DERIVATION;

2020-07-22 21:53:09,945 - teradata.udaexec - INFO - Query Successful. Duration: 0.291 seconds, Rows: 1, Query: show stats on stgdb_dv4.SALES_REP_WHITELIST;

2020-07-22 21:53:10,488 - teradata.udaexec - INFO - Query Successful. Duration: 0.280 seconds, Rows: 1, Query: show stats on stgdb_dv4.REVERSE_INSERTS;

2020-07-22 21:53:11,029 - teradata.udaexec - INFO - Query Successful. Duration: 0.278 seconds, Rows: 1, Query: show stats on stgdb_dv4.NG_DISTINCT_BMK_REVERSE;

2020-07-22 21:53:11,569 - teradata.udaexec - INFO - Query Successful. Duration: 0.277 seconds, Rows: 1, Query: show stats on stgdb_dv4.NG_DISTINCT_BMK_FWD;

2020-07-22 21:53:12,117 - teradata.udaexec - INFO - Query Successful. Duration: 0.286 seconds, Rows: 1, Query: show stats on stgdb_dv4.DRR_FINADJ;

2020-07-22 21:53:12,657 - teradata.udaexec - ERROR - Query Failed! Duration: 0.278 seconds, Query: show stats on stgdb_dv4.MT_SLS_ACNT_RSTD_MSR_FDRRNG_DEL;
Traceback (most recent call last):
  File "C:\Users\vkadimis\AppData\Local\Programs\Python\Python37\lib\site-packages\teradata\udaexec.py", line 790, in _execute
    func(query, params, **kwargs)
  File "C:\Users\vkadimis\AppData\Local\Programs\Python\Python37\lib\site-packages\teradata\tdodbc.py", line 614, in execute
    checkStatus(rc, hStmt=self.hStmt, method="SQLExecDirectW")
  File "C:\Users\vkadimis\AppData\Local\Programs\Python\Python37\lib\site-packages\teradata\tdodbc.py", line 231, in checkStatus
    raise DatabaseError(i[2], u"[{}] {}".format(i[0], msg), i[0])
teradata.api.DatabaseError: (3624, '[HY000] [Teradata][ODBC Teradata Driver][Teradata Database] There are no statistics defined for the table. ')
2020-07-22 21:53:12,972 - teradata.udaexec - INFO - Query Successful. Duration: 0.311 seconds, Rows: 1, Query: show stats on stgdb_dv4.WI_NODE_LEVEL_PRE_RPT;

2020-07-22 21:53:13,532 - teradata.udaexec - INFO - Query Successful. Duration: 0.297 seconds, Rows: 1, Query: show stats on stgdb_dv4.WI_DRR_SALES_ACNT_MEASURE_FNL2;

2020-07-22 21:53:14,076 - teradata.udaexec - INFO - Query Successful. Duration: 0.280 seconds, Rows: 1, Query: show stats on stgdb_dv4.WI_DRR_SALES_ACNT_MEASURE_FNL_SPLIT;

