2020-07-27 16:12:57,150 - teradata.udaexec - INFO - Initializing UdaExec...
2020-07-27 16:12:57,150 - teradata.udaexec - INFO - Reading config files: ['C:\\etc\\udaexec.ini: Not Found', 'C:\\Users\\vkadimis\\udaexec.ini: Not Found', 'C:\\Users\\vkadimis\\Desktop\\Python KT\\My Scripts\\Find Missing and Present queries\\udaexec.ini: Found']
2020-07-27 16:12:57,151 - teradata.udaexec - INFO - Found run number file: "C:\Users\vkadimis\Desktop\Python KT\My Scripts\Find Missing and Present queries\.runNumber"
2020-07-27 16:12:57,151 - teradata.udaexec - INFO - Cleaning up log files older than 90 days.
2020-07-27 16:12:57,152 - teradata.udaexec - INFO - Removed 0 log files.
2020-07-27 16:12:59,537 - teradata.udaexec - INFO - Checkpoint file not found: C:\Users\vkadimis\Desktop\Python KT\My Scripts\Find Missing and Present queries\QueryCheck.checkpoint
2020-07-27 16:12:59,537 - teradata.udaexec - INFO - No previous checkpoint found, executing from beginning...
2020-07-27 16:12:59,538 - teradata.udaexec - INFO - Execution Details:
/********************************************************************************
 * Application Name: QueryCheck
 *          Version: 1
 *       Run Number: 20200727161257-22
 *             Host: VKADIMIS-4NA7P
 *         Platform: Windows-10-10.0.17134-SP0
 *          OS User: vkadimis
 *   Python Version: 3.7.6
 *  Python Compiler: MSC v.1916 64 bit (AMD64)
 *     Python Build: ('tags/v3.7.6:43364a7ae0', 'Dec 19 2019 00:42:30')
 *  UdaExec Version: 15.10.0.21
 *     Program Name: C:\Users\vkadimis\Desktop\Python KT\My Scripts\Find Missing and Present queries\check if present.py
 *      Working Dir: C:\Users\vkadimis\Desktop\Python KT\My Scripts\Find Missing and Present queries
 *          Log Dir: C:\Users\vkadimis\Desktop\Python KT\My Scripts\Find Missing and Present queries\logs
 *         Log File: C:\Users\vkadimis\Desktop\Python KT\My Scripts\Find Missing and Present queries\logs\QueryCheck.20200727161257-22.log
 *     Config Files: ['C:\\etc\\udaexec.ini: Not Found', 'C:\\Users\\vkadimis\\udaexec.ini: Not Found', 'C:\\Users\\vkadimis\\Desktop\\Python KT\\My Scripts\\Find Missing and Present queries\\udaexec.ini: Found']
 *      Query Bands: ApplicationName=QueryCheck;Version=1;JobID=20200727161257-22;ClientUser=vkadimis;Production=False;udaAppLogFile=C:\Users\vkadimis\Desktop\Python KT\My Scripts\Find Missing and Present queries\logs\QueryCheck.20200727161257-22.log;UtilityName=PyTd;UtilityVersion=15.10.0.21
********************************************************************************/
2020-07-27 16:12:59,539 - teradata.udaexec - INFO - Creating connection: {'method': 'odbc', 'system': 'TDDEV', 'username': 'vkadimis', 'password': 'XXXXXX', 'driver': 'Teradata', 'authentication': 'LDAP'}
2020-07-27 16:12:59,800 - teradata.tdodbc - INFO - Available drivers: SQL Server, Oracle in OraClient12Home1, BMF SQLite3 ODBC Driver, DataDirect 7.1 DB2 Wire Protocol, DataDirect 7.1 Informix Wire Protocol, DataDirect 7.1 Sybase Wire Protocol, DataDirect 7.1 SQL Server Wire Protocol, DataDirect 7.1 dBaseFile, DataDirect 7.1 FoxPro 3.0, DataDirect 7.1 MySQL Wire Protocol, DataDirect 7.1 New SQL Server Wire Protocol, DataDirect 7.1 Greenplum Wire Protocol, Informatica MongoDB ODBC Driver, DataDirect 7.1 Oracle Wire Protocol, Informatica Data Services ODBC Driver 10.1.0, Informatica Cassandra ODBC Driver, Teradata, Teradata 7.1 DB2 Wire Protocol, Teradata 7.1 Oracle, Teradata 7.1 Oracle Wire Protocol, Teradata 7.1 SQL Server Legacy Wire Protocol, Teradata 7.1 SQL Server Wire Protocol, DataDirect 8.0 New SQL Server Wire Protocol, DataDirect 7.1 PostgreSQL Wire Protocol, DataDirect 8.0 Oracle Wire Protocol, Informatica Data Services ODBC Driver 10.4.0
2020-07-27 16:13:13,800 - teradata.udaexec - INFO - Connection successful. Duration: 14.261 seconds. Details: {'method': 'odbc', 'system': 'TDDEV', 'username': 'vkadimis', 'password': 'XXXXXX', 'driver': 'Teradata', 'authentication': 'LDAP'}
2020-07-27 16:13:14,184 - teradata.udaexec - ERROR - Query Failed! Duration: 0.342 seconds, Query: show stats on stgdb_dv4.WI_SQ_SALES_HIERARCHY_CONF;
Traceback (most recent call last):
  File "C:\Users\vkadimis\AppData\Local\Programs\Python\Python37\lib\site-packages\teradata\udaexec.py", line 790, in _execute
    func(query, params, **kwargs)
  File "C:\Users\vkadimis\AppData\Local\Programs\Python\Python37\lib\site-packages\teradata\tdodbc.py", line 614, in execute
    checkStatus(rc, hStmt=self.hStmt, method="SQLExecDirectW")
  File "C:\Users\vkadimis\AppData\Local\Programs\Python\Python37\lib\site-packages\teradata\tdodbc.py", line 231, in checkStatus
    raise DatabaseError(i[2], u"[{}] {}".format(i[0], msg), i[0])
teradata.api.DatabaseError: (3624, '[HY000] [Teradata][ODBC Teradata Driver][Teradata Database] There are no statistics defined for the table. ')
2020-07-27 16:13:14,496 - teradata.udaexec - ERROR - Query Failed! Duration: 0.263 seconds, Query: show stats on stgdb_dv4.ST_SHR_TEAM_MEMBERS_V;
Traceback (most recent call last):
  File "C:\Users\vkadimis\AppData\Local\Programs\Python\Python37\lib\site-packages\teradata\udaexec.py", line 790, in _execute
    func(query, params, **kwargs)
  File "C:\Users\vkadimis\AppData\Local\Programs\Python\Python37\lib\site-packages\teradata\tdodbc.py", line 614, in execute
    checkStatus(rc, hStmt=self.hStmt, method="SQLExecDirectW")
  File "C:\Users\vkadimis\AppData\Local\Programs\Python\Python37\lib\site-packages\teradata\tdodbc.py", line 231, in checkStatus
    raise DatabaseError(i[2], u"[{}] {}".format(i[0], msg), i[0])
teradata.api.DatabaseError: (3624, '[HY000] [Teradata][ODBC Teradata Driver][Teradata Database] There are no statistics defined for the table. ')
2020-07-27 16:13:14,849 - teradata.udaexec - INFO - Query Successful. Duration: 0.293 seconds, Rows: 1, Query: show stats on stgdb_dv4.ST_SHR_MASTER_VERSNS_V_CONF;

2020-07-27 16:13:15,459 - teradata.udaexec - INFO - Query Successful. Duration: 0.277 seconds, Rows: 1, Query: show stats on stgdb_dv4.ST_SHR_NODE_REL_CONFIRMED;

2020-07-27 16:13:16,070 - teradata.udaexec - INFO - Query Successful. Duration: 0.323 seconds, Rows: 1, Query: show stats on stgdb_dv4.ST_SHR_STRUCT_INTERFACE_V_CONF;

2020-07-27 16:13:16,616 - teradata.udaexec - INFO - Query Successful. Duration: 0.275 seconds, Rows: 1, Query: show stats on stgdb_dv4.ST_SHR_NODE_ATTRIBUTE_V_CNF;

2020-07-27 16:13:17,173 - teradata.udaexec - INFO - Query Successful. Duration: 0.294 seconds, Rows: 1, Query: show stats on stgdb_dv4.ST_SHR_MARKET_SEGMENT_V_CNF;

2020-07-27 16:13:17,713 - teradata.udaexec - INFO - Query Successful. Duration: 0.281 seconds, Rows: 1, Query: show stats on stgdb_dv4.ST_SHR_TEAM_MEMBERS;

2020-07-27 16:13:18,250 - teradata.udaexec - INFO - Query Successful. Duration: 0.276 seconds, Rows: 1, Query: show stats on stgdb_dv4.WI_COUNTRY_MISMATCH_RPT;

2020-07-27 16:13:18,812 - teradata.udaexec - INFO - Query Successful. Duration: 0.281 seconds, Rows: 1, Query: show stats on stgdb_dv4.WI_MEDIUM_PRE_RPT;

2020-07-27 16:13:19,343 - teradata.udaexec - INFO - Query Successful. Duration: 0.271 seconds, Rows: 1, Query: show stats on stgdb_dv4.WI_DRR_SYSVIEW_PARTY;

2020-07-27 16:13:19,885 - teradata.udaexec - INFO - Query Successful. Duration: 0.282 seconds, Rows: 1, Query: show stats on stgdb_dv4.WI_FIN_ADJ_BOOKINGS_ALL;

2020-07-27 16:13:20,437 - teradata.udaexec - INFO - Query Successful. Duration: 0.280 seconds, Rows: 1, Query: show stats on stgdb_dv4.WI_DRR_FIN_ADJ_RULE3_PARTY_SAV;

2020-07-27 16:13:20,963 - teradata.udaexec - INFO - Query Successful. Duration: 0.265 seconds, Rows: 1, Query: show stats on stgdb_dv4.WI_DRR_SALES_ACNT_MEASURE_FNL;

2020-07-27 16:13:21,505 - teradata.udaexec - INFO - Query Successful. Duration: 0.283 seconds, Rows: 1, Query: show stats on stgdb_dv4.WI_DRR_BOOKINGS_PARTY_ENRICH;

2020-07-27 16:13:22,043 - teradata.udaexec - INFO - Query Successful. Duration: 0.278 seconds, Rows: 1, Query: show stats on stgdb_dv4.WI_DRR_FA_R14_SHR_DNR_FNL;

2020-07-27 16:13:22,567 - teradata.udaexec - INFO - Query Successful. Duration: 0.263 seconds, Rows: 1, Query: show stats on stgdb_dv4.ST_USER_ROLE;

2020-07-27 16:13:23,118 - teradata.udaexec - INFO - Query Successful. Duration: 0.266 seconds, Rows: 1, Query: show stats on stgdb_dv4.ST_FIN_ADJ_UPLOAD_AUD;

2020-07-27 16:13:23,700 - teradata.udaexec - INFO - Query Successful. Duration: 0.275 seconds, Rows: 1, Query: show stats on stgdb_dv4.WI_FIN_ADJ_BOOKINGS_R14_ALL;

2020-07-27 16:13:24,765 - teradata.udaexec - INFO - Query Successful. Duration: 0.337 seconds, Rows: 1, Query: show stats on stgdb_dv4.WI_DRR_FA_R14_SHR_DNR_FNL_F;

2020-07-27 16:13:25,344 - teradata.udaexec - INFO - Query Successful. Duration: 0.285 seconds, Rows: 1, Query: show stats on stgdb_dv4.BKGS_DATA;

2020-07-27 16:13:25,923 - teradata.udaexec - INFO - Query Successful. Duration: 0.280 seconds, Rows: 1, Query: show stats on stgdb_dv4.ST_ACT_INACT_NODE_MAP_DRR;

2020-07-27 16:13:26,563 - teradata.udaexec - INFO - Query Successful. Duration: 0.275 seconds, Rows: 1, Query: show stats on stgdb_dv4.EL_ACT_INACT_NODE_MAP_DRR_FDRR;

2020-07-27 16:13:27,691 - teradata.udaexec - INFO - Query Successful. Duration: 0.265 seconds, Rows: 1, Query: show stats on stgdb_dv4.WI_SUMMARY_DYN_SLS_ADJ_UPLD;

2020-07-27 16:13:28,219 - teradata.udaexec - INFO - Query Successful. Duration: 0.265 seconds, Rows: 1, Query: show stats on stgdb_dv4.EL_SUMMARY_DYN_SLS_ADJ_UPLD;

2020-07-27 16:13:28,812 - teradata.udaexec - INFO - Query Successful. Duration: 0.304 seconds, Rows: 1, Query: show stats on stgdb_dv4.WI_DRRAR_PROCESS_CONTROL;

2020-07-27 16:13:29,353 - teradata.udaexec - INFO - Query Successful. Duration: 0.273 seconds, Rows: 1, Query: show stats on stgdb_dv4.WI_MEDIUM_RPT;

2020-07-27 16:13:29,902 - teradata.udaexec - INFO - Query Successful. Duration: 0.279 seconds, Rows: 1, Query: show stats on stgdb_dv4.RSW_BOOK_NET_DERIVATION;

2020-07-27 16:13:30,457 - teradata.udaexec - INFO - Query Successful. Duration: 0.293 seconds, Rows: 1, Query: show stats on stgdb_dv4.WI_SAAS_FLG_DERIVATION;

2020-07-27 16:13:31,039 - teradata.udaexec - INFO - Query Successful. Duration: 0.310 seconds, Rows: 1, Query: show stats on stgdb_dv4.SALES_REP_WHITELIST;

2020-07-27 16:13:31,575 - teradata.udaexec - INFO - Query Successful. Duration: 0.277 seconds, Rows: 1, Query: show stats on stgdb_dv4.REVERSE_INSERTS;

2020-07-27 16:13:32,130 - teradata.udaexec - INFO - Query Successful. Duration: 0.279 seconds, Rows: 1, Query: show stats on stgdb_dv4.NG_DISTINCT_BMK_REVERSE;

2020-07-27 16:13:32,674 - teradata.udaexec - INFO - Query Successful. Duration: 0.281 seconds, Rows: 1, Query: show stats on stgdb_dv4.NG_DISTINCT_BMK_FWD;

2020-07-27 16:13:33,223 - teradata.udaexec - INFO - Query Successful. Duration: 0.288 seconds, Rows: 1, Query: show stats on stgdb_dv4.DRR_FINADJ;

2020-07-27 16:13:33,745 - teradata.udaexec - ERROR - Query Failed! Duration: 0.262 seconds, Query: show stats on stgdb_dv4.MT_SLS_ACNT_RSTD_MSR_FDRRNG_DEL;
Traceback (most recent call last):
  File "C:\Users\vkadimis\AppData\Local\Programs\Python\Python37\lib\site-packages\teradata\udaexec.py", line 790, in _execute
    func(query, params, **kwargs)
  File "C:\Users\vkadimis\AppData\Local\Programs\Python\Python37\lib\site-packages\teradata\tdodbc.py", line 614, in execute
    checkStatus(rc, hStmt=self.hStmt, method="SQLExecDirectW")
  File "C:\Users\vkadimis\AppData\Local\Programs\Python\Python37\lib\site-packages\teradata\tdodbc.py", line 231, in checkStatus
    raise DatabaseError(i[2], u"[{}] {}".format(i[0], msg), i[0])
teradata.api.DatabaseError: (3624, '[HY000] [Teradata][ODBC Teradata Driver][Teradata Database] There are no statistics defined for the table. ')
2020-07-27 16:13:34,027 - teradata.udaexec - INFO - Query Successful. Duration: 0.266 seconds, Rows: 1, Query: show stats on stgdb_dv4.WI_NODE_LEVEL_PRE_RPT;

2020-07-27 16:13:34,570 - teradata.udaexec - INFO - Query Successful. Duration: 0.278 seconds, Rows: 1, Query: show stats on stgdb_dv4.WI_DRR_SALES_ACNT_MEASURE_FNL2;

2020-07-27 16:13:35,166 - teradata.udaexec - INFO - Query Successful. Duration: 0.336 seconds, Rows: 1, Query: show stats on stgdb_dv4.WI_DRR_SALES_ACNT_MEASURE_FNL_SPLIT;

2020-07-27 16:13:35,710 - teradata.udaexec - INFO - Query Successful. Duration: 0.285 seconds, Rows: 1, Query: show stats on stgdb_dv4.WI_MT_XAAS_SMC_ATTRIB_NRTR;

2020-07-27 16:13:36,230 - teradata.udaexec - ERROR - Query Failed! Duration: 0.261 seconds, Query: show stats on stgdb_dv4.ST_XXANP_FIN_SAV_DESCR;
Traceback (most recent call last):
  File "C:\Users\vkadimis\AppData\Local\Programs\Python\Python37\lib\site-packages\teradata\udaexec.py", line 790, in _execute
    func(query, params, **kwargs)
  File "C:\Users\vkadimis\AppData\Local\Programs\Python\Python37\lib\site-packages\teradata\tdodbc.py", line 614, in execute
    checkStatus(rc, hStmt=self.hStmt, method="SQLExecDirectW")
  File "C:\Users\vkadimis\AppData\Local\Programs\Python\Python37\lib\site-packages\teradata\tdodbc.py", line 231, in checkStatus
    raise DatabaseError(i[2], u"[{}] {}".format(i[0], msg), i[0])
teradata.api.DatabaseError: (3624, '[HY000] [Teradata][ODBC Teradata Driver][Teradata Database] There are no statistics defined for the table. ')
2020-07-27 16:13:36,512 - teradata.udaexec - INFO - Query Successful. Duration: 0.274 seconds, Rows: 1, Query: show stats on stgdb_dv4.WI_SUMMARY_SLS_ADJSTMT_DQ;

2020-07-27 16:13:37,045 - teradata.udaexec - ERROR - Query Failed! Duration: 0.271 seconds, Query: show stats on stgdb_dv4.ST_FIN_ADJ_DRR_UPLOAD_LMT;
Traceback (most recent call last):
  File "C:\Users\vkadimis\AppData\Local\Programs\Python\Python37\lib\site-packages\teradata\udaexec.py", line 790, in _execute
    func(query, params, **kwargs)
  File "C:\Users\vkadimis\AppData\Local\Programs\Python\Python37\lib\site-packages\teradata\tdodbc.py", line 614, in execute
    checkStatus(rc, hStmt=self.hStmt, method="SQLExecDirectW")
  File "C:\Users\vkadimis\AppData\Local\Programs\Python\Python37\lib\site-packages\teradata\tdodbc.py", line 231, in checkStatus
    raise DatabaseError(i[2], u"[{}] {}".format(i[0], msg), i[0])
teradata.api.DatabaseError: (3624, '[HY000] [Teradata][ODBC Teradata Driver][Teradata Database] There are no statistics defined for the table. ')
2020-07-27 16:13:37,316 - teradata.udaexec - INFO - Query Successful. Duration: 0.265 seconds, Rows: 1, Query: show stats on stgdb_dv4.WI_FIN_ADJ_DRR_NG_3;

2020-07-27 16:13:37,842 - teradata.udaexec - INFO - Query Successful. Duration: 0.264 seconds, Rows: 1, Query: show stats on stgdb_dv4.WI_NODE_LEVEL_RPT;

2020-07-27 16:13:38,368 - teradata.udaexec - INFO - Query Successful. Duration: 0.266 seconds, Rows: 1, Query: show stats on stgdb_dv4.ST_FIN_ADJ_DRR_UPLOAD;

2020-07-27 16:13:38,891 - teradata.udaexec - ERROR - Query Failed! Duration: 0.262 seconds, Query: show stats on stgdb_dv4.ST_XXANP_FIN_ADJ_DRRNG_UPLOAD;
Traceback (most recent call last):
  File "C:\Users\vkadimis\AppData\Local\Programs\Python\Python37\lib\site-packages\teradata\udaexec.py", line 790, in _execute
    func(query, params, **kwargs)
  File "C:\Users\vkadimis\AppData\Local\Programs\Python\Python37\lib\site-packages\teradata\tdodbc.py", line 614, in execute
    checkStatus(rc, hStmt=self.hStmt, method="SQLExecDirectW")
  File "C:\Users\vkadimis\AppData\Local\Programs\Python\Python37\lib\site-packages\teradata\tdodbc.py", line 231, in checkStatus
    raise DatabaseError(i[2], u"[{}] {}".format(i[0], msg), i[0])
teradata.api.DatabaseError: (3624, '[HY000] [Teradata][ODBC Teradata Driver][Teradata Database] There are no statistics defined for the table. ')
2020-07-27 16:13:39,164 - teradata.udaexec - INFO - Query Successful. Duration: 0.267 seconds, Rows: 1, Query: show stats on stgdb_dv4.ST_FILE_UPLOAD_AUD;

2020-07-27 16:13:39,683 - teradata.udaexec - ERROR - Query Failed! Duration: 0.261 seconds, Query: show stats on stgdb_dv4.ST_FIN_WW_USER_ROLE;
Traceback (most recent call last):
  File "C:\Users\vkadimis\AppData\Local\Programs\Python\Python37\lib\site-packages\teradata\udaexec.py", line 790, in _execute
    func(query, params, **kwargs)
  File "C:\Users\vkadimis\AppData\Local\Programs\Python\Python37\lib\site-packages\teradata\tdodbc.py", line 614, in execute
    checkStatus(rc, hStmt=self.hStmt, method="SQLExecDirectW")
  File "C:\Users\vkadimis\AppData\Local\Programs\Python\Python37\lib\site-packages\teradata\tdodbc.py", line 231, in checkStatus
    raise DatabaseError(i[2], u"[{}] {}".format(i[0], msg), i[0])
teradata.api.DatabaseError: (3624, '[HY000] [Teradata][ODBC Teradata Driver][Teradata Database] There are no statistics defined for the table. ')
2020-07-27 16:13:39,962 - teradata.udaexec - ERROR - Query Failed! Duration: 0.272 seconds, Query: show stats on stgdb_dv4.WI_AUD_DRR_FDRR;
Traceback (most recent call last):
  File "C:\Users\vkadimis\AppData\Local\Programs\Python\Python37\lib\site-packages\teradata\udaexec.py", line 790, in _execute
    func(query, params, **kwargs)
  File "C:\Users\vkadimis\AppData\Local\Programs\Python\Python37\lib\site-packages\teradata\tdodbc.py", line 614, in execute
    checkStatus(rc, hStmt=self.hStmt, method="SQLExecDirectW")
  File "C:\Users\vkadimis\AppData\Local\Programs\Python\Python37\lib\site-packages\teradata\tdodbc.py", line 231, in checkStatus
    raise DatabaseError(i[2], u"[{}] {}".format(i[0], msg), i[0])
teradata.api.DatabaseError: (3624, '[HY000] [Teradata][ODBC Teradata Driver][Teradata Database] There are no statistics defined for the table. ')
2020-07-27 16:13:40,248 - teradata.udaexec - INFO - Query Successful. Duration: 0.281 seconds, Rows: 1, Query: show stats on stgdb_dv4.WI_DRR_BOOKINGS_INCRMENTAL;

2020-07-27 16:13:40,796 - teradata.udaexec - INFO - Query Successful. Duration: 0.286 seconds, Rows: 1, Query: show stats on stgdb_dv4.WI_DRR_NAMED_ACCOUNT;

2020-07-27 16:13:41,336 - teradata.udaexec - INFO - Query Successful. Duration: 0.274 seconds, Rows: 1, Query: show stats on stgdb_dv4.WI_DRR_NAMED_ACC_AS_SAV;

2020-07-27 16:13:42,354 - teradata.udaexec - INFO - Query Successful. Duration: 0.286 seconds, Rows: 1, Query: show stats on stgdb_dv4.WI_DRR_NAMED_ACC_BKGS_INCR;

2020-07-27 16:13:42,916 - teradata.udaexec - INFO - Query Successful. Duration: 0.298 seconds, Rows: 1, Query: show stats on stgdb_dv4.WI_DRR_NAMED_ACCOUNT_SHL;

2020-07-27 16:13:43,471 - teradata.udaexec - INFO - Query Successful. Duration: 0.294 seconds, Rows: 1, Query: show stats on stgdb_dv4.WI_DRR_NAMED_ACC_SYSPARTY;

2020-07-27 16:13:44,015 - teradata.udaexec - INFO - Query Successful. Duration: 0.286 seconds, Rows: 1, Query: show stats on stgdb_dv4.WI_DRR_NAMED_ACCOUNT_ROUND_OFF;

2020-07-27 16:13:44,569 - teradata.udaexec - INFO - Query Successful. Duration: 0.288 seconds, Rows: 1, Query: show stats on stgdb_dv4.WI_DRR_NAMED_ACC_SHRD_SPLIT;

2020-07-27 16:13:45,111 - teradata.udaexec - INFO - Query Successful. Duration: 0.279 seconds, Rows: 1, Query: show stats on stgdb_dv4.WI_DRR_GEO_ACCOUNT_MATCH;

2020-07-27 16:13:45,650 - teradata.udaexec - INFO - Query Successful. Duration: 0.279 seconds, Rows: 1, Query: show stats on stgdb_dv4.WI_DRR_PL_RULES_ENRICHMENT;

2020-07-27 16:13:46,210 - teradata.udaexec - INFO - Query Successful. Duration: 0.299 seconds, Rows: 1, Query: show stats on stgdb_dv4.WI_DRR_BOOKINGS_MSR_DENORM;

2020-07-27 16:13:46,734 - teradata.udaexec - INFO - Query Successful. Duration: 0.264 seconds, Rows: 1, Query: show stats on stgdb_dv4.WI_FIN_ADJ_DRR;

2020-07-27 16:13:47,254 - teradata.udaexec - ERROR - Query Failed! Duration: 0.262 seconds, Query: show stats on stgdb_dv4.FIN_ADJ_CNFLT;
Traceback (most recent call last):
  File "C:\Users\vkadimis\AppData\Local\Programs\Python\Python37\lib\site-packages\teradata\udaexec.py", line 790, in _execute
    func(query, params, **kwargs)
  File "C:\Users\vkadimis\AppData\Local\Programs\Python\Python37\lib\site-packages\teradata\tdodbc.py", line 614, in execute
    checkStatus(rc, hStmt=self.hStmt, method="SQLExecDirectW")
  File "C:\Users\vkadimis\AppData\Local\Programs\Python\Python37\lib\site-packages\teradata\tdodbc.py", line 231, in checkStatus
    raise DatabaseError(i[2], u"[{}] {}".format(i[0], msg), i[0])
teradata.api.DatabaseError: (3624, '[HY000] [Teradata][ODBC Teradata Driver][Teradata Database] There are no statistics defined for the table. ')
2020-07-27 16:13:47,527 - teradata.udaexec - ERROR - Query Failed! Duration: 0.263 seconds, Query: show stats on stgdb_dv4.ST_FIN_ADJ_DRR_UPLOAD_LMT_TMP;
Traceback (most recent call last):
  File "C:\Users\vkadimis\AppData\Local\Programs\Python\Python37\lib\site-packages\teradata\udaexec.py", line 790, in _execute
    func(query, params, **kwargs)
  File "C:\Users\vkadimis\AppData\Local\Programs\Python\Python37\lib\site-packages\teradata\tdodbc.py", line 614, in execute
    checkStatus(rc, hStmt=self.hStmt, method="SQLExecDirectW")
  File "C:\Users\vkadimis\AppData\Local\Programs\Python\Python37\lib\site-packages\teradata\tdodbc.py", line 231, in checkStatus
    raise DatabaseError(i[2], u"[{}] {}".format(i[0], msg), i[0])
teradata.api.DatabaseError: (3624, '[HY000] [Teradata][ODBC Teradata Driver][Teradata Database] There are no statistics defined for the table. ')
2020-07-27 16:13:47,805 - teradata.udaexec - INFO - Query Successful. Duration: 0.264 seconds, Rows: 1, Query: show stats on stgdb_dv4.WI_FIN_ADJ_DRR_NG_1;

2020-07-27 16:13:48,352 - teradata.udaexec - INFO - Query Successful. Duration: 0.282 seconds, Rows: 1, Query: show stats on stgdb_dv4.WI_DRR_FIN_ADJ_RULE;

2020-07-27 16:13:48,881 - teradata.udaexec - INFO - Query Successful. Duration: 0.268 seconds, Rows: 1, Query: show stats on stgdb_dv4.WI_FIN_ADJ_DRR_NG_2;

2020-07-27 16:13:49,474 - teradata.udaexec - INFO - Query Successful. Duration: 0.331 seconds, Rows: 1, Query: show stats on stgdb_dv4.WI_MEDIUM_RPT_DRR;

2020-07-27 16:13:50,011 - teradata.udaexec - INFO - Query Successful. Duration: 0.275 seconds, Rows: 1, Query: show stats on stgdb_dv4.WI_PARTY_SAV_MAPPING;

2020-07-27 16:13:50,550 - teradata.udaexec - INFO - Query Successful. Duration: 0.278 seconds, Rows: 1, Query: show stats on stgdb_dv4.WI_MEDIUM_RPT_RSTD;

2020-07-27 16:13:51,559 - teradata.udaexec - INFO - Query Successful. Duration: 0.750 seconds, Rows: 1, Query: show stats on stgdb_dv4.WI_SLS_ACNT_RSTD_MSR_PREV_DRR_NG;

2020-07-27 16:13:52,100 - teradata.udaexec - INFO - Query Successful. Duration: 0.281 seconds, Rows: 1, Query: show stats on stgdb_dv4.wi_medium_rstd_rollup;

2020-07-27 16:13:52,663 - teradata.udaexec - INFO - Query Successful. Duration: 0.302 seconds, Rows: 1, Query: show stats on stgdb_dv4.WI_HIERARCHY_MONTH_RSTMNTS_MID;

2020-07-27 16:13:53,240 - teradata.udaexec - INFO - Query Successful. Duration: 0.287 seconds, Rows: 1, Query: show stats on stgdb_dv4.DRR_TEMP;

2020-07-27 16:13:53,794 - teradata.udaexec - INFO - Query Successful. Duration: 0.292 seconds, Rows: 1, Query: show stats on stgdb_dv4.ACCT_TRN_TEMP;

2020-07-27 16:13:54,351 - teradata.udaexec - INFO - Query Successful. Duration: 0.298 seconds, Rows: 1, Query: show stats on stgdb_dv4.RSTD_TEMP;

2020-07-27 16:13:54,898 - teradata.udaexec - INFO - Query Successful. Duration: 0.288 seconds, Rows: 1, Query: show stats on stgdb_dv4.WI_SUMMARY_SLS_ADJSTMT_DQ_DUPS;

2020-07-27 16:13:55,449 - teradata.udaexec - INFO - Query Successful. Duration: 0.290 seconds, Rows: 1, Query: show stats on stgdb_dv4.WI_N_SUMMARY_SLS_ADJSTMT_DQ;

2020-07-27 16:13:55,973 - teradata.udaexec - INFO - Query Successful. Duration: 0.266 seconds, Rows: 1, Query: show stats on stgdb_dv4.WI_SALES_HIER_DR_FINHIST_ROLLUP;

2020-07-27 16:13:56,496 - teradata.udaexec - INFO - Query Successful. Duration: 0.263 seconds, Rows: 1, Query: show stats on stgdb_dv4.RST_HIST_TEMP;

2020-07-27 16:13:57,026 - teradata.udaexec - INFO - Query Successful. Duration: 0.266 seconds, Rows: 1, Query: show stats on stgdb_dv4.WI_SALES_HIER_DR_FINHIST;

2020-07-27 16:13:57,554 - teradata.udaexec - INFO - Query Successful. Duration: 0.268 seconds, Rows: 1, Query: show stats on stgdb_dv4.WI_SALES_HIER_RST_HIST;

2020-07-27 16:13:58,081 - teradata.udaexec - INFO - Query Successful. Duration: 0.268 seconds, Rows: 1, Query: show stats on stgdb_dv4.WI_HIERARCHY_MONTH_RSTMNTS;

2020-07-27 16:13:58,608 - teradata.udaexec - INFO - Query Successful. Duration: 0.265 seconds, Rows: 1, Query: show stats on stgdb_dv4.DR_FINHIST_TEMP;

2020-07-27 16:13:59,135 - teradata.udaexec - ERROR - Query Failed! Duration: 0.262 seconds, Query: show stats on stgdb_dv4.WI_SUMMARY_SLS_ADJSTMT_DUPS;
Traceback (most recent call last):
  File "C:\Users\vkadimis\AppData\Local\Programs\Python\Python37\lib\site-packages\teradata\udaexec.py", line 790, in _execute
    func(query, params, **kwargs)
  File "C:\Users\vkadimis\AppData\Local\Programs\Python\Python37\lib\site-packages\teradata\tdodbc.py", line 614, in execute
    checkStatus(rc, hStmt=self.hStmt, method="SQLExecDirectW")
  File "C:\Users\vkadimis\AppData\Local\Programs\Python\Python37\lib\site-packages\teradata\tdodbc.py", line 231, in checkStatus
    raise DatabaseError(i[2], u"[{}] {}".format(i[0], msg), i[0])
teradata.api.DatabaseError: (3624, '[HY000] [Teradata][ODBC Teradata Driver][Teradata Database] There are no statistics defined for the table. ')
2020-07-27 16:13:59,410 - teradata.udaexec - INFO - Query Successful. Duration: 0.271 seconds, Rows: 1, Query: show stats on stgdb_dv4.WI_SUMMARY_SLS_ADJSTMT;

2020-07-27 16:13:59,935 - teradata.udaexec - INFO - Query Successful. Duration: 0.265 seconds, Rows: 1, Query: show stats on stgdb_dv4.WI_DYN_RESTMT_SLS_ADJSTMT_ERP;

2020-07-27 16:14:00,465 - teradata.udaexec - INFO - Query Successful. Duration: 0.268 seconds, Rows: 1, Query: show stats on stgdb_dv4.WI_DYN_RESTMT_SLS_ADJSTMT_FNL;

2020-07-27 16:14:00,995 - teradata.udaexec - INFO - Query Successful. Duration: 0.265 seconds, Rows: 1, Query: show stats on stgdb_dv4.WI_DYN_RESTMT_SLS_ADJSTMT;

2020-07-27 16:14:01,526 - teradata.udaexec - INFO - Query Successful. Duration: 0.265 seconds, Rows: 1, Query: show stats on stgdb_dv4.WI_DYN_RESTMT_SLS_ADJ_UPLD;

2020-07-27 16:14:02,170 - teradata.udaexec - INFO - Query Successful. Duration: 0.262 seconds, Rows: 1, Query: show stats on stgdb_dv4.WI_MEDIUM_PRE_RPT;

2020-07-27 16:14:02,698 - teradata.udaexec - INFO - Query Successful. Duration: 0.262 seconds, Rows: 1, Query: show stats on stgdb_dv4.WI_MEDIUM_RPT_DRR;

2020-07-27 16:14:03,262 - teradata.udaexec - INFO - Query Successful. Duration: 0.306 seconds, Rows: 1, Query: show stats on stgdb_dv4.ST_DRR_PL_LOV_DETAILS;

2020-07-27 16:14:03,803 - teradata.udaexec - INFO - Query Successful. Duration: 0.280 seconds, Rows: 1, Query: show stats on stgdb_dv4.ST_DRR_PL_RULES_FDRR;

2020-07-27 16:14:04,351 - teradata.udaexec - INFO - Query Successful. Duration: 0.284 seconds, Rows: 1, Query: show stats on stgdb_dv4.WI_CURRENT_ACTIVE_TERRITORY_FDRR;

2020-07-27 16:14:04,892 - teradata.udaexec - INFO - Query Successful. Duration: 0.281 seconds, Rows: 1, Query: show stats on stgdb_dv4.WI_DRR_BOOKINGS_INCRMENTAL_FDRR;

2020-07-27 16:14:05,453 - teradata.udaexec - INFO - Query Successful. Duration: 0.302 seconds, Rows: 1, Query: show stats on stgdb_dv4.WI_DRR_BOOKINGS_MEASURE_INCR_FDRR;

2020-07-27 16:14:06,003 - teradata.udaexec - INFO - Query Successful. Duration: 0.287 seconds, Rows: 1, Query: show stats on stgdb_dv4.WI_DRR_FA_R14_SHR_DNR_FNL_F_FDRR;

2020-07-27 16:14:06,625 - teradata.udaexec - INFO - Query Successful. Duration: 0.294 seconds, Rows: 1, Query: show stats on stgdb_dv4.WI_DRR_FA_R14_SHR_DNR_FNL_FDRR;

2020-07-27 16:14:07,166 - teradata.udaexec - INFO - Query Successful. Duration: 0.279 seconds, Rows: 1, Query: show stats on stgdb_dv4.WI_DRR_FA_R14_SHR_DNR_FNL_R_FDRR;

2020-07-27 16:14:07,710 - teradata.udaexec - INFO - Query Successful. Duration: 0.284 seconds, Rows: 1, Query: show stats on stgdb_dv4.WI_DRR_MT_SLS_ACNT_RSTD_INCR_FDRR;

2020-07-27 16:14:08,256 - teradata.udaexec - INFO - Query Successful. Duration: 0.288 seconds, Rows: 1, Query: show stats on stgdb_dv4.WI_DRR_NG_FA_R14_SHR_DNR_DEL_FDRR;

2020-07-27 16:14:08,794 - teradata.udaexec - INFO - Query Successful. Duration: 0.277 seconds, Rows: 1, Query: show stats on stgdb_dv4.WI_DRR_NG_FA_R14_SHR_DNR_FDRR;

2020-07-27 16:14:09,334 - teradata.udaexec - INFO - Query Successful. Duration: 0.280 seconds, Rows: 1, Query: show stats on stgdb_dv4.WI_DRR_PL_DELTA_FDRR;

2020-07-27 16:14:09,874 - teradata.udaexec - INFO - Query Successful. Duration: 0.278 seconds, Rows: 1, Query: show stats on stgdb_dv4.WI_DRR_PL_DELTA_1_FDRR;

2020-07-27 16:14:10,412 - teradata.udaexec - INFO - Query Successful. Duration: 0.276 seconds, Rows: 1, Query: show stats on stgdb_dv4.WI_DRR_PL_DELTA_2_FDRR;

2020-07-27 16:14:10,954 - teradata.udaexec - INFO - Query Successful. Duration: 0.283 seconds, Rows: 1, Query: show stats on stgdb_dv4.WI_DRR_PL_RULES_DENORM_FDRR;

2020-07-27 16:14:11,493 - teradata.udaexec - INFO - Query Successful. Duration: 0.280 seconds, Rows: 1, Query: show stats on stgdb_dv4.WI_DRR_PL_RULES_DENORM_BKP_FDRR;

2020-07-27 16:14:12,050 - teradata.udaexec - INFO - Query Successful. Duration: 0.293 seconds, Rows: 1, Query: show stats on stgdb_dv4.WI_DRR_SALES_ACCOUNT_MEASURE_FDRR;

2020-07-27 16:14:12,584 - teradata.udaexec - INFO - Query Successful. Duration: 0.275 seconds, Rows: 1, Query: show stats on stgdb_dv4.WI_DRR_SALES_ACNT_MEASURE_FNL_FDRR;

2020-07-27 16:14:13,127 - teradata.udaexec - INFO - Query Successful. Duration: 0.285 seconds, Rows: 1, Query: show stats on stgdb_dv4.WI_DRR_SALES_ACNT_MEASURE_FNL1_FDRR;

2020-07-27 16:14:13,686 - teradata.udaexec - INFO - Query Successful. Duration: 0.300 seconds, Rows: 1, Query: show stats on stgdb_dv4.WI_DRR_SALES_ACNT_MSRE_FNL_DEL_FDRR;

2020-07-27 16:14:14,235 - teradata.udaexec - INFO - Query Successful. Duration: 0.281 seconds, Rows: 1, Query: show stats on stgdb_dv4.WI_DRR_SYSVIEW_PARTY_FDRR;

2020-07-27 16:14:14,793 - teradata.udaexec - INFO - Query Successful. Duration: 0.297 seconds, Rows: 1, Query: show stats on stgdb_dv4.WI_DRR_SYSVIEW_PARTY_BKP_FDRR;

2020-07-27 16:14:15,343 - teradata.udaexec - INFO - Query Successful. Duration: 0.291 seconds, Rows: 1, Query: show stats on stgdb_dv4.WI_DRR_SYSVW_PARTY_OWN_TER_CHK_FDRR;

2020-07-27 16:14:15,879 - teradata.udaexec - INFO - Query Successful. Duration: 0.274 seconds, Rows: 1, Query: show stats on stgdb_dv4.WI_FIN_ADJ_BOOKINGS_ACTIVE_FDRR;

2020-07-27 16:14:16,450 - teradata.udaexec - INFO - Query Successful. Duration: 0.303 seconds, Rows: 1, Query: show stats on stgdb_dv4.WI_FIN_ADJ_BOOKINGS_ACTIVE_R14_FDRR;

2020-07-27 16:14:17,010 - teradata.udaexec - INFO - Query Successful. Duration: 0.293 seconds, Rows: 1, Query: show stats on stgdb_dv4.WI_FIN_ADJ_BOOKINGS_ALL_FDRR;

2020-07-27 16:14:17,574 - teradata.udaexec - INFO - Query Successful. Duration: 0.305 seconds, Rows: 1, Query: show stats on stgdb_dv4.WI_FIN_ADJ_BOOKINGS_R14_ALL_FDRR;

2020-07-27 16:14:18,115 - teradata.udaexec - INFO - Query Successful. Duration: 0.279 seconds, Rows: 1, Query: show stats on stgdb_dv4.WI_PARTNER_CHANGE_FDRR;

2020-07-27 16:14:18,655 - teradata.udaexec - INFO - Query Successful. Duration: 0.277 seconds, Rows: 1, Query: show stats on stgdb_dv4.WI_SHARE_NON_DNR_DEL_FDRR;

2020-07-27 16:14:19,191 - teradata.udaexec - INFO - Query Successful. Duration: 0.275 seconds, Rows: 1, Query: show stats on stgdb_dv4.ST_DRR_PL_RULES;

2020-07-27 16:14:19,782 - teradata.udaexec - INFO - Query Successful. Duration: 0.295 seconds, Rows: 1, Query: show stats on stgdb_dv4.WI_CURRENT_ACTIVE_TERRITORY;

2020-07-27 16:14:20,445 - teradata.udaexec - INFO - Query Successful. Duration: 0.274 seconds, Rows: 1, Query: show stats on stgdb_dv4.WI_DRR_BOOKINGS_INCRMENTAL;

2020-07-27 16:14:21,123 - teradata.udaexec - INFO - Query Successful. Duration: 0.293 seconds, Rows: 1, Query: show stats on stgdb_dv4.WI_DRR_BOOKINGS_MEASURE_INCR;

2020-07-27 16:14:21,648 - teradata.udaexec - INFO - Query Successful. Duration: 0.262 seconds, Rows: 1, Query: show stats on stgdb_dv4.WI_DRR_FA_R14_SHR_DNR_FNL;

2020-07-27 16:14:22,172 - teradata.udaexec - INFO - Query Successful. Duration: 0.261 seconds, Rows: 1, Query: show stats on stgdb_dv4.WI_DRR_FA_R14_SHR_DNR_FNL_F;

2020-07-27 16:14:22,719 - teradata.udaexec - INFO - Query Successful. Duration: 0.275 seconds, Rows: 1, Query: show stats on stgdb_dv4.WI_DRR_FA_R14_SHR_DNR_FNL_R;

2020-07-27 16:14:23,263 - teradata.udaexec - INFO - Query Successful. Duration: 0.281 seconds, Rows: 1, Query: show stats on stgdb_dv4.WI_DRR_MT_SLS_ACNT_RSTD_INCR;

2020-07-27 16:14:23,802 - teradata.udaexec - INFO - Query Successful. Duration: 0.278 seconds, Rows: 1, Query: show stats on stgdb_dv4.WI_DRR_NG_FA_R14_SHR_DNR;

2020-07-27 16:14:24,341 - teradata.udaexec - INFO - Query Successful. Duration: 0.277 seconds, Rows: 1, Query: show stats on stgdb_dv4.WI_DRR_NG_FA_R14_SHR_DNR_DEL;

2020-07-27 16:14:24,884 - teradata.udaexec - INFO - Query Successful. Duration: 0.282 seconds, Rows: 1, Query: show stats on stgdb_dv4.WI_DRR_PL_DELTA;

2020-07-27 16:14:25,420 - teradata.udaexec - INFO - Query Successful. Duration: 0.278 seconds, Rows: 1, Query: show stats on stgdb_dv4.WI_DRR_PL_DELTA_1;

2020-07-27 16:14:26,015 - teradata.udaexec - INFO - Query Successful. Duration: 0.317 seconds, Rows: 1, Query: show stats on stgdb_dv4.WI_DRR_PL_DELTA_2;

2020-07-27 16:14:26,566 - teradata.udaexec - INFO - Query Successful. Duration: 0.288 seconds, Rows: 1, Query: show stats on stgdb_dv4.WI_DRR_PL_RULES_DENORM;

2020-07-27 16:14:27,106 - teradata.udaexec - INFO - Query Successful. Duration: 0.279 seconds, Rows: 1, Query: show stats on stgdb_dv4.WI_DRR_PL_RULES_DENORM_BKP;

2020-07-27 16:14:27,662 - teradata.udaexec - INFO - Query Successful. Duration: 0.295 seconds, Rows: 1, Query: show stats on stgdb_dv4.WI_DRR_SALES_ACCOUNT_MEASURE;

2020-07-27 16:14:28,184 - teradata.udaexec - INFO - Query Successful. Duration: 0.260 seconds, Rows: 1, Query: show stats on stgdb_dv4.WI_DRR_SALES_ACNT_MEASURE_FNL;

2020-07-27 16:14:28,730 - teradata.udaexec - INFO - Query Successful. Duration: 0.279 seconds, Rows: 1, Query: show stats on stgdb_dv4.WI_DRR_SALES_ACNT_MEASURE_FNL1;

2020-07-27 16:14:29,278 - teradata.udaexec - INFO - Query Successful. Duration: 0.284 seconds, Rows: 1, Query: show stats on stgdb_dv4.WI_DRR_SALES_ACNT_MSRE_FNL_DEL;

2020-07-27 16:14:29,802 - teradata.udaexec - INFO - Query Successful. Duration: 0.260 seconds, Rows: 1, Query: show stats on stgdb_dv4.WI_DRR_SYSVIEW_PARTY;

2020-07-27 16:14:30,344 - teradata.udaexec - INFO - Query Successful. Duration: 0.282 seconds, Rows: 1, Query: show stats on stgdb_dv4.WI_DRR_SYSVIEW_PARTY_BKP;

2020-07-27 16:14:30,903 - teradata.udaexec - INFO - Query Successful. Duration: 0.294 seconds, Rows: 1, Query: show stats on stgdb_dv4.WI_DRR_SYSVW_PARTY_OWN_TER_CHK;

2020-07-27 16:14:31,826 - teradata.udaexec - INFO - Query Successful. Duration: 0.319 seconds, Rows: 1, Query: show stats on stgdb_dv4.WI_FIN_ADJ_BOOKINGS_ACTIVE;

2020-07-27 16:14:32,401 - teradata.udaexec - INFO - Query Successful. Duration: 0.297 seconds, Rows: 1, Query: show stats on stgdb_dv4.WI_FIN_ADJ_BOOKINGS_ACTIVE_R14;

2020-07-27 16:14:32,927 - teradata.udaexec - INFO - Query Successful. Duration: 0.263 seconds, Rows: 1, Query: show stats on stgdb_dv4.WI_FIN_ADJ_BOOKINGS_ALL;

2020-07-27 16:14:33,456 - teradata.udaexec - INFO - Query Successful. Duration: 0.259 seconds, Rows: 1, Query: show stats on stgdb_dv4.WI_FIN_ADJ_BOOKINGS_R14_ALL;

2020-07-27 16:14:34,000 - teradata.udaexec - INFO - Query Successful. Duration: 0.281 seconds, Rows: 1, Query: show stats on stgdb_dv4.WI_PARTNER_CHANGE;

2020-07-27 16:14:34,553 - teradata.udaexec - INFO - Query Successful. Duration: 0.291 seconds, Rows: 1, Query: show stats on stgdb_dv4.WI_SHARE_NON_DNR_DEL;
2020-07-27 16:14:40,109 - teradata.udaexec - INFO - UdaExec exiting.
